Determining if the function crc32c_value exists in the crc32c failed with the following output:
Change Dir: /home/jeff-wang/LSM-tuning/comparedDBs/leveldb/release/CMakeFiles/CMakeTmp

Run Build Command(s):/usr/bin/gmake -f Makefile cmTC_5484f/fast && /usr/bin/gmake  -f CMakeFiles/cmTC_5484f.dir/build.make CMakeFiles/cmTC_5484f.dir/build
gmake[1]: Entering directory '/home/jeff-wang/LSM-tuning/comparedDBs/leveldb/release/CMakeFiles/CMakeTmp'
Building C object CMakeFiles/cmTC_5484f.dir/CheckFunctionExists.c.o
/usr/bin/cc   -DCHECK_FUNCTION_EXISTS=crc32c_value -std=c11 -o CMakeFiles/cmTC_5484f.dir/CheckFunctionExists.c.o -c /usr/share/cmake-3.22/Modules/CheckFunctionExists.c
Linking C executable cmTC_5484f
/usr/bin/cmake -E cmake_link_script CMakeFiles/cmTC_5484f.dir/link.txt --verbose=1
/usr/bin/cc  -DCHECK_FUNCTION_EXISTS=crc32c_value CMakeFiles/cmTC_5484f.dir/CheckFunctionExists.c.o -o cmTC_5484f  -lcrc32c 
/usr/bin/ld: cannot find -lcrc32c: No such file or directory
collect2: error: ld returned 1 exit status
gmake[1]: *** [CMakeFiles/cmTC_5484f.dir/build.make:99: cmTC_5484f] Error 1
gmake[1]: Leaving directory '/home/jeff-wang/LSM-tuning/comparedDBs/leveldb/release/CMakeFiles/CMakeTmp'
gmake: *** [Makefile:127: cmTC_5484f/fast] Error 2



Determining if the function zstd_compress exists in the zstd failed with the following output:
Change Dir: /home/jeff-wang/LSM-tuning/comparedDBs/leveldb/release/CMakeFiles/CMakeTmp

Run Build Command(s):/usr/bin/gmake -f Makefile cmTC_96b76/fast && /usr/bin/gmake  -f CMakeFiles/cmTC_96b76.dir/build.make CMakeFiles/cmTC_96b76.dir/build
gmake[1]: Entering directory '/home/jeff-wang/LSM-tuning/comparedDBs/leveldb/release/CMakeFiles/CMakeTmp'
Building C object CMakeFiles/cmTC_96b76.dir/CheckFunctionExists.c.o
/usr/bin/cc   -DCHECK_FUNCTION_EXISTS=zstd_compress -std=c11 -o CMakeFiles/cmTC_96b76.dir/CheckFunctionExists.c.o -c /usr/share/cmake-3.22/Modules/CheckFunctionExists.c
Linking C executable cmTC_96b76
/usr/bin/cmake -E cmake_link_script CMakeFiles/cmTC_96b76.dir/link.txt --verbose=1
/usr/bin/cc  -DCHECK_FUNCTION_EXISTS=zstd_compress CMakeFiles/cmTC_96b76.dir/CheckFunctionExists.c.o -o cmTC_96b76  -lzstd 
/usr/bin/ld: CMakeFiles/cmTC_96b76.dir/CheckFunctionExists.c.o: in function `main':
CheckFunctionExists.c:(.text+0x14): undefined reference to `zstd_compress'
collect2: error: ld returned 1 exit status
gmake[1]: *** [CMakeFiles/cmTC_96b76.dir/build.make:99: cmTC_96b76] Error 1
gmake[1]: Leaving directory '/home/jeff-wang/LSM-tuning/comparedDBs/leveldb/release/CMakeFiles/CMakeTmp'
gmake: *** [Makefile:127: cmTC_96b76/fast] Error 2



Determining if the F_FULLFSYNC exist failed with the following output:
Change Dir: /home/jeff-wang/LSM-tuning/comparedDBs/leveldb/release/CMakeFiles/CMakeTmp

Run Build Command(s):/usr/bin/gmake -f Makefile cmTC_c6a6b/fast && /usr/bin/gmake  -f CMakeFiles/cmTC_c6a6b.dir/build.make CMakeFiles/cmTC_c6a6b.dir/build
gmake[1]: Entering directory '/home/jeff-wang/LSM-tuning/comparedDBs/leveldb/release/CMakeFiles/CMakeTmp'
Building CXX object CMakeFiles/cmTC_c6a6b.dir/CheckSymbolExists.cxx.o
/usr/bin/c++   -std=c++11 -o CMakeFiles/cmTC_c6a6b.dir/CheckSymbolExists.cxx.o -c /home/jeff-wang/LSM-tuning/comparedDBs/leveldb/release/CMakeFiles/CMakeTmp/CheckSymbolExists.cxx
/home/jeff-wang/LSM-tuning/comparedDBs/leveldb/release/CMakeFiles/CMakeTmp/CheckSymbolExists.cxx: In function ‘int main(int, char**)’:
/home/jeff-wang/LSM-tuning/comparedDBs/leveldb/release/CMakeFiles/CMakeTmp/CheckSymbolExists.cxx:8:19: error: ‘F_FULLFSYNC’ was not declared in this scope
    8 |   return ((int*)(&F_FULLFSYNC))[argc];
      |                   ^~~~~~~~~~~
gmake[1]: *** [CMakeFiles/cmTC_c6a6b.dir/build.make:78: CMakeFiles/cmTC_c6a6b.dir/CheckSymbolExists.cxx.o] Error 1
gmake[1]: Leaving directory '/home/jeff-wang/LSM-tuning/comparedDBs/leveldb/release/CMakeFiles/CMakeTmp'
gmake: *** [Makefile:127: cmTC_c6a6b/fast] Error 2


File /home/jeff-wang/LSM-tuning/comparedDBs/leveldb/release/CMakeFiles/CMakeTmp/CheckSymbolExists.cxx:
/* */
#include <fcntl.h>

int main(int argc, char** argv)
{
  (void)argv;
#ifndef F_FULLFSYNC
  return ((int*)(&F_FULLFSYNC))[argc];
#else
  (void)argc;
  return 0;
#endif
}
Performing C++ SOURCE FILE Test HAVE_CLANG_THREAD_SAFETY failed with the following output:
Change Dir: /home/jeff-wang/LSM-tuning/comparedDBs/leveldb/release/CMakeFiles/CMakeTmp

Run Build Command(s):/usr/bin/gmake -f Makefile cmTC_4e399/fast && /usr/bin/gmake  -f CMakeFiles/cmTC_4e399.dir/build.make CMakeFiles/cmTC_4e399.dir/build
gmake[1]: Entering directory '/home/jeff-wang/LSM-tuning/comparedDBs/leveldb/release/CMakeFiles/CMakeTmp'
Building CXX object CMakeFiles/cmTC_4e399.dir/src.cxx.o
/usr/bin/c++ -DHAVE_CLANG_THREAD_SAFETY  -fno-exceptions -fno-rtti    -Wthread-safety -std=c++11 -o CMakeFiles/cmTC_4e399.dir/src.cxx.o -c /home/jeff-wang/LSM-tuning/comparedDBs/leveldb/release/CMakeFiles/CMakeTmp/src.cxx
c++: error: unrecognized command-line option '-Wthread-safety'
gmake[1]: *** [CMakeFiles/cmTC_4e399.dir/build.make:78: CMakeFiles/cmTC_4e399.dir/src.cxx.o] Error 1
gmake[1]: Leaving directory '/home/jeff-wang/LSM-tuning/comparedDBs/leveldb/release/CMakeFiles/CMakeTmp'
gmake: *** [Makefile:127: cmTC_4e399/fast] Error 2


Source file was:
int main() { return 0; }
Performing C++ SOURCE FILE Test HAVE_CXX_FLAG_WSHORTEN_64_TO_32 failed with the following output:
Change Dir: /home/jeff-wang/LSM-tuning/comparedDBs/leveldb/release/CMakeFiles/CMakeTmp

Run Build Command(s):/usr/bin/gmake -f Makefile cmTC_27074/fast && /usr/bin/gmake  -f CMakeFiles/cmTC_27074.dir/build.make CMakeFiles/cmTC_27074.dir/build
gmake[1]: Entering directory '/home/jeff-wang/LSM-tuning/comparedDBs/leveldb/release/CMakeFiles/CMakeTmp'
Building CXX object CMakeFiles/cmTC_27074.dir/src.cxx.o
/usr/bin/c++ -DHAVE_CXX_FLAG_WSHORTEN_64_TO_32  -fno-exceptions -fno-rtti  -Wall  -Wextra  -Wshadow  -Wfloat-equal  -Werror  -Wsuggest-override  -pedantic  -pedantic-errors  -Wshorten-64-to-32   -Wshorten-64-to-32 -std=c++11 -o CMakeFiles/cmTC_27074.dir/src.cxx.o -c /home/jeff-wang/LSM-tuning/comparedDBs/leveldb/release/CMakeFiles/CMakeTmp/src.cxx
c++: error: unrecognized command-line option '-Wshorten-64-to-32'
c++: error: unrecognized command-line option '-Wshorten-64-to-32'
gmake[1]: *** [CMakeFiles/cmTC_27074.dir/build.make:78: CMakeFiles/cmTC_27074.dir/src.cxx.o] Error 1
gmake[1]: Leaving directory '/home/jeff-wang/LSM-tuning/comparedDBs/leveldb/release/CMakeFiles/CMakeTmp'
gmake: *** [Makefile:127: cmTC_27074/fast] Error 2


Source file was:
int main() { return 0; }
Performing C++ SOURCE FILE Test HAVE_CXX_FLAG_WD654 failed with the following output:
Change Dir: /home/jeff-wang/LSM-tuning/comparedDBs/leveldb/release/CMakeFiles/CMakeTmp

Run Build Command(s):/usr/bin/gmake -f Makefile cmTC_07abf/fast && /usr/bin/gmake  -f CMakeFiles/cmTC_07abf.dir/build.make CMakeFiles/cmTC_07abf.dir/build
gmake[1]: Entering directory '/home/jeff-wang/LSM-tuning/comparedDBs/leveldb/release/CMakeFiles/CMakeTmp'
Building CXX object CMakeFiles/cmTC_07abf.dir/src.cxx.o
/usr/bin/c++ -DHAVE_CXX_FLAG_WD654  -fno-exceptions -fno-rtti  -Wall  -Wextra  -Wshadow  -Wfloat-equal  -Werror  -Wsuggest-override  -pedantic  -pedantic-errors  -fstrict-aliasing  -Wno-deprecated-declarations  -Wno-deprecated  -fno-exceptions  -Wstrict-aliasing  -wd654   -wd654 -std=c++11 -o CMakeFiles/cmTC_07abf.dir/src.cxx.o -c /home/jeff-wang/LSM-tuning/comparedDBs/leveldb/release/CMakeFiles/CMakeTmp/src.cxx
c++: error: unrecognized command-line option '-wd654'
c++: error: unrecognized command-line option '-wd654'
gmake[1]: *** [CMakeFiles/cmTC_07abf.dir/build.make:78: CMakeFiles/cmTC_07abf.dir/src.cxx.o] Error 1
gmake[1]: Leaving directory '/home/jeff-wang/LSM-tuning/comparedDBs/leveldb/release/CMakeFiles/CMakeTmp'
gmake: *** [Makefile:127: cmTC_07abf/fast] Error 2


Source file was:
int main() { return 0; }
Performing C++ SOURCE FILE Test HAVE_CXX_FLAG_WTHREAD_SAFETY failed with the following output:
Change Dir: /home/jeff-wang/LSM-tuning/comparedDBs/leveldb/release/CMakeFiles/CMakeTmp

Run Build Command(s):/usr/bin/gmake -f Makefile cmTC_01cb8/fast && /usr/bin/gmake  -f CMakeFiles/cmTC_01cb8.dir/build.make CMakeFiles/cmTC_01cb8.dir/build
gmake[1]: Entering directory '/home/jeff-wang/LSM-tuning/comparedDBs/leveldb/release/CMakeFiles/CMakeTmp'
Building CXX object CMakeFiles/cmTC_01cb8.dir/src.cxx.o
/usr/bin/c++ -DHAVE_CXX_FLAG_WTHREAD_SAFETY  -fno-exceptions -fno-rtti  -Wall  -Wextra  -Wshadow  -Wfloat-equal  -Werror  -Wsuggest-override  -pedantic  -pedantic-errors  -fstrict-aliasing  -Wno-deprecated-declarations  -Wno-deprecated  -fno-exceptions  -Wstrict-aliasing  -Wthread-safety   -Wthread-safety -std=c++11 -o CMakeFiles/cmTC_01cb8.dir/src.cxx.o -c /home/jeff-wang/LSM-tuning/comparedDBs/leveldb/release/CMakeFiles/CMakeTmp/src.cxx
c++: error: unrecognized command-line option '-Wthread-safety'
c++: error: unrecognized command-line option '-Wthread-safety'
gmake[1]: *** [CMakeFiles/cmTC_01cb8.dir/build.make:78: CMakeFiles/cmTC_01cb8.dir/src.cxx.o] Error 1
gmake[1]: Leaving directory '/home/jeff-wang/LSM-tuning/comparedDBs/leveldb/release/CMakeFiles/CMakeTmp'
gmake: *** [Makefile:127: cmTC_01cb8/fast] Error 2


Source file was:
int main() { return 0; }
Performing C++ SOURCE FILE Test HAVE_KYOTOCABINET failed with the following output:
Change Dir: /home/jeff-wang/LSM-tuning/comparedDBs/leveldb/release/CMakeFiles/CMakeTmp

Run Build Command(s):/usr/bin/gmake -f Makefile cmTC_b0264/fast && /usr/bin/gmake  -f CMakeFiles/cmTC_b0264.dir/build.make CMakeFiles/cmTC_b0264.dir/build
gmake[1]: Entering directory '/home/jeff-wang/LSM-tuning/comparedDBs/leveldb/release/CMakeFiles/CMakeTmp'
Building CXX object CMakeFiles/cmTC_b0264.dir/src.cxx.o
/usr/bin/c++ -DHAVE_KYOTOCABINET  -fno-exceptions -fno-rtti  -std=c++11 -o CMakeFiles/cmTC_b0264.dir/src.cxx.o -c /home/jeff-wang/LSM-tuning/comparedDBs/leveldb/release/CMakeFiles/CMakeTmp/src.cxx
/home/jeff-wang/LSM-tuning/comparedDBs/leveldb/release/CMakeFiles/CMakeTmp/src.cxx:2:10: fatal error: kcpolydb.h: No such file or directory
    2 | #include <kcpolydb.h>
      |          ^~~~~~~~~~~~
compilation terminated.
gmake[1]: *** [CMakeFiles/cmTC_b0264.dir/build.make:78: CMakeFiles/cmTC_b0264.dir/src.cxx.o] Error 1
gmake[1]: Leaving directory '/home/jeff-wang/LSM-tuning/comparedDBs/leveldb/release/CMakeFiles/CMakeTmp'
gmake: *** [Makefile:127: cmTC_b0264/fast] Error 2


Source file was:

#include <kcpolydb.h>

int main() {
  kyotocabinet::TreeDB* db = new kyotocabinet::TreeDB();
  delete db;
  return 0;
}
  
