The system is: Linux - 6.8.0-49-generic - x86_64
Compiling the C compiler identification source file "CMakeCCompilerId.c" succeeded.
Compiler: /usr/bin/cc 
Build flags: 
Id flags:  

The output was:
0


Compilation of the C compiler identification source "CMakeCCompilerId.c" produced "a.out"

The C compiler identification is GNU, found in "/home/jeff-wang/LSM-tuning/comparedDBs/leveldb/build_release_f_10_C0_5000/CMakeFiles/3.22.1/CompilerIdC/a.out"

Compiling the CXX compiler identification source file "CMakeCXXCompilerId.cpp" succeeded.
Compiler: /usr/bin/c++ 
Build flags: 
Id flags:  

The output was:
0


Compilation of the CXX compiler identification source "CMakeCXXCompilerId.cpp" produced "a.out"

The CXX compiler identification is GNU, found in "/home/jeff-wang/LSM-tuning/comparedDBs/leveldb/build_release_f_10_C0_5000/CMakeFiles/3.22.1/CompilerIdCXX/a.out"

Detecting C compiler ABI info compiled with the following output:
Change Dir: /home/jeff-wang/LSM-tuning/comparedDBs/leveldb/build_release_f_10_C0_5000/CMakeFiles/CMakeTmp

Run Build Command(s):/usr/bin/gmake -f Makefile cmTC_81b9e/fast && /usr/bin/gmake  -f CMakeFiles/cmTC_81b9e.dir/build.make CMakeFiles/cmTC_81b9e.dir/build
gmake[1]: Entering directory '/home/jeff-wang/LSM-tuning/comparedDBs/leveldb/build_release_f_10_C0_5000/CMakeFiles/CMakeTmp'
Building C object CMakeFiles/cmTC_81b9e.dir/CMakeCCompilerABI.c.o
/usr/bin/cc   -v -o CMakeFiles/cmTC_81b9e.dir/CMakeCCompilerABI.c.o -c /usr/share/cmake-3.22/Modules/CMakeCCompilerABI.c
Using built-in specs.
COLLECT_GCC=/usr/bin/cc
OFFLOAD_TARGET_NAMES=nvptx-none:amdgcn-amdhsa
OFFLOAD_TARGET_DEFAULT=1
Target: x86_64-linux-gnu
Configured with: ../src/configure -v --with-pkgversion='Ubuntu 11.4.0-1ubuntu1~22.04' --with-bugurl=file:///usr/share/doc/gcc-11/README.Bugs --enable-languages=c,ada,c++,go,brig,d,fortran,objc,obj-c++,m2 --prefix=/usr --with-gcc-major-version-only --program-suffix=-11 --program-prefix=x86_64-linux-gnu- --enable-shared --enable-linker-build-id --libexecdir=/usr/lib --without-included-gettext --enable-threads=posix --libdir=/usr/lib --enable-nls --enable-bootstrap --enable-clocale=gnu --enable-libstdcxx-debug --enable-libstdcxx-time=yes --with-default-libstdcxx-abi=new --enable-gnu-unique-object --disable-vtable-verify --enable-plugin --enable-default-pie --with-system-zlib --enable-libphobos-checking=release --with-target-system-zlib=auto --enable-objc-gc=auto --enable-multiarch --disable-werror --enable-cet --with-arch-32=i686 --with-abi=m64 --with-multilib-list=m32,m64,mx32 --enable-multilib --with-tune=generic --enable-offload-targets=nvptx-none=/build/gcc-11-XeT9lY/gcc-11-11.4.0/debian/tmp-nvptx/usr,amdgcn-amdhsa=/build/gcc-11-XeT9lY/gcc-11-11.4.0/debian/tmp-gcn/usr --without-cuda-driver --enable-checking=release --build=x86_64-linux-gnu --host=x86_64-linux-gnu --target=x86_64-linux-gnu --with-build-config=bootstrap-lto-lean --enable-link-serialization=2
Thread model: posix
Supported LTO compression algorithms: zlib zstd
gcc version 11.4.0 (Ubuntu 11.4.0-1ubuntu1~22.04) 
COLLECT_GCC_OPTIONS='-v' '-o' 'CMakeFiles/cmTC_81b9e.dir/CMakeCCompilerABI.c.o' '-c' '-mtune=generic' '-march=x86-64' '-dumpdir' 'CMakeFiles/cmTC_81b9e.dir/'
 /usr/lib/gcc/x86_64-linux-gnu/11/cc1 -quiet -v -imultiarch x86_64-linux-gnu /usr/share/cmake-3.22/Modules/CMakeCCompilerABI.c -quiet -dumpdir CMakeFiles/cmTC_81b9e.dir/ -dumpbase CMakeCCompilerABI.c.c -dumpbase-ext .c -mtune=generic -march=x86-64 -version -fasynchronous-unwind-tables -fstack-protector-strong -Wformat -Wformat-security -fstack-clash-protection -fcf-protection -o /tmp/ccZCyR5Y.s
GNU C17 (Ubuntu 11.4.0-1ubuntu1~22.04) version 11.4.0 (x86_64-linux-gnu)
	compiled by GNU C version 11.4.0, GMP version 6.2.1, MPFR version 4.1.0, MPC version 1.2.1, isl version isl-0.24-GMP

GGC heuristics: --param ggc-min-expand=100 --param ggc-min-heapsize=131072
ignoring nonexistent directory "/usr/local/include/x86_64-linux-gnu"
ignoring nonexistent directory "/usr/lib/gcc/x86_64-linux-gnu/11/include-fixed"
ignoring nonexistent directory "/usr/lib/gcc/x86_64-linux-gnu/11/../../../../x86_64-linux-gnu/include"
#include "..." search starts here:
#include <...> search starts here:
 /usr/lib/gcc/x86_64-linux-gnu/11/include
 /usr/local/include
 /usr/include/x86_64-linux-gnu
 /usr/include
End of search list.
GNU C17 (Ubuntu 11.4.0-1ubuntu1~22.04) version 11.4.0 (x86_64-linux-gnu)
	compiled by GNU C version 11.4.0, GMP version 6.2.1, MPFR version 4.1.0, MPC version 1.2.1, isl version isl-0.24-GMP

GGC heuristics: --param ggc-min-expand=100 --param ggc-min-heapsize=131072
Compiler executable checksum: 50eaa2331df977b8016186198deb2d18
COLLECT_GCC_OPTIONS='-v' '-o' 'CMakeFiles/cmTC_81b9e.dir/CMakeCCompilerABI.c.o' '-c' '-mtune=generic' '-march=x86-64' '-dumpdir' 'CMakeFiles/cmTC_81b9e.dir/'
 as -v --64 -o CMakeFiles/cmTC_81b9e.dir/CMakeCCompilerABI.c.o /tmp/ccZCyR5Y.s
GNU assembler version 2.38 (x86_64-linux-gnu) using BFD version (GNU Binutils for Ubuntu) 2.38
COMPILER_PATH=/usr/lib/gcc/x86_64-linux-gnu/11/:/usr/lib/gcc/x86_64-linux-gnu/11/:/usr/lib/gcc/x86_64-linux-gnu/:/usr/lib/gcc/x86_64-linux-gnu/11/:/usr/lib/gcc/x86_64-linux-gnu/
LIBRARY_PATH=/usr/lib/gcc/x86_64-linux-gnu/11/:/usr/lib/gcc/x86_64-linux-gnu/11/../../../x86_64-linux-gnu/:/usr/lib/gcc/x86_64-linux-gnu/11/../../../../lib/:/lib/x86_64-linux-gnu/:/lib/../lib/:/usr/lib/x86_64-linux-gnu/:/usr/lib/../lib/:/usr/lib/gcc/x86_64-linux-gnu/11/../../../:/lib/:/usr/lib/
COLLECT_GCC_OPTIONS='-v' '-o' 'CMakeFiles/cmTC_81b9e.dir/CMakeCCompilerABI.c.o' '-c' '-mtune=generic' '-march=x86-64' '-dumpdir' 'CMakeFiles/cmTC_81b9e.dir/CMakeCCompilerABI.c.'
Linking C executable cmTC_81b9e
/usr/bin/cmake -E cmake_link_script CMakeFiles/cmTC_81b9e.dir/link.txt --verbose=1
/usr/bin/cc  -v CMakeFiles/cmTC_81b9e.dir/CMakeCCompilerABI.c.o -o cmTC_81b9e 
Using built-in specs.
COLLECT_GCC=/usr/bin/cc
COLLECT_LTO_WRAPPER=/usr/lib/gcc/x86_64-linux-gnu/11/lto-wrapper
OFFLOAD_TARGET_NAMES=nvptx-none:amdgcn-amdhsa
OFFLOAD_TARGET_DEFAULT=1
Target: x86_64-linux-gnu
Configured with: ../src/configure -v --with-pkgversion='Ubuntu 11.4.0-1ubuntu1~22.04' --with-bugurl=file:///usr/share/doc/gcc-11/README.Bugs --enable-languages=c,ada,c++,go,brig,d,fortran,objc,obj-c++,m2 --prefix=/usr --with-gcc-major-version-only --program-suffix=-11 --program-prefix=x86_64-linux-gnu- --enable-shared --enable-linker-build-id --libexecdir=/usr/lib --without-included-gettext --enable-threads=posix --libdir=/usr/lib --enable-nls --enable-bootstrap --enable-clocale=gnu --enable-libstdcxx-debug --enable-libstdcxx-time=yes --with-default-libstdcxx-abi=new --enable-gnu-unique-object --disable-vtable-verify --enable-plugin --enable-default-pie --with-system-zlib --enable-libphobos-checking=release --with-target-system-zlib=auto --enable-objc-gc=auto --enable-multiarch --disable-werror --enable-cet --with-arch-32=i686 --with-abi=m64 --with-multilib-list=m32,m64,mx32 --enable-multilib --with-tune=generic --enable-offload-targets=nvptx-none=/build/gcc-11-XeT9lY/gcc-11-11.4.0/debian/tmp-nvptx/usr,amdgcn-amdhsa=/build/gcc-11-XeT9lY/gcc-11-11.4.0/debian/tmp-gcn/usr --without-cuda-driver --enable-checking=release --build=x86_64-linux-gnu --host=x86_64-linux-gnu --target=x86_64-linux-gnu --with-build-config=bootstrap-lto-lean --enable-link-serialization=2
Thread model: posix
Supported LTO compression algorithms: zlib zstd
gcc version 11.4.0 (Ubuntu 11.4.0-1ubuntu1~22.04) 
COMPILER_PATH=/usr/lib/gcc/x86_64-linux-gnu/11/:/usr/lib/gcc/x86_64-linux-gnu/11/:/usr/lib/gcc/x86_64-linux-gnu/:/usr/lib/gcc/x86_64-linux-gnu/11/:/usr/lib/gcc/x86_64-linux-gnu/
LIBRARY_PATH=/usr/lib/gcc/x86_64-linux-gnu/11/:/usr/lib/gcc/x86_64-linux-gnu/11/../../../x86_64-linux-gnu/:/usr/lib/gcc/x86_64-linux-gnu/11/../../../../lib/:/lib/x86_64-linux-gnu/:/lib/../lib/:/usr/lib/x86_64-linux-gnu/:/usr/lib/../lib/:/usr/lib/gcc/x86_64-linux-gnu/11/../../../:/lib/:/usr/lib/
COLLECT_GCC_OPTIONS='-v' '-o' 'cmTC_81b9e' '-mtune=generic' '-march=x86-64' '-dumpdir' 'cmTC_81b9e.'
 /usr/lib/gcc/x86_64-linux-gnu/11/collect2 -plugin /usr/lib/gcc/x86_64-linux-gnu/11/liblto_plugin.so -plugin-opt=/usr/lib/gcc/x86_64-linux-gnu/11/lto-wrapper -plugin-opt=-fresolution=/tmp/ccZVBbIb.res -plugin-opt=-pass-through=-lgcc -plugin-opt=-pass-through=-lgcc_s -plugin-opt=-pass-through=-lc -plugin-opt=-pass-through=-lgcc -plugin-opt=-pass-through=-lgcc_s --build-id --eh-frame-hdr -m elf_x86_64 --hash-style=gnu --as-needed -dynamic-linker /lib64/ld-linux-x86-64.so.2 -pie -z now -z relro -o cmTC_81b9e /usr/lib/gcc/x86_64-linux-gnu/11/../../../x86_64-linux-gnu/Scrt1.o /usr/lib/gcc/x86_64-linux-gnu/11/../../../x86_64-linux-gnu/crti.o /usr/lib/gcc/x86_64-linux-gnu/11/crtbeginS.o -L/usr/lib/gcc/x86_64-linux-gnu/11 -L/usr/lib/gcc/x86_64-linux-gnu/11/../../../x86_64-linux-gnu -L/usr/lib/gcc/x86_64-linux-gnu/11/../../../../lib -L/lib/x86_64-linux-gnu -L/lib/../lib -L/usr/lib/x86_64-linux-gnu -L/usr/lib/../lib -L/usr/lib/gcc/x86_64-linux-gnu/11/../../.. CMakeFiles/cmTC_81b9e.dir/CMakeCCompilerABI.c.o -lgcc --push-state --as-needed -lgcc_s --pop-state -lc -lgcc --push-state --as-needed -lgcc_s --pop-state /usr/lib/gcc/x86_64-linux-gnu/11/crtendS.o /usr/lib/gcc/x86_64-linux-gnu/11/../../../x86_64-linux-gnu/crtn.o
COLLECT_GCC_OPTIONS='-v' '-o' 'cmTC_81b9e' '-mtune=generic' '-march=x86-64' '-dumpdir' 'cmTC_81b9e.'
gmake[1]: Leaving directory '/home/jeff-wang/LSM-tuning/comparedDBs/leveldb/build_release_f_10_C0_5000/CMakeFiles/CMakeTmp'



Parsed C implicit include dir info from above output: rv=done
  found start of include info
  found start of implicit include info
    add: [/usr/lib/gcc/x86_64-linux-gnu/11/include]
    add: [/usr/local/include]
    add: [/usr/include/x86_64-linux-gnu]
    add: [/usr/include]
  end of search list found
  collapse include dir [/usr/lib/gcc/x86_64-linux-gnu/11/include] ==> [/usr/lib/gcc/x86_64-linux-gnu/11/include]
  collapse include dir [/usr/local/include] ==> [/usr/local/include]
  collapse include dir [/usr/include/x86_64-linux-gnu] ==> [/usr/include/x86_64-linux-gnu]
  collapse include dir [/usr/include] ==> [/usr/include]
  implicit include dirs: [/usr/lib/gcc/x86_64-linux-gnu/11/include;/usr/local/include;/usr/include/x86_64-linux-gnu;/usr/include]


Parsed C implicit link information from above output:
  link line regex: [^( *|.*[/\])(ld|CMAKE_LINK_STARTFILE-NOTFOUND|([^/\]+-)?ld|collect2)[^/\]*( |$)]
  ignore line: [Change Dir: /home/jeff-wang/LSM-tuning/comparedDBs/leveldb/build_release_f_10_C0_5000/CMakeFiles/CMakeTmp]
  ignore line: []
  ignore line: [Run Build Command(s):/usr/bin/gmake -f Makefile cmTC_81b9e/fast && /usr/bin/gmake  -f CMakeFiles/cmTC_81b9e.dir/build.make CMakeFiles/cmTC_81b9e.dir/build]
  ignore line: [gmake[1]: Entering directory '/home/jeff-wang/LSM-tuning/comparedDBs/leveldb/build_release_f_10_C0_5000/CMakeFiles/CMakeTmp']
  ignore line: [Building C object CMakeFiles/cmTC_81b9e.dir/CMakeCCompilerABI.c.o]
  ignore line: [/usr/bin/cc   -v -o CMakeFiles/cmTC_81b9e.dir/CMakeCCompilerABI.c.o -c /usr/share/cmake-3.22/Modules/CMakeCCompilerABI.c]
  ignore line: [Using built-in specs.]
  ignore line: [COLLECT_GCC=/usr/bin/cc]
  ignore line: [OFFLOAD_TARGET_NAMES=nvptx-none:amdgcn-amdhsa]
  ignore line: [OFFLOAD_TARGET_DEFAULT=1]
  ignore line: [Target: x86_64-linux-gnu]
  ignore line: [Configured with: ../src/configure -v --with-pkgversion='Ubuntu 11.4.0-1ubuntu1~22.04' --with-bugurl=file:///usr/share/doc/gcc-11/README.Bugs --enable-languages=c ada c++ go brig d fortran objc obj-c++ m2 --prefix=/usr --with-gcc-major-version-only --program-suffix=-11 --program-prefix=x86_64-linux-gnu- --enable-shared --enable-linker-build-id --libexecdir=/usr/lib --without-included-gettext --enable-threads=posix --libdir=/usr/lib --enable-nls --enable-bootstrap --enable-clocale=gnu --enable-libstdcxx-debug --enable-libstdcxx-time=yes --with-default-libstdcxx-abi=new --enable-gnu-unique-object --disable-vtable-verify --enable-plugin --enable-default-pie --with-system-zlib --enable-libphobos-checking=release --with-target-system-zlib=auto --enable-objc-gc=auto --enable-multiarch --disable-werror --enable-cet --with-arch-32=i686 --with-abi=m64 --with-multilib-list=m32 m64 mx32 --enable-multilib --with-tune=generic --enable-offload-targets=nvptx-none=/build/gcc-11-XeT9lY/gcc-11-11.4.0/debian/tmp-nvptx/usr amdgcn-amdhsa=/build/gcc-11-XeT9lY/gcc-11-11.4.0/debian/tmp-gcn/usr --without-cuda-driver --enable-checking=release --build=x86_64-linux-gnu --host=x86_64-linux-gnu --target=x86_64-linux-gnu --with-build-config=bootstrap-lto-lean --enable-link-serialization=2]
  ignore line: [Thread model: posix]
  ignore line: [Supported LTO compression algorithms: zlib zstd]
  ignore line: [gcc version 11.4.0 (Ubuntu 11.4.0-1ubuntu1~22.04) ]
  ignore line: [COLLECT_GCC_OPTIONS='-v' '-o' 'CMakeFiles/cmTC_81b9e.dir/CMakeCCompilerABI.c.o' '-c' '-mtune=generic' '-march=x86-64' '-dumpdir' 'CMakeFiles/cmTC_81b9e.dir/']
  ignore line: [ /usr/lib/gcc/x86_64-linux-gnu/11/cc1 -quiet -v -imultiarch x86_64-linux-gnu /usr/share/cmake-3.22/Modules/CMakeCCompilerABI.c -quiet -dumpdir CMakeFiles/cmTC_81b9e.dir/ -dumpbase CMakeCCompilerABI.c.c -dumpbase-ext .c -mtune=generic -march=x86-64 -version -fasynchronous-unwind-tables -fstack-protector-strong -Wformat -Wformat-security -fstack-clash-protection -fcf-protection -o /tmp/ccZCyR5Y.s]
  ignore line: [GNU C17 (Ubuntu 11.4.0-1ubuntu1~22.04) version 11.4.0 (x86_64-linux-gnu)]
  ignore line: [	compiled by GNU C version 11.4.0  GMP version 6.2.1  MPFR version 4.1.0  MPC version 1.2.1  isl version isl-0.24-GMP]
  ignore line: []
  ignore line: [GGC heuristics: --param ggc-min-expand=100 --param ggc-min-heapsize=131072]
  ignore line: [ignoring nonexistent directory "/usr/local/include/x86_64-linux-gnu"]
  ignore line: [ignoring nonexistent directory "/usr/lib/gcc/x86_64-linux-gnu/11/include-fixed"]
  ignore line: [ignoring nonexistent directory "/usr/lib/gcc/x86_64-linux-gnu/11/../../../../x86_64-linux-gnu/include"]
  ignore line: [#include "..." search starts here:]
  ignore line: [#include <...> search starts here:]
  ignore line: [ /usr/lib/gcc/x86_64-linux-gnu/11/include]
  ignore line: [ /usr/local/include]
  ignore line: [ /usr/include/x86_64-linux-gnu]
  ignore line: [ /usr/include]
  ignore line: [End of search list.]
  ignore line: [GNU C17 (Ubuntu 11.4.0-1ubuntu1~22.04) version 11.4.0 (x86_64-linux-gnu)]
  ignore line: [	compiled by GNU C version 11.4.0  GMP version 6.2.1  MPFR version 4.1.0  MPC version 1.2.1  isl version isl-0.24-GMP]
  ignore line: []
  ignore line: [GGC heuristics: --param ggc-min-expand=100 --param ggc-min-heapsize=131072]
  ignore line: [Compiler executable checksum: 50eaa2331df977b8016186198deb2d18]
  ignore line: [COLLECT_GCC_OPTIONS='-v' '-o' 'CMakeFiles/cmTC_81b9e.dir/CMakeCCompilerABI.c.o' '-c' '-mtune=generic' '-march=x86-64' '-dumpdir' 'CMakeFiles/cmTC_81b9e.dir/']
  ignore line: [ as -v --64 -o CMakeFiles/cmTC_81b9e.dir/CMakeCCompilerABI.c.o /tmp/ccZCyR5Y.s]
  ignore line: [GNU assembler version 2.38 (x86_64-linux-gnu) using BFD version (GNU Binutils for Ubuntu) 2.38]
  ignore line: [COMPILER_PATH=/usr/lib/gcc/x86_64-linux-gnu/11/:/usr/lib/gcc/x86_64-linux-gnu/11/:/usr/lib/gcc/x86_64-linux-gnu/:/usr/lib/gcc/x86_64-linux-gnu/11/:/usr/lib/gcc/x86_64-linux-gnu/]
  ignore line: [LIBRARY_PATH=/usr/lib/gcc/x86_64-linux-gnu/11/:/usr/lib/gcc/x86_64-linux-gnu/11/../../../x86_64-linux-gnu/:/usr/lib/gcc/x86_64-linux-gnu/11/../../../../lib/:/lib/x86_64-linux-gnu/:/lib/../lib/:/usr/lib/x86_64-linux-gnu/:/usr/lib/../lib/:/usr/lib/gcc/x86_64-linux-gnu/11/../../../:/lib/:/usr/lib/]
  ignore line: [COLLECT_GCC_OPTIONS='-v' '-o' 'CMakeFiles/cmTC_81b9e.dir/CMakeCCompilerABI.c.o' '-c' '-mtune=generic' '-march=x86-64' '-dumpdir' 'CMakeFiles/cmTC_81b9e.dir/CMakeCCompilerABI.c.']
  ignore line: [Linking C executable cmTC_81b9e]
  ignore line: [/usr/bin/cmake -E cmake_link_script CMakeFiles/cmTC_81b9e.dir/link.txt --verbose=1]
  ignore line: [/usr/bin/cc  -v CMakeFiles/cmTC_81b9e.dir/CMakeCCompilerABI.c.o -o cmTC_81b9e ]
  ignore line: [Using built-in specs.]
  ignore line: [COLLECT_GCC=/usr/bin/cc]
  ignore line: [COLLECT_LTO_WRAPPER=/usr/lib/gcc/x86_64-linux-gnu/11/lto-wrapper]
  ignore line: [OFFLOAD_TARGET_NAMES=nvptx-none:amdgcn-amdhsa]
  ignore line: [OFFLOAD_TARGET_DEFAULT=1]
  ignore line: [Target: x86_64-linux-gnu]
  ignore line: [Configured with: ../src/configure -v --with-pkgversion='Ubuntu 11.4.0-1ubuntu1~22.04' --with-bugurl=file:///usr/share/doc/gcc-11/README.Bugs --enable-languages=c ada c++ go brig d fortran objc obj-c++ m2 --prefix=/usr --with-gcc-major-version-only --program-suffix=-11 --program-prefix=x86_64-linux-gnu- --enable-shared --enable-linker-build-id --libexecdir=/usr/lib --without-included-gettext --enable-threads=posix --libdir=/usr/lib --enable-nls --enable-bootstrap --enable-clocale=gnu --enable-libstdcxx-debug --enable-libstdcxx-time=yes --with-default-libstdcxx-abi=new --enable-gnu-unique-object --disable-vtable-verify --enable-plugin --enable-default-pie --with-system-zlib --enable-libphobos-checking=release --with-target-system-zlib=auto --enable-objc-gc=auto --enable-multiarch --disable-werror --enable-cet --with-arch-32=i686 --with-abi=m64 --with-multilib-list=m32 m64 mx32 --enable-multilib --with-tune=generic --enable-offload-targets=nvptx-none=/build/gcc-11-XeT9lY/gcc-11-11.4.0/debian/tmp-nvptx/usr amdgcn-amdhsa=/build/gcc-11-XeT9lY/gcc-11-11.4.0/debian/tmp-gcn/usr --without-cuda-driver --enable-checking=release --build=x86_64-linux-gnu --host=x86_64-linux-gnu --target=x86_64-linux-gnu --with-build-config=bootstrap-lto-lean --enable-link-serialization=2]
  ignore line: [Thread model: posix]
  ignore line: [Supported LTO compression algorithms: zlib zstd]
  ignore line: [gcc version 11.4.0 (Ubuntu 11.4.0-1ubuntu1~22.04) ]
  ignore line: [COMPILER_PATH=/usr/lib/gcc/x86_64-linux-gnu/11/:/usr/lib/gcc/x86_64-linux-gnu/11/:/usr/lib/gcc/x86_64-linux-gnu/:/usr/lib/gcc/x86_64-linux-gnu/11/:/usr/lib/gcc/x86_64-linux-gnu/]
  ignore line: [LIBRARY_PATH=/usr/lib/gcc/x86_64-linux-gnu/11/:/usr/lib/gcc/x86_64-linux-gnu/11/../../../x86_64-linux-gnu/:/usr/lib/gcc/x86_64-linux-gnu/11/../../../../lib/:/lib/x86_64-linux-gnu/:/lib/../lib/:/usr/lib/x86_64-linux-gnu/:/usr/lib/../lib/:/usr/lib/gcc/x86_64-linux-gnu/11/../../../:/lib/:/usr/lib/]
  ignore line: [COLLECT_GCC_OPTIONS='-v' '-o' 'cmTC_81b9e' '-mtune=generic' '-march=x86-64' '-dumpdir' 'cmTC_81b9e.']
  link line: [ /usr/lib/gcc/x86_64-linux-gnu/11/collect2 -plugin /usr/lib/gcc/x86_64-linux-gnu/11/liblto_plugin.so -plugin-opt=/usr/lib/gcc/x86_64-linux-gnu/11/lto-wrapper -plugin-opt=-fresolution=/tmp/ccZVBbIb.res -plugin-opt=-pass-through=-lgcc -plugin-opt=-pass-through=-lgcc_s -plugin-opt=-pass-through=-lc -plugin-opt=-pass-through=-lgcc -plugin-opt=-pass-through=-lgcc_s --build-id --eh-frame-hdr -m elf_x86_64 --hash-style=gnu --as-needed -dynamic-linker /lib64/ld-linux-x86-64.so.2 -pie -z now -z relro -o cmTC_81b9e /usr/lib/gcc/x86_64-linux-gnu/11/../../../x86_64-linux-gnu/Scrt1.o /usr/lib/gcc/x86_64-linux-gnu/11/../../../x86_64-linux-gnu/crti.o /usr/lib/gcc/x86_64-linux-gnu/11/crtbeginS.o -L/usr/lib/gcc/x86_64-linux-gnu/11 -L/usr/lib/gcc/x86_64-linux-gnu/11/../../../x86_64-linux-gnu -L/usr/lib/gcc/x86_64-linux-gnu/11/../../../../lib -L/lib/x86_64-linux-gnu -L/lib/../lib -L/usr/lib/x86_64-linux-gnu -L/usr/lib/../lib -L/usr/lib/gcc/x86_64-linux-gnu/11/../../.. CMakeFiles/cmTC_81b9e.dir/CMakeCCompilerABI.c.o -lgcc --push-state --as-needed -lgcc_s --pop-state -lc -lgcc --push-state --as-needed -lgcc_s --pop-state /usr/lib/gcc/x86_64-linux-gnu/11/crtendS.o /usr/lib/gcc/x86_64-linux-gnu/11/../../../x86_64-linux-gnu/crtn.o]
    arg [/usr/lib/gcc/x86_64-linux-gnu/11/collect2] ==> ignore
    arg [-plugin] ==> ignore
    arg [/usr/lib/gcc/x86_64-linux-gnu/11/liblto_plugin.so] ==> ignore
    arg [-plugin-opt=/usr/lib/gcc/x86_64-linux-gnu/11/lto-wrapper] ==> ignore
    arg [-plugin-opt=-fresolution=/tmp/ccZVBbIb.res] ==> ignore
    arg [-plugin-opt=-pass-through=-lgcc] ==> ignore
    arg [-plugin-opt=-pass-through=-lgcc_s] ==> ignore
    arg [-plugin-opt=-pass-through=-lc] ==> ignore
    arg [-plugin-opt=-pass-through=-lgcc] ==> ignore
    arg [-plugin-opt=-pass-through=-lgcc_s] ==> ignore
    arg [--build-id] ==> ignore
    arg [--eh-frame-hdr] ==> ignore
    arg [-m] ==> ignore
    arg [elf_x86_64] ==> ignore
    arg [--hash-style=gnu] ==> ignore
    arg [--as-needed] ==> ignore
    arg [-dynamic-linker] ==> ignore
    arg [/lib64/ld-linux-x86-64.so.2] ==> ignore
    arg [-pie] ==> ignore
    arg [-znow] ==> ignore
    arg [-zrelro] ==> ignore
    arg [-o] ==> ignore
    arg [cmTC_81b9e] ==> ignore
    arg [/usr/lib/gcc/x86_64-linux-gnu/11/../../../x86_64-linux-gnu/Scrt1.o] ==> obj [/usr/lib/gcc/x86_64-linux-gnu/11/../../../x86_64-linux-gnu/Scrt1.o]
    arg [/usr/lib/gcc/x86_64-linux-gnu/11/../../../x86_64-linux-gnu/crti.o] ==> obj [/usr/lib/gcc/x86_64-linux-gnu/11/../../../x86_64-linux-gnu/crti.o]
    arg [/usr/lib/gcc/x86_64-linux-gnu/11/crtbeginS.o] ==> obj [/usr/lib/gcc/x86_64-linux-gnu/11/crtbeginS.o]
    arg [-L/usr/lib/gcc/x86_64-linux-gnu/11] ==> dir [/usr/lib/gcc/x86_64-linux-gnu/11]
    arg [-L/usr/lib/gcc/x86_64-linux-gnu/11/../../../x86_64-linux-gnu] ==> dir [/usr/lib/gcc/x86_64-linux-gnu/11/../../../x86_64-linux-gnu]
    arg [-L/usr/lib/gcc/x86_64-linux-gnu/11/../../../../lib] ==> dir [/usr/lib/gcc/x86_64-linux-gnu/11/../../../../lib]
    arg [-L/lib/x86_64-linux-gnu] ==> dir [/lib/x86_64-linux-gnu]
    arg [-L/lib/../lib] ==> dir [/lib/../lib]
    arg [-L/usr/lib/x86_64-linux-gnu] ==> dir [/usr/lib/x86_64-linux-gnu]
    arg [-L/usr/lib/../lib] ==> dir [/usr/lib/../lib]
    arg [-L/usr/lib/gcc/x86_64-linux-gnu/11/../../..] ==> dir [/usr/lib/gcc/x86_64-linux-gnu/11/../../..]
    arg [CMakeFiles/cmTC_81b9e.dir/CMakeCCompilerABI.c.o] ==> ignore
    arg [-lgcc] ==> lib [gcc]
    arg [--push-state] ==> ignore
    arg [--as-needed] ==> ignore
    arg [-lgcc_s] ==> lib [gcc_s]
    arg [--pop-state] ==> ignore
    arg [-lc] ==> lib [c]
    arg [-lgcc] ==> lib [gcc]
    arg [--push-state] ==> ignore
    arg [--as-needed] ==> ignore
    arg [-lgcc_s] ==> lib [gcc_s]
    arg [--pop-state] ==> ignore
    arg [/usr/lib/gcc/x86_64-linux-gnu/11/crtendS.o] ==> obj [/usr/lib/gcc/x86_64-linux-gnu/11/crtendS.o]
    arg [/usr/lib/gcc/x86_64-linux-gnu/11/../../../x86_64-linux-gnu/crtn.o] ==> obj [/usr/lib/gcc/x86_64-linux-gnu/11/../../../x86_64-linux-gnu/crtn.o]
  collapse obj [/usr/lib/gcc/x86_64-linux-gnu/11/../../../x86_64-linux-gnu/Scrt1.o] ==> [/usr/lib/x86_64-linux-gnu/Scrt1.o]
  collapse obj [/usr/lib/gcc/x86_64-linux-gnu/11/../../../x86_64-linux-gnu/crti.o] ==> [/usr/lib/x86_64-linux-gnu/crti.o]
  collapse obj [/usr/lib/gcc/x86_64-linux-gnu/11/../../../x86_64-linux-gnu/crtn.o] ==> [/usr/lib/x86_64-linux-gnu/crtn.o]
  collapse library dir [/usr/lib/gcc/x86_64-linux-gnu/11] ==> [/usr/lib/gcc/x86_64-linux-gnu/11]
  collapse library dir [/usr/lib/gcc/x86_64-linux-gnu/11/../../../x86_64-linux-gnu] ==> [/usr/lib/x86_64-linux-gnu]
  collapse library dir [/usr/lib/gcc/x86_64-linux-gnu/11/../../../../lib] ==> [/usr/lib]
  collapse library dir [/lib/x86_64-linux-gnu] ==> [/lib/x86_64-linux-gnu]
  collapse library dir [/lib/../lib] ==> [/lib]
  collapse library dir [/usr/lib/x86_64-linux-gnu] ==> [/usr/lib/x86_64-linux-gnu]
  collapse library dir [/usr/lib/../lib] ==> [/usr/lib]
  collapse library dir [/usr/lib/gcc/x86_64-linux-gnu/11/../../..] ==> [/usr/lib]
  implicit libs: [gcc;gcc_s;c;gcc;gcc_s]
  implicit objs: [/usr/lib/x86_64-linux-gnu/Scrt1.o;/usr/lib/x86_64-linux-gnu/crti.o;/usr/lib/gcc/x86_64-linux-gnu/11/crtbeginS.o;/usr/lib/gcc/x86_64-linux-gnu/11/crtendS.o;/usr/lib/x86_64-linux-gnu/crtn.o]
  implicit dirs: [/usr/lib/gcc/x86_64-linux-gnu/11;/usr/lib/x86_64-linux-gnu;/usr/lib;/lib/x86_64-linux-gnu;/lib]
  implicit fwks: []


Detecting CXX compiler ABI info compiled with the following output:
Change Dir: /home/jeff-wang/LSM-tuning/comparedDBs/leveldb/build_release_f_10_C0_5000/CMakeFiles/CMakeTmp

Run Build Command(s):/usr/bin/gmake -f Makefile cmTC_76fbd/fast && /usr/bin/gmake  -f CMakeFiles/cmTC_76fbd.dir/build.make CMakeFiles/cmTC_76fbd.dir/build
gmake[1]: Entering directory '/home/jeff-wang/LSM-tuning/comparedDBs/leveldb/build_release_f_10_C0_5000/CMakeFiles/CMakeTmp'
Building CXX object CMakeFiles/cmTC_76fbd.dir/CMakeCXXCompilerABI.cpp.o
/usr/bin/c++   -v -o CMakeFiles/cmTC_76fbd.dir/CMakeCXXCompilerABI.cpp.o -c /usr/share/cmake-3.22/Modules/CMakeCXXCompilerABI.cpp
Using built-in specs.
COLLECT_GCC=/usr/bin/c++
OFFLOAD_TARGET_NAMES=nvptx-none:amdgcn-amdhsa
OFFLOAD_TARGET_DEFAULT=1
Target: x86_64-linux-gnu
Configured with: ../src/configure -v --with-pkgversion='Ubuntu 11.4.0-1ubuntu1~22.04' --with-bugurl=file:///usr/share/doc/gcc-11/README.Bugs --enable-languages=c,ada,c++,go,brig,d,fortran,objc,obj-c++,m2 --prefix=/usr --with-gcc-major-version-only --program-suffix=-11 --program-prefix=x86_64-linux-gnu- --enable-shared --enable-linker-build-id --libexecdir=/usr/lib --without-included-gettext --enable-threads=posix --libdir=/usr/lib --enable-nls --enable-bootstrap --enable-clocale=gnu --enable-libstdcxx-debug --enable-libstdcxx-time=yes --with-default-libstdcxx-abi=new --enable-gnu-unique-object --disable-vtable-verify --enable-plugin --enable-default-pie --with-system-zlib --enable-libphobos-checking=release --with-target-system-zlib=auto --enable-objc-gc=auto --enable-multiarch --disable-werror --enable-cet --with-arch-32=i686 --with-abi=m64 --with-multilib-list=m32,m64,mx32 --enable-multilib --with-tune=generic --enable-offload-targets=nvptx-none=/build/gcc-11-XeT9lY/gcc-11-11.4.0/debian/tmp-nvptx/usr,amdgcn-amdhsa=/build/gcc-11-XeT9lY/gcc-11-11.4.0/debian/tmp-gcn/usr --without-cuda-driver --enable-checking=release --build=x86_64-linux-gnu --host=x86_64-linux-gnu --target=x86_64-linux-gnu --with-build-config=bootstrap-lto-lean --enable-link-serialization=2
Thread model: posix
Supported LTO compression algorithms: zlib zstd
gcc version 11.4.0 (Ubuntu 11.4.0-1ubuntu1~22.04) 
COLLECT_GCC_OPTIONS='-v' '-o' 'CMakeFiles/cmTC_76fbd.dir/CMakeCXXCompilerABI.cpp.o' '-c' '-shared-libgcc' '-mtune=generic' '-march=x86-64' '-dumpdir' 'CMakeFiles/cmTC_76fbd.dir/'
 /usr/lib/gcc/x86_64-linux-gnu/11/cc1plus -quiet -v -imultiarch x86_64-linux-gnu -D_GNU_SOURCE /usr/share/cmake-3.22/Modules/CMakeCXXCompilerABI.cpp -quiet -dumpdir CMakeFiles/cmTC_76fbd.dir/ -dumpbase CMakeCXXCompilerABI.cpp.cpp -dumpbase-ext .cpp -mtune=generic -march=x86-64 -version -fasynchronous-unwind-tables -fstack-protector-strong -Wformat -Wformat-security -fstack-clash-protection -fcf-protection -o /tmp/ccOBBJS4.s
GNU C++17 (Ubuntu 11.4.0-1ubuntu1~22.04) version 11.4.0 (x86_64-linux-gnu)
	compiled by GNU C version 11.4.0, GMP version 6.2.1, MPFR version 4.1.0, MPC version 1.2.1, isl version isl-0.24-GMP

GGC heuristics: --param ggc-min-expand=100 --param ggc-min-heapsize=131072
ignoring duplicate directory "/usr/include/x86_64-linux-gnu/c++/11"
ignoring nonexistent directory "/usr/local/include/x86_64-linux-gnu"
ignoring nonexistent directory "/usr/lib/gcc/x86_64-linux-gnu/11/include-fixed"
ignoring nonexistent directory "/usr/lib/gcc/x86_64-linux-gnu/11/../../../../x86_64-linux-gnu/include"
#include "..." search starts here:
#include <...> search starts here:
 /usr/include/c++/11
 /usr/include/x86_64-linux-gnu/c++/11
 /usr/include/c++/11/backward
 /usr/lib/gcc/x86_64-linux-gnu/11/include
 /usr/local/include
 /usr/include/x86_64-linux-gnu
 /usr/include
End of search list.
GNU C++17 (Ubuntu 11.4.0-1ubuntu1~22.04) version 11.4.0 (x86_64-linux-gnu)
	compiled by GNU C version 11.4.0, GMP version 6.2.1, MPFR version 4.1.0, MPC version 1.2.1, isl version isl-0.24-GMP

GGC heuristics: --param ggc-min-expand=100 --param ggc-min-heapsize=131072
Compiler executable checksum: d591828bb4d392ae8b7b160e5bb0b95f
COLLECT_GCC_OPTIONS='-v' '-o' 'CMakeFiles/cmTC_76fbd.dir/CMakeCXXCompilerABI.cpp.o' '-c' '-shared-libgcc' '-mtune=generic' '-march=x86-64' '-dumpdir' 'CMakeFiles/cmTC_76fbd.dir/'
 as -v --64 -o CMakeFiles/cmTC_76fbd.dir/CMakeCXXCompilerABI.cpp.o /tmp/ccOBBJS4.s
GNU assembler version 2.38 (x86_64-linux-gnu) using BFD version (GNU Binutils for Ubuntu) 2.38
COMPILER_PATH=/usr/lib/gcc/x86_64-linux-gnu/11/:/usr/lib/gcc/x86_64-linux-gnu/11/:/usr/lib/gcc/x86_64-linux-gnu/:/usr/lib/gcc/x86_64-linux-gnu/11/:/usr/lib/gcc/x86_64-linux-gnu/
LIBRARY_PATH=/usr/lib/gcc/x86_64-linux-gnu/11/:/usr/lib/gcc/x86_64-linux-gnu/11/../../../x86_64-linux-gnu/:/usr/lib/gcc/x86_64-linux-gnu/11/../../../../lib/:/lib/x86_64-linux-gnu/:/lib/../lib/:/usr/lib/x86_64-linux-gnu/:/usr/lib/../lib/:/usr/lib/gcc/x86_64-linux-gnu/11/../../../:/lib/:/usr/lib/
COLLECT_GCC_OPTIONS='-v' '-o' 'CMakeFiles/cmTC_76fbd.dir/CMakeCXXCompilerABI.cpp.o' '-c' '-shared-libgcc' '-mtune=generic' '-march=x86-64' '-dumpdir' 'CMakeFiles/cmTC_76fbd.dir/CMakeCXXCompilerABI.cpp.'
Linking CXX executable cmTC_76fbd
/usr/bin/cmake -E cmake_link_script CMakeFiles/cmTC_76fbd.dir/link.txt --verbose=1
/usr/bin/c++  -v CMakeFiles/cmTC_76fbd.dir/CMakeCXXCompilerABI.cpp.o -o cmTC_76fbd 
Using built-in specs.
COLLECT_GCC=/usr/bin/c++
COLLECT_LTO_WRAPPER=/usr/lib/gcc/x86_64-linux-gnu/11/lto-wrapper
OFFLOAD_TARGET_NAMES=nvptx-none:amdgcn-amdhsa
OFFLOAD_TARGET_DEFAULT=1
Target: x86_64-linux-gnu
Configured with: ../src/configure -v --with-pkgversion='Ubuntu 11.4.0-1ubuntu1~22.04' --with-bugurl=file:///usr/share/doc/gcc-11/README.Bugs --enable-languages=c,ada,c++,go,brig,d,fortran,objc,obj-c++,m2 --prefix=/usr --with-gcc-major-version-only --program-suffix=-11 --program-prefix=x86_64-linux-gnu- --enable-shared --enable-linker-build-id --libexecdir=/usr/lib --without-included-gettext --enable-threads=posix --libdir=/usr/lib --enable-nls --enable-bootstrap --enable-clocale=gnu --enable-libstdcxx-debug --enable-libstdcxx-time=yes --with-default-libstdcxx-abi=new --enable-gnu-unique-object --disable-vtable-verify --enable-plugin --enable-default-pie --with-system-zlib --enable-libphobos-checking=release --with-target-system-zlib=auto --enable-objc-gc=auto --enable-multiarch --disable-werror --enable-cet --with-arch-32=i686 --with-abi=m64 --with-multilib-list=m32,m64,mx32 --enable-multilib --with-tune=generic --enable-offload-targets=nvptx-none=/build/gcc-11-XeT9lY/gcc-11-11.4.0/debian/tmp-nvptx/usr,amdgcn-amdhsa=/build/gcc-11-XeT9lY/gcc-11-11.4.0/debian/tmp-gcn/usr --without-cuda-driver --enable-checking=release --build=x86_64-linux-gnu --host=x86_64-linux-gnu --target=x86_64-linux-gnu --with-build-config=bootstrap-lto-lean --enable-link-serialization=2
Thread model: posix
Supported LTO compression algorithms: zlib zstd
gcc version 11.4.0 (Ubuntu 11.4.0-1ubuntu1~22.04) 
COMPILER_PATH=/usr/lib/gcc/x86_64-linux-gnu/11/:/usr/lib/gcc/x86_64-linux-gnu/11/:/usr/lib/gcc/x86_64-linux-gnu/:/usr/lib/gcc/x86_64-linux-gnu/11/:/usr/lib/gcc/x86_64-linux-gnu/
LIBRARY_PATH=/usr/lib/gcc/x86_64-linux-gnu/11/:/usr/lib/gcc/x86_64-linux-gnu/11/../../../x86_64-linux-gnu/:/usr/lib/gcc/x86_64-linux-gnu/11/../../../../lib/:/lib/x86_64-linux-gnu/:/lib/../lib/:/usr/lib/x86_64-linux-gnu/:/usr/lib/../lib/:/usr/lib/gcc/x86_64-linux-gnu/11/../../../:/lib/:/usr/lib/
COLLECT_GCC_OPTIONS='-v' '-o' 'cmTC_76fbd' '-shared-libgcc' '-mtune=generic' '-march=x86-64' '-dumpdir' 'cmTC_76fbd.'
 /usr/lib/gcc/x86_64-linux-gnu/11/collect2 -plugin /usr/lib/gcc/x86_64-linux-gnu/11/liblto_plugin.so -plugin-opt=/usr/lib/gcc/x86_64-linux-gnu/11/lto-wrapper -plugin-opt=-fresolution=/tmp/ccncZrz4.res -plugin-opt=-pass-through=-lgcc_s -plugin-opt=-pass-through=-lgcc -plugin-opt=-pass-through=-lc -plugin-opt=-pass-through=-lgcc_s -plugin-opt=-pass-through=-lgcc --build-id --eh-frame-hdr -m elf_x86_64 --hash-style=gnu --as-needed -dynamic-linker /lib64/ld-linux-x86-64.so.2 -pie -z now -z relro -o cmTC_76fbd /usr/lib/gcc/x86_64-linux-gnu/11/../../../x86_64-linux-gnu/Scrt1.o /usr/lib/gcc/x86_64-linux-gnu/11/../../../x86_64-linux-gnu/crti.o /usr/lib/gcc/x86_64-linux-gnu/11/crtbeginS.o -L/usr/lib/gcc/x86_64-linux-gnu/11 -L/usr/lib/gcc/x86_64-linux-gnu/11/../../../x86_64-linux-gnu -L/usr/lib/gcc/x86_64-linux-gnu/11/../../../../lib -L/lib/x86_64-linux-gnu -L/lib/../lib -L/usr/lib/x86_64-linux-gnu -L/usr/lib/../lib -L/usr/lib/gcc/x86_64-linux-gnu/11/../../.. CMakeFiles/cmTC_76fbd.dir/CMakeCXXCompilerABI.cpp.o -lstdc++ -lm -lgcc_s -lgcc -lc -lgcc_s -lgcc /usr/lib/gcc/x86_64-linux-gnu/11/crtendS.o /usr/lib/gcc/x86_64-linux-gnu/11/../../../x86_64-linux-gnu/crtn.o
COLLECT_GCC_OPTIONS='-v' '-o' 'cmTC_76fbd' '-shared-libgcc' '-mtune=generic' '-march=x86-64' '-dumpdir' 'cmTC_76fbd.'
gmake[1]: Leaving directory '/home/jeff-wang/LSM-tuning/comparedDBs/leveldb/build_release_f_10_C0_5000/CMakeFiles/CMakeTmp'



Parsed CXX implicit include dir info from above output: rv=done
  found start of include info
  found start of implicit include info
    add: [/usr/include/c++/11]
    add: [/usr/include/x86_64-linux-gnu/c++/11]
    add: [/usr/include/c++/11/backward]
    add: [/usr/lib/gcc/x86_64-linux-gnu/11/include]
    add: [/usr/local/include]
    add: [/usr/include/x86_64-linux-gnu]
    add: [/usr/include]
  end of search list found
  collapse include dir [/usr/include/c++/11] ==> [/usr/include/c++/11]
  collapse include dir [/usr/include/x86_64-linux-gnu/c++/11] ==> [/usr/include/x86_64-linux-gnu/c++/11]
  collapse include dir [/usr/include/c++/11/backward] ==> [/usr/include/c++/11/backward]
  collapse include dir [/usr/lib/gcc/x86_64-linux-gnu/11/include] ==> [/usr/lib/gcc/x86_64-linux-gnu/11/include]
  collapse include dir [/usr/local/include] ==> [/usr/local/include]
  collapse include dir [/usr/include/x86_64-linux-gnu] ==> [/usr/include/x86_64-linux-gnu]
  collapse include dir [/usr/include] ==> [/usr/include]
  implicit include dirs: [/usr/include/c++/11;/usr/include/x86_64-linux-gnu/c++/11;/usr/include/c++/11/backward;/usr/lib/gcc/x86_64-linux-gnu/11/include;/usr/local/include;/usr/include/x86_64-linux-gnu;/usr/include]


Parsed CXX implicit link information from above output:
  link line regex: [^( *|.*[/\])(ld|CMAKE_LINK_STARTFILE-NOTFOUND|([^/\]+-)?ld|collect2)[^/\]*( |$)]
  ignore line: [Change Dir: /home/jeff-wang/LSM-tuning/comparedDBs/leveldb/build_release_f_10_C0_5000/CMakeFiles/CMakeTmp]
  ignore line: []
  ignore line: [Run Build Command(s):/usr/bin/gmake -f Makefile cmTC_76fbd/fast && /usr/bin/gmake  -f CMakeFiles/cmTC_76fbd.dir/build.make CMakeFiles/cmTC_76fbd.dir/build]
  ignore line: [gmake[1]: Entering directory '/home/jeff-wang/LSM-tuning/comparedDBs/leveldb/build_release_f_10_C0_5000/CMakeFiles/CMakeTmp']
  ignore line: [Building CXX object CMakeFiles/cmTC_76fbd.dir/CMakeCXXCompilerABI.cpp.o]
  ignore line: [/usr/bin/c++   -v -o CMakeFiles/cmTC_76fbd.dir/CMakeCXXCompilerABI.cpp.o -c /usr/share/cmake-3.22/Modules/CMakeCXXCompilerABI.cpp]
  ignore line: [Using built-in specs.]
  ignore line: [COLLECT_GCC=/usr/bin/c++]
  ignore line: [OFFLOAD_TARGET_NAMES=nvptx-none:amdgcn-amdhsa]
  ignore line: [OFFLOAD_TARGET_DEFAULT=1]
  ignore line: [Target: x86_64-linux-gnu]
  ignore line: [Configured with: ../src/configure -v --with-pkgversion='Ubuntu 11.4.0-1ubuntu1~22.04' --with-bugurl=file:///usr/share/doc/gcc-11/README.Bugs --enable-languages=c ada c++ go brig d fortran objc obj-c++ m2 --prefix=/usr --with-gcc-major-version-only --program-suffix=-11 --program-prefix=x86_64-linux-gnu- --enable-shared --enable-linker-build-id --libexecdir=/usr/lib --without-included-gettext --enable-threads=posix --libdir=/usr/lib --enable-nls --enable-bootstrap --enable-clocale=gnu --enable-libstdcxx-debug --enable-libstdcxx-time=yes --with-default-libstdcxx-abi=new --enable-gnu-unique-object --disable-vtable-verify --enable-plugin --enable-default-pie --with-system-zlib --enable-libphobos-checking=release --with-target-system-zlib=auto --enable-objc-gc=auto --enable-multiarch --disable-werror --enable-cet --with-arch-32=i686 --with-abi=m64 --with-multilib-list=m32 m64 mx32 --enable-multilib --with-tune=generic --enable-offload-targets=nvptx-none=/build/gcc-11-XeT9lY/gcc-11-11.4.0/debian/tmp-nvptx/usr amdgcn-amdhsa=/build/gcc-11-XeT9lY/gcc-11-11.4.0/debian/tmp-gcn/usr --without-cuda-driver --enable-checking=release --build=x86_64-linux-gnu --host=x86_64-linux-gnu --target=x86_64-linux-gnu --with-build-config=bootstrap-lto-lean --enable-link-serialization=2]
  ignore line: [Thread model: posix]
  ignore line: [Supported LTO compression algorithms: zlib zstd]
  ignore line: [gcc version 11.4.0 (Ubuntu 11.4.0-1ubuntu1~22.04) ]
  ignore line: [COLLECT_GCC_OPTIONS='-v' '-o' 'CMakeFiles/cmTC_76fbd.dir/CMakeCXXCompilerABI.cpp.o' '-c' '-shared-libgcc' '-mtune=generic' '-march=x86-64' '-dumpdir' 'CMakeFiles/cmTC_76fbd.dir/']
  ignore line: [ /usr/lib/gcc/x86_64-linux-gnu/11/cc1plus -quiet -v -imultiarch x86_64-linux-gnu -D_GNU_SOURCE /usr/share/cmake-3.22/Modules/CMakeCXXCompilerABI.cpp -quiet -dumpdir CMakeFiles/cmTC_76fbd.dir/ -dumpbase CMakeCXXCompilerABI.cpp.cpp -dumpbase-ext .cpp -mtune=generic -march=x86-64 -version -fasynchronous-unwind-tables -fstack-protector-strong -Wformat -Wformat-security -fstack-clash-protection -fcf-protection -o /tmp/ccOBBJS4.s]
  ignore line: [GNU C++17 (Ubuntu 11.4.0-1ubuntu1~22.04) version 11.4.0 (x86_64-linux-gnu)]
  ignore line: [	compiled by GNU C version 11.4.0  GMP version 6.2.1  MPFR version 4.1.0  MPC version 1.2.1  isl version isl-0.24-GMP]
  ignore line: []
  ignore line: [GGC heuristics: --param ggc-min-expand=100 --param ggc-min-heapsize=131072]
  ignore line: [ignoring duplicate directory "/usr/include/x86_64-linux-gnu/c++/11"]
  ignore line: [ignoring nonexistent directory "/usr/local/include/x86_64-linux-gnu"]
  ignore line: [ignoring nonexistent directory "/usr/lib/gcc/x86_64-linux-gnu/11/include-fixed"]
  ignore line: [ignoring nonexistent directory "/usr/lib/gcc/x86_64-linux-gnu/11/../../../../x86_64-linux-gnu/include"]
  ignore line: [#include "..." search starts here:]
  ignore line: [#include <...> search starts here:]
  ignore line: [ /usr/include/c++/11]
  ignore line: [ /usr/include/x86_64-linux-gnu/c++/11]
  ignore line: [ /usr/include/c++/11/backward]
  ignore line: [ /usr/lib/gcc/x86_64-linux-gnu/11/include]
  ignore line: [ /usr/local/include]
  ignore line: [ /usr/include/x86_64-linux-gnu]
  ignore line: [ /usr/include]
  ignore line: [End of search list.]
  ignore line: [GNU C++17 (Ubuntu 11.4.0-1ubuntu1~22.04) version 11.4.0 (x86_64-linux-gnu)]
  ignore line: [	compiled by GNU C version 11.4.0  GMP version 6.2.1  MPFR version 4.1.0  MPC version 1.2.1  isl version isl-0.24-GMP]
  ignore line: []
  ignore line: [GGC heuristics: --param ggc-min-expand=100 --param ggc-min-heapsize=131072]
  ignore line: [Compiler executable checksum: d591828bb4d392ae8b7b160e5bb0b95f]
  ignore line: [COLLECT_GCC_OPTIONS='-v' '-o' 'CMakeFiles/cmTC_76fbd.dir/CMakeCXXCompilerABI.cpp.o' '-c' '-shared-libgcc' '-mtune=generic' '-march=x86-64' '-dumpdir' 'CMakeFiles/cmTC_76fbd.dir/']
  ignore line: [ as -v --64 -o CMakeFiles/cmTC_76fbd.dir/CMakeCXXCompilerABI.cpp.o /tmp/ccOBBJS4.s]
  ignore line: [GNU assembler version 2.38 (x86_64-linux-gnu) using BFD version (GNU Binutils for Ubuntu) 2.38]
  ignore line: [COMPILER_PATH=/usr/lib/gcc/x86_64-linux-gnu/11/:/usr/lib/gcc/x86_64-linux-gnu/11/:/usr/lib/gcc/x86_64-linux-gnu/:/usr/lib/gcc/x86_64-linux-gnu/11/:/usr/lib/gcc/x86_64-linux-gnu/]
  ignore line: [LIBRARY_PATH=/usr/lib/gcc/x86_64-linux-gnu/11/:/usr/lib/gcc/x86_64-linux-gnu/11/../../../x86_64-linux-gnu/:/usr/lib/gcc/x86_64-linux-gnu/11/../../../../lib/:/lib/x86_64-linux-gnu/:/lib/../lib/:/usr/lib/x86_64-linux-gnu/:/usr/lib/../lib/:/usr/lib/gcc/x86_64-linux-gnu/11/../../../:/lib/:/usr/lib/]
  ignore line: [COLLECT_GCC_OPTIONS='-v' '-o' 'CMakeFiles/cmTC_76fbd.dir/CMakeCXXCompilerABI.cpp.o' '-c' '-shared-libgcc' '-mtune=generic' '-march=x86-64' '-dumpdir' 'CMakeFiles/cmTC_76fbd.dir/CMakeCXXCompilerABI.cpp.']
  ignore line: [Linking CXX executable cmTC_76fbd]
  ignore line: [/usr/bin/cmake -E cmake_link_script CMakeFiles/cmTC_76fbd.dir/link.txt --verbose=1]
  ignore line: [/usr/bin/c++  -v CMakeFiles/cmTC_76fbd.dir/CMakeCXXCompilerABI.cpp.o -o cmTC_76fbd ]
  ignore line: [Using built-in specs.]
  ignore line: [COLLECT_GCC=/usr/bin/c++]
  ignore line: [COLLECT_LTO_WRAPPER=/usr/lib/gcc/x86_64-linux-gnu/11/lto-wrapper]
  ignore line: [OFFLOAD_TARGET_NAMES=nvptx-none:amdgcn-amdhsa]
  ignore line: [OFFLOAD_TARGET_DEFAULT=1]
  ignore line: [Target: x86_64-linux-gnu]
  ignore line: [Configured with: ../src/configure -v --with-pkgversion='Ubuntu 11.4.0-1ubuntu1~22.04' --with-bugurl=file:///usr/share/doc/gcc-11/README.Bugs --enable-languages=c ada c++ go brig d fortran objc obj-c++ m2 --prefix=/usr --with-gcc-major-version-only --program-suffix=-11 --program-prefix=x86_64-linux-gnu- --enable-shared --enable-linker-build-id --libexecdir=/usr/lib --without-included-gettext --enable-threads=posix --libdir=/usr/lib --enable-nls --enable-bootstrap --enable-clocale=gnu --enable-libstdcxx-debug --enable-libstdcxx-time=yes --with-default-libstdcxx-abi=new --enable-gnu-unique-object --disable-vtable-verify --enable-plugin --enable-default-pie --with-system-zlib --enable-libphobos-checking=release --with-target-system-zlib=auto --enable-objc-gc=auto --enable-multiarch --disable-werror --enable-cet --with-arch-32=i686 --with-abi=m64 --with-multilib-list=m32 m64 mx32 --enable-multilib --with-tune=generic --enable-offload-targets=nvptx-none=/build/gcc-11-XeT9lY/gcc-11-11.4.0/debian/tmp-nvptx/usr amdgcn-amdhsa=/build/gcc-11-XeT9lY/gcc-11-11.4.0/debian/tmp-gcn/usr --without-cuda-driver --enable-checking=release --build=x86_64-linux-gnu --host=x86_64-linux-gnu --target=x86_64-linux-gnu --with-build-config=bootstrap-lto-lean --enable-link-serialization=2]
  ignore line: [Thread model: posix]
  ignore line: [Supported LTO compression algorithms: zlib zstd]
  ignore line: [gcc version 11.4.0 (Ubuntu 11.4.0-1ubuntu1~22.04) ]
  ignore line: [COMPILER_PATH=/usr/lib/gcc/x86_64-linux-gnu/11/:/usr/lib/gcc/x86_64-linux-gnu/11/:/usr/lib/gcc/x86_64-linux-gnu/:/usr/lib/gcc/x86_64-linux-gnu/11/:/usr/lib/gcc/x86_64-linux-gnu/]
  ignore line: [LIBRARY_PATH=/usr/lib/gcc/x86_64-linux-gnu/11/:/usr/lib/gcc/x86_64-linux-gnu/11/../../../x86_64-linux-gnu/:/usr/lib/gcc/x86_64-linux-gnu/11/../../../../lib/:/lib/x86_64-linux-gnu/:/lib/../lib/:/usr/lib/x86_64-linux-gnu/:/usr/lib/../lib/:/usr/lib/gcc/x86_64-linux-gnu/11/../../../:/lib/:/usr/lib/]
  ignore line: [COLLECT_GCC_OPTIONS='-v' '-o' 'cmTC_76fbd' '-shared-libgcc' '-mtune=generic' '-march=x86-64' '-dumpdir' 'cmTC_76fbd.']
  link line: [ /usr/lib/gcc/x86_64-linux-gnu/11/collect2 -plugin /usr/lib/gcc/x86_64-linux-gnu/11/liblto_plugin.so -plugin-opt=/usr/lib/gcc/x86_64-linux-gnu/11/lto-wrapper -plugin-opt=-fresolution=/tmp/ccncZrz4.res -plugin-opt=-pass-through=-lgcc_s -plugin-opt=-pass-through=-lgcc -plugin-opt=-pass-through=-lc -plugin-opt=-pass-through=-lgcc_s -plugin-opt=-pass-through=-lgcc --build-id --eh-frame-hdr -m elf_x86_64 --hash-style=gnu --as-needed -dynamic-linker /lib64/ld-linux-x86-64.so.2 -pie -z now -z relro -o cmTC_76fbd /usr/lib/gcc/x86_64-linux-gnu/11/../../../x86_64-linux-gnu/Scrt1.o /usr/lib/gcc/x86_64-linux-gnu/11/../../../x86_64-linux-gnu/crti.o /usr/lib/gcc/x86_64-linux-gnu/11/crtbeginS.o -L/usr/lib/gcc/x86_64-linux-gnu/11 -L/usr/lib/gcc/x86_64-linux-gnu/11/../../../x86_64-linux-gnu -L/usr/lib/gcc/x86_64-linux-gnu/11/../../../../lib -L/lib/x86_64-linux-gnu -L/lib/../lib -L/usr/lib/x86_64-linux-gnu -L/usr/lib/../lib -L/usr/lib/gcc/x86_64-linux-gnu/11/../../.. CMakeFiles/cmTC_76fbd.dir/CMakeCXXCompilerABI.cpp.o -lstdc++ -lm -lgcc_s -lgcc -lc -lgcc_s -lgcc /usr/lib/gcc/x86_64-linux-gnu/11/crtendS.o /usr/lib/gcc/x86_64-linux-gnu/11/../../../x86_64-linux-gnu/crtn.o]
    arg [/usr/lib/gcc/x86_64-linux-gnu/11/collect2] ==> ignore
    arg [-plugin] ==> ignore
    arg [/usr/lib/gcc/x86_64-linux-gnu/11/liblto_plugin.so] ==> ignore
    arg [-plugin-opt=/usr/lib/gcc/x86_64-linux-gnu/11/lto-wrapper] ==> ignore
    arg [-plugin-opt=-fresolution=/tmp/ccncZrz4.res] ==> ignore
    arg [-plugin-opt=-pass-through=-lgcc_s] ==> ignore
    arg [-plugin-opt=-pass-through=-lgcc] ==> ignore
    arg [-plugin-opt=-pass-through=-lc] ==> ignore
    arg [-plugin-opt=-pass-through=-lgcc_s] ==> ignore
    arg [-plugin-opt=-pass-through=-lgcc] ==> ignore
    arg [--build-id] ==> ignore
    arg [--eh-frame-hdr] ==> ignore
    arg [-m] ==> ignore
    arg [elf_x86_64] ==> ignore
    arg [--hash-style=gnu] ==> ignore
    arg [--as-needed] ==> ignore
    arg [-dynamic-linker] ==> ignore
    arg [/lib64/ld-linux-x86-64.so.2] ==> ignore
    arg [-pie] ==> ignore
    arg [-znow] ==> ignore
    arg [-zrelro] ==> ignore
    arg [-o] ==> ignore
    arg [cmTC_76fbd] ==> ignore
    arg [/usr/lib/gcc/x86_64-linux-gnu/11/../../../x86_64-linux-gnu/Scrt1.o] ==> obj [/usr/lib/gcc/x86_64-linux-gnu/11/../../../x86_64-linux-gnu/Scrt1.o]
    arg [/usr/lib/gcc/x86_64-linux-gnu/11/../../../x86_64-linux-gnu/crti.o] ==> obj [/usr/lib/gcc/x86_64-linux-gnu/11/../../../x86_64-linux-gnu/crti.o]
    arg [/usr/lib/gcc/x86_64-linux-gnu/11/crtbeginS.o] ==> obj [/usr/lib/gcc/x86_64-linux-gnu/11/crtbeginS.o]
    arg [-L/usr/lib/gcc/x86_64-linux-gnu/11] ==> dir [/usr/lib/gcc/x86_64-linux-gnu/11]
    arg [-L/usr/lib/gcc/x86_64-linux-gnu/11/../../../x86_64-linux-gnu] ==> dir [/usr/lib/gcc/x86_64-linux-gnu/11/../../../x86_64-linux-gnu]
    arg [-L/usr/lib/gcc/x86_64-linux-gnu/11/../../../../lib] ==> dir [/usr/lib/gcc/x86_64-linux-gnu/11/../../../../lib]
    arg [-L/lib/x86_64-linux-gnu] ==> dir [/lib/x86_64-linux-gnu]
    arg [-L/lib/../lib] ==> dir [/lib/../lib]
    arg [-L/usr/lib/x86_64-linux-gnu] ==> dir [/usr/lib/x86_64-linux-gnu]
    arg [-L/usr/lib/../lib] ==> dir [/usr/lib/../lib]
    arg [-L/usr/lib/gcc/x86_64-linux-gnu/11/../../..] ==> dir [/usr/lib/gcc/x86_64-linux-gnu/11/../../..]
    arg [CMakeFiles/cmTC_76fbd.dir/CMakeCXXCompilerABI.cpp.o] ==> ignore
    arg [-lstdc++] ==> lib [stdc++]
    arg [-lm] ==> lib [m]
    arg [-lgcc_s] ==> lib [gcc_s]
    arg [-lgcc] ==> lib [gcc]
    arg [-lc] ==> lib [c]
    arg [-lgcc_s] ==> lib [gcc_s]
    arg [-lgcc] ==> lib [gcc]
    arg [/usr/lib/gcc/x86_64-linux-gnu/11/crtendS.o] ==> obj [/usr/lib/gcc/x86_64-linux-gnu/11/crtendS.o]
    arg [/usr/lib/gcc/x86_64-linux-gnu/11/../../../x86_64-linux-gnu/crtn.o] ==> obj [/usr/lib/gcc/x86_64-linux-gnu/11/../../../x86_64-linux-gnu/crtn.o]
  collapse obj [/usr/lib/gcc/x86_64-linux-gnu/11/../../../x86_64-linux-gnu/Scrt1.o] ==> [/usr/lib/x86_64-linux-gnu/Scrt1.o]
  collapse obj [/usr/lib/gcc/x86_64-linux-gnu/11/../../../x86_64-linux-gnu/crti.o] ==> [/usr/lib/x86_64-linux-gnu/crti.o]
  collapse obj [/usr/lib/gcc/x86_64-linux-gnu/11/../../../x86_64-linux-gnu/crtn.o] ==> [/usr/lib/x86_64-linux-gnu/crtn.o]
  collapse library dir [/usr/lib/gcc/x86_64-linux-gnu/11] ==> [/usr/lib/gcc/x86_64-linux-gnu/11]
  collapse library dir [/usr/lib/gcc/x86_64-linux-gnu/11/../../../x86_64-linux-gnu] ==> [/usr/lib/x86_64-linux-gnu]
  collapse library dir [/usr/lib/gcc/x86_64-linux-gnu/11/../../../../lib] ==> [/usr/lib]
  collapse library dir [/lib/x86_64-linux-gnu] ==> [/lib/x86_64-linux-gnu]
  collapse library dir [/lib/../lib] ==> [/lib]
  collapse library dir [/usr/lib/x86_64-linux-gnu] ==> [/usr/lib/x86_64-linux-gnu]
  collapse library dir [/usr/lib/../lib] ==> [/usr/lib]
  collapse library dir [/usr/lib/gcc/x86_64-linux-gnu/11/../../..] ==> [/usr/lib]
  implicit libs: [stdc++;m;gcc_s;gcc;c;gcc_s;gcc]
  implicit objs: [/usr/lib/x86_64-linux-gnu/Scrt1.o;/usr/lib/x86_64-linux-gnu/crti.o;/usr/lib/gcc/x86_64-linux-gnu/11/crtbeginS.o;/usr/lib/gcc/x86_64-linux-gnu/11/crtendS.o;/usr/lib/x86_64-linux-gnu/crtn.o]
  implicit dirs: [/usr/lib/gcc/x86_64-linux-gnu/11;/usr/lib/x86_64-linux-gnu;/usr/lib;/lib/x86_64-linux-gnu;/lib]
  implicit fwks: []


Determining if the include file unistd.h exists passed with the following output:
Change Dir: /home/jeff-wang/LSM-tuning/comparedDBs/leveldb/build_release_f_10_C0_5000/CMakeFiles/CMakeTmp

Run Build Command(s):/usr/bin/gmake -f Makefile cmTC_6bbb4/fast && /usr/bin/gmake  -f CMakeFiles/cmTC_6bbb4.dir/build.make CMakeFiles/cmTC_6bbb4.dir/build
gmake[1]: Entering directory '/home/jeff-wang/LSM-tuning/comparedDBs/leveldb/build_release_f_10_C0_5000/CMakeFiles/CMakeTmp'
Building C object CMakeFiles/cmTC_6bbb4.dir/CheckIncludeFile.c.o
/usr/bin/cc   -std=c11 -o CMakeFiles/cmTC_6bbb4.dir/CheckIncludeFile.c.o -c /home/jeff-wang/LSM-tuning/comparedDBs/leveldb/build_release_f_10_C0_5000/CMakeFiles/CMakeTmp/CheckIncludeFile.c
Linking C executable cmTC_6bbb4
/usr/bin/cmake -E cmake_link_script CMakeFiles/cmTC_6bbb4.dir/link.txt --verbose=1
/usr/bin/cc CMakeFiles/cmTC_6bbb4.dir/CheckIncludeFile.c.o -o cmTC_6bbb4 
gmake[1]: Leaving directory '/home/jeff-wang/LSM-tuning/comparedDBs/leveldb/build_release_f_10_C0_5000/CMakeFiles/CMakeTmp'



Determining if the function snappy_compress exists in the snappy passed with the following output:
Change Dir: /home/jeff-wang/LSM-tuning/comparedDBs/leveldb/build_release_f_10_C0_5000/CMakeFiles/CMakeTmp

Run Build Command(s):/usr/bin/gmake -f Makefile cmTC_c20ba/fast && /usr/bin/gmake  -f CMakeFiles/cmTC_c20ba.dir/build.make CMakeFiles/cmTC_c20ba.dir/build
gmake[1]: Entering directory '/home/jeff-wang/LSM-tuning/comparedDBs/leveldb/build_release_f_10_C0_5000/CMakeFiles/CMakeTmp'
Building C object CMakeFiles/cmTC_c20ba.dir/CheckFunctionExists.c.o
/usr/bin/cc   -DCHECK_FUNCTION_EXISTS=snappy_compress -std=c11 -o CMakeFiles/cmTC_c20ba.dir/CheckFunctionExists.c.o -c /usr/share/cmake-3.22/Modules/CheckFunctionExists.c
Linking C executable cmTC_c20ba
/usr/bin/cmake -E cmake_link_script CMakeFiles/cmTC_c20ba.dir/link.txt --verbose=1
/usr/bin/cc  -DCHECK_FUNCTION_EXISTS=snappy_compress CMakeFiles/cmTC_c20ba.dir/CheckFunctionExists.c.o -o cmTC_c20ba  -lsnappy 
gmake[1]: Leaving directory '/home/jeff-wang/LSM-tuning/comparedDBs/leveldb/build_release_f_10_C0_5000/CMakeFiles/CMakeTmp'



Determining if the fdatasync exist passed with the following output:
Change Dir: /home/jeff-wang/LSM-tuning/comparedDBs/leveldb/build_release_f_10_C0_5000/CMakeFiles/CMakeTmp

Run Build Command(s):/usr/bin/gmake -f Makefile cmTC_9dbf8/fast && /usr/bin/gmake  -f CMakeFiles/cmTC_9dbf8.dir/build.make CMakeFiles/cmTC_9dbf8.dir/build
gmake[1]: Entering directory '/home/jeff-wang/LSM-tuning/comparedDBs/leveldb/build_release_f_10_C0_5000/CMakeFiles/CMakeTmp'
Building CXX object CMakeFiles/cmTC_9dbf8.dir/CheckSymbolExists.cxx.o
/usr/bin/c++   -std=c++11 -o CMakeFiles/cmTC_9dbf8.dir/CheckSymbolExists.cxx.o -c /home/jeff-wang/LSM-tuning/comparedDBs/leveldb/build_release_f_10_C0_5000/CMakeFiles/CMakeTmp/CheckSymbolExists.cxx
Linking CXX executable cmTC_9dbf8
/usr/bin/cmake -E cmake_link_script CMakeFiles/cmTC_9dbf8.dir/link.txt --verbose=1
/usr/bin/c++ CMakeFiles/cmTC_9dbf8.dir/CheckSymbolExists.cxx.o -o cmTC_9dbf8 
gmake[1]: Leaving directory '/home/jeff-wang/LSM-tuning/comparedDBs/leveldb/build_release_f_10_C0_5000/CMakeFiles/CMakeTmp'


File /home/jeff-wang/LSM-tuning/comparedDBs/leveldb/build_release_f_10_C0_5000/CMakeFiles/CMakeTmp/CheckSymbolExists.cxx:
/* */
#include <unistd.h>

int main(int argc, char** argv)
{
  (void)argv;
#ifndef fdatasync
  return ((int*)(&fdatasync))[argc];
#else
  (void)argc;
  return 0;
#endif
}
Determining if the O_CLOEXEC exist passed with the following output:
Change Dir: /home/jeff-wang/LSM-tuning/comparedDBs/leveldb/build_release_f_10_C0_5000/CMakeFiles/CMakeTmp

Run Build Command(s):/usr/bin/gmake -f Makefile cmTC_6b4c0/fast && /usr/bin/gmake  -f CMakeFiles/cmTC_6b4c0.dir/build.make CMakeFiles/cmTC_6b4c0.dir/build
gmake[1]: Entering directory '/home/jeff-wang/LSM-tuning/comparedDBs/leveldb/build_release_f_10_C0_5000/CMakeFiles/CMakeTmp'
Building CXX object CMakeFiles/cmTC_6b4c0.dir/CheckSymbolExists.cxx.o
/usr/bin/c++   -std=c++11 -o CMakeFiles/cmTC_6b4c0.dir/CheckSymbolExists.cxx.o -c /home/jeff-wang/LSM-tuning/comparedDBs/leveldb/build_release_f_10_C0_5000/CMakeFiles/CMakeTmp/CheckSymbolExists.cxx
Linking CXX executable cmTC_6b4c0
/usr/bin/cmake -E cmake_link_script CMakeFiles/cmTC_6b4c0.dir/link.txt --verbose=1
/usr/bin/c++ CMakeFiles/cmTC_6b4c0.dir/CheckSymbolExists.cxx.o -o cmTC_6b4c0 
gmake[1]: Leaving directory '/home/jeff-wang/LSM-tuning/comparedDBs/leveldb/build_release_f_10_C0_5000/CMakeFiles/CMakeTmp'


File /home/jeff-wang/LSM-tuning/comparedDBs/leveldb/build_release_f_10_C0_5000/CMakeFiles/CMakeTmp/CheckSymbolExists.cxx:
/* */
#include <fcntl.h>

int main(int argc, char** argv)
{
  (void)argv;
#ifndef O_CLOEXEC
  return ((int*)(&O_CLOEXEC))[argc];
#else
  (void)argc;
  return 0;
#endif
}
Performing C++ SOURCE FILE Test LEVELDB_HAVE_NO_MISSING_FIELD_INITIALIZERS succeeded with the following output:
Change Dir: /home/jeff-wang/LSM-tuning/comparedDBs/leveldb/build_release_f_10_C0_5000/CMakeFiles/CMakeTmp

Run Build Command(s):/usr/bin/gmake -f Makefile cmTC_cdd31/fast && /usr/bin/gmake  -f CMakeFiles/cmTC_cdd31.dir/build.make CMakeFiles/cmTC_cdd31.dir/build
gmake[1]: Entering directory '/home/jeff-wang/LSM-tuning/comparedDBs/leveldb/build_release_f_10_C0_5000/CMakeFiles/CMakeTmp'
Building CXX object CMakeFiles/cmTC_cdd31.dir/src.cxx.o
/usr/bin/c++ -DLEVELDB_HAVE_NO_MISSING_FIELD_INITIALIZERS  -fno-exceptions -fno-rtti    -Wno-missing-field-initializers -std=c++11 -o CMakeFiles/cmTC_cdd31.dir/src.cxx.o -c /home/jeff-wang/LSM-tuning/comparedDBs/leveldb/build_release_f_10_C0_5000/CMakeFiles/CMakeTmp/src.cxx
Linking CXX executable cmTC_cdd31
/usr/bin/cmake -E cmake_link_script CMakeFiles/cmTC_cdd31.dir/link.txt --verbose=1
/usr/bin/c++  -fno-exceptions -fno-rtti  CMakeFiles/cmTC_cdd31.dir/src.cxx.o -o cmTC_cdd31 
gmake[1]: Leaving directory '/home/jeff-wang/LSM-tuning/comparedDBs/leveldb/build_release_f_10_C0_5000/CMakeFiles/CMakeTmp'


Source file was:
int main() { return 0; }
Performing C++ SOURCE FILE Test HAVE_CXX17_HAS_INCLUDE succeeded with the following output:
Change Dir: /home/jeff-wang/LSM-tuning/comparedDBs/leveldb/build_release_f_10_C0_5000/CMakeFiles/CMakeTmp

Run Build Command(s):/usr/bin/gmake -f Makefile cmTC_952a4/fast && /usr/bin/gmake  -f CMakeFiles/cmTC_952a4.dir/build.make CMakeFiles/cmTC_952a4.dir/build
gmake[1]: Entering directory '/home/jeff-wang/LSM-tuning/comparedDBs/leveldb/build_release_f_10_C0_5000/CMakeFiles/CMakeTmp'
Building CXX object CMakeFiles/cmTC_952a4.dir/src.cxx.o
/usr/bin/c++ -DHAVE_CXX17_HAS_INCLUDE  -fno-exceptions -fno-rtti  -std=c++11 -o CMakeFiles/cmTC_952a4.dir/src.cxx.o -c /home/jeff-wang/LSM-tuning/comparedDBs/leveldb/build_release_f_10_C0_5000/CMakeFiles/CMakeTmp/src.cxx
Linking CXX executable cmTC_952a4
/usr/bin/cmake -E cmake_link_script CMakeFiles/cmTC_952a4.dir/link.txt --verbose=1
/usr/bin/c++  -fno-exceptions -fno-rtti  CMakeFiles/cmTC_952a4.dir/src.cxx.o -o cmTC_952a4 
gmake[1]: Leaving directory '/home/jeff-wang/LSM-tuning/comparedDBs/leveldb/build_release_f_10_C0_5000/CMakeFiles/CMakeTmp'


Source file was:

#if defined(__has_include) &&  __has_include(<string>)
#include <string>
#endif
int main() { std::string str; return 0; }

Determining if the include file pthread.h exists passed with the following output:
Change Dir: /home/jeff-wang/LSM-tuning/comparedDBs/leveldb/build_release_f_10_C0_5000/CMakeFiles/CMakeTmp

Run Build Command(s):/usr/bin/gmake -f Makefile cmTC_1a2c5/fast && /usr/bin/gmake  -f CMakeFiles/cmTC_1a2c5.dir/build.make CMakeFiles/cmTC_1a2c5.dir/build
gmake[1]: Entering directory '/home/jeff-wang/LSM-tuning/comparedDBs/leveldb/build_release_f_10_C0_5000/CMakeFiles/CMakeTmp'
Building C object CMakeFiles/cmTC_1a2c5.dir/CheckIncludeFile.c.o
/usr/bin/cc   -Wstrict-prototypes  -std=c11 -o CMakeFiles/cmTC_1a2c5.dir/CheckIncludeFile.c.o -c /home/jeff-wang/LSM-tuning/comparedDBs/leveldb/build_release_f_10_C0_5000/CMakeFiles/CMakeTmp/CheckIncludeFile.c
Linking C executable cmTC_1a2c5
/usr/bin/cmake -E cmake_link_script CMakeFiles/cmTC_1a2c5.dir/link.txt --verbose=1
/usr/bin/cc  -Wstrict-prototypes  CMakeFiles/cmTC_1a2c5.dir/CheckIncludeFile.c.o -o cmTC_1a2c5 
gmake[1]: Leaving directory '/home/jeff-wang/LSM-tuning/comparedDBs/leveldb/build_release_f_10_C0_5000/CMakeFiles/CMakeTmp'



Performing C SOURCE FILE Test CMAKE_HAVE_LIBC_PTHREAD succeeded with the following output:
Change Dir: /home/jeff-wang/LSM-tuning/comparedDBs/leveldb/build_release_f_10_C0_5000/CMakeFiles/CMakeTmp

Run Build Command(s):/usr/bin/gmake -f Makefile cmTC_604d0/fast && /usr/bin/gmake  -f CMakeFiles/cmTC_604d0.dir/build.make CMakeFiles/cmTC_604d0.dir/build
gmake[1]: Entering directory '/home/jeff-wang/LSM-tuning/comparedDBs/leveldb/build_release_f_10_C0_5000/CMakeFiles/CMakeTmp'
Building C object CMakeFiles/cmTC_604d0.dir/src.c.o
/usr/bin/cc -DCMAKE_HAVE_LIBC_PTHREAD  -Wstrict-prototypes  -std=c11 -o CMakeFiles/cmTC_604d0.dir/src.c.o -c /home/jeff-wang/LSM-tuning/comparedDBs/leveldb/build_release_f_10_C0_5000/CMakeFiles/CMakeTmp/src.c
Linking C executable cmTC_604d0
/usr/bin/cmake -E cmake_link_script CMakeFiles/cmTC_604d0.dir/link.txt --verbose=1
/usr/bin/cc  -Wstrict-prototypes  CMakeFiles/cmTC_604d0.dir/src.c.o -o cmTC_604d0 
gmake[1]: Leaving directory '/home/jeff-wang/LSM-tuning/comparedDBs/leveldb/build_release_f_10_C0_5000/CMakeFiles/CMakeTmp'


Source file was:
#include <pthread.h>

static void* test_func(void* data)
{
  return data;
}

int main(void)
{
  pthread_t thread;
  pthread_create(&thread, NULL, test_func, NULL);
  pthread_detach(thread);
  pthread_cancel(thread);
  pthread_join(thread, NULL);
  pthread_atfork(NULL, NULL, NULL);
  pthread_exit(NULL);

  return 0;
}

Determining if the function shm_open exists in the rt passed with the following output:
Change Dir: /home/jeff-wang/LSM-tuning/comparedDBs/leveldb/build_release_f_10_C0_5000/CMakeFiles/CMakeTmp

Run Build Command(s):/usr/bin/gmake -f Makefile cmTC_044e0/fast && /usr/bin/gmake  -f CMakeFiles/cmTC_044e0.dir/build.make CMakeFiles/cmTC_044e0.dir/build
gmake[1]: Entering directory '/home/jeff-wang/LSM-tuning/comparedDBs/leveldb/build_release_f_10_C0_5000/CMakeFiles/CMakeTmp'
Building C object CMakeFiles/cmTC_044e0.dir/CheckFunctionExists.c.o
/usr/bin/cc   -Wstrict-prototypes -DCHECK_FUNCTION_EXISTS=shm_open -std=c11 -o CMakeFiles/cmTC_044e0.dir/CheckFunctionExists.c.o -c /usr/share/cmake-3.22/Modules/CheckFunctionExists.c
Linking C executable cmTC_044e0
/usr/bin/cmake -E cmake_link_script CMakeFiles/cmTC_044e0.dir/link.txt --verbose=1
/usr/bin/cc  -Wstrict-prototypes -DCHECK_FUNCTION_EXISTS=shm_open CMakeFiles/cmTC_044e0.dir/CheckFunctionExists.c.o -o cmTC_044e0  -lrt 
gmake[1]: Leaving directory '/home/jeff-wang/LSM-tuning/comparedDBs/leveldb/build_release_f_10_C0_5000/CMakeFiles/CMakeTmp'



Performing C++ SOURCE FILE Test HAVE_CXX_FLAG_WALL succeeded with the following output:
Change Dir: /home/jeff-wang/LSM-tuning/comparedDBs/leveldb/build_release_f_10_C0_5000/CMakeFiles/CMakeTmp

Run Build Command(s):/usr/bin/gmake -f Makefile cmTC_7929a/fast && /usr/bin/gmake  -f CMakeFiles/cmTC_7929a.dir/build.make CMakeFiles/cmTC_7929a.dir/build
gmake[1]: Entering directory '/home/jeff-wang/LSM-tuning/comparedDBs/leveldb/build_release_f_10_C0_5000/CMakeFiles/CMakeTmp'
Building CXX object CMakeFiles/cmTC_7929a.dir/src.cxx.o
/usr/bin/c++ -DHAVE_CXX_FLAG_WALL  -fno-exceptions -fno-rtti  -Wall   -Wall -std=c++11 -o CMakeFiles/cmTC_7929a.dir/src.cxx.o -c /home/jeff-wang/LSM-tuning/comparedDBs/leveldb/build_release_f_10_C0_5000/CMakeFiles/CMakeTmp/src.cxx
Linking CXX executable cmTC_7929a
/usr/bin/cmake -E cmake_link_script CMakeFiles/cmTC_7929a.dir/link.txt --verbose=1
/usr/bin/c++  -fno-exceptions -fno-rtti  -Wall CMakeFiles/cmTC_7929a.dir/src.cxx.o -o cmTC_7929a 
gmake[1]: Leaving directory '/home/jeff-wang/LSM-tuning/comparedDBs/leveldb/build_release_f_10_C0_5000/CMakeFiles/CMakeTmp'


Source file was:
int main() { return 0; }
Performing C++ SOURCE FILE Test HAVE_CXX_FLAG_WEXTRA succeeded with the following output:
Change Dir: /home/jeff-wang/LSM-tuning/comparedDBs/leveldb/build_release_f_10_C0_5000/CMakeFiles/CMakeTmp

Run Build Command(s):/usr/bin/gmake -f Makefile cmTC_e022d/fast && /usr/bin/gmake  -f CMakeFiles/cmTC_e022d.dir/build.make CMakeFiles/cmTC_e022d.dir/build
gmake[1]: Entering directory '/home/jeff-wang/LSM-tuning/comparedDBs/leveldb/build_release_f_10_C0_5000/CMakeFiles/CMakeTmp'
Building CXX object CMakeFiles/cmTC_e022d.dir/src.cxx.o
/usr/bin/c++ -DHAVE_CXX_FLAG_WEXTRA  -fno-exceptions -fno-rtti  -Wall  -Wextra   -Wextra -std=c++11 -o CMakeFiles/cmTC_e022d.dir/src.cxx.o -c /home/jeff-wang/LSM-tuning/comparedDBs/leveldb/build_release_f_10_C0_5000/CMakeFiles/CMakeTmp/src.cxx
Linking CXX executable cmTC_e022d
/usr/bin/cmake -E cmake_link_script CMakeFiles/cmTC_e022d.dir/link.txt --verbose=1
/usr/bin/c++  -fno-exceptions -fno-rtti  -Wall  -Wextra CMakeFiles/cmTC_e022d.dir/src.cxx.o -o cmTC_e022d 
gmake[1]: Leaving directory '/home/jeff-wang/LSM-tuning/comparedDBs/leveldb/build_release_f_10_C0_5000/CMakeFiles/CMakeTmp'


Source file was:
int main() { return 0; }
Performing C++ SOURCE FILE Test HAVE_CXX_FLAG_WSHADOW succeeded with the following output:
Change Dir: /home/jeff-wang/LSM-tuning/comparedDBs/leveldb/build_release_f_10_C0_5000/CMakeFiles/CMakeTmp

Run Build Command(s):/usr/bin/gmake -f Makefile cmTC_bb7bc/fast && /usr/bin/gmake  -f CMakeFiles/cmTC_bb7bc.dir/build.make CMakeFiles/cmTC_bb7bc.dir/build
gmake[1]: Entering directory '/home/jeff-wang/LSM-tuning/comparedDBs/leveldb/build_release_f_10_C0_5000/CMakeFiles/CMakeTmp'
Building CXX object CMakeFiles/cmTC_bb7bc.dir/src.cxx.o
/usr/bin/c++ -DHAVE_CXX_FLAG_WSHADOW  -fno-exceptions -fno-rtti  -Wall  -Wextra  -Wshadow   -Wshadow -std=c++11 -o CMakeFiles/cmTC_bb7bc.dir/src.cxx.o -c /home/jeff-wang/LSM-tuning/comparedDBs/leveldb/build_release_f_10_C0_5000/CMakeFiles/CMakeTmp/src.cxx
Linking CXX executable cmTC_bb7bc
/usr/bin/cmake -E cmake_link_script CMakeFiles/cmTC_bb7bc.dir/link.txt --verbose=1
/usr/bin/c++  -fno-exceptions -fno-rtti  -Wall  -Wextra  -Wshadow CMakeFiles/cmTC_bb7bc.dir/src.cxx.o -o cmTC_bb7bc 
gmake[1]: Leaving directory '/home/jeff-wang/LSM-tuning/comparedDBs/leveldb/build_release_f_10_C0_5000/CMakeFiles/CMakeTmp'


Source file was:
int main() { return 0; }
Performing C++ SOURCE FILE Test HAVE_CXX_FLAG_WFLOAT_EQUAL succeeded with the following output:
Change Dir: /home/jeff-wang/LSM-tuning/comparedDBs/leveldb/build_release_f_10_C0_5000/CMakeFiles/CMakeTmp

Run Build Command(s):/usr/bin/gmake -f Makefile cmTC_0b078/fast && /usr/bin/gmake  -f CMakeFiles/cmTC_0b078.dir/build.make CMakeFiles/cmTC_0b078.dir/build
gmake[1]: Entering directory '/home/jeff-wang/LSM-tuning/comparedDBs/leveldb/build_release_f_10_C0_5000/CMakeFiles/CMakeTmp'
Building CXX object CMakeFiles/cmTC_0b078.dir/src.cxx.o
/usr/bin/c++ -DHAVE_CXX_FLAG_WFLOAT_EQUAL  -fno-exceptions -fno-rtti  -Wall  -Wextra  -Wshadow  -Wfloat-equal   -Wfloat-equal -std=c++11 -o CMakeFiles/cmTC_0b078.dir/src.cxx.o -c /home/jeff-wang/LSM-tuning/comparedDBs/leveldb/build_release_f_10_C0_5000/CMakeFiles/CMakeTmp/src.cxx
Linking CXX executable cmTC_0b078
/usr/bin/cmake -E cmake_link_script CMakeFiles/cmTC_0b078.dir/link.txt --verbose=1
/usr/bin/c++  -fno-exceptions -fno-rtti  -Wall  -Wextra  -Wshadow  -Wfloat-equal CMakeFiles/cmTC_0b078.dir/src.cxx.o -o cmTC_0b078 
gmake[1]: Leaving directory '/home/jeff-wang/LSM-tuning/comparedDBs/leveldb/build_release_f_10_C0_5000/CMakeFiles/CMakeTmp'


Source file was:
int main() { return 0; }
Performing C++ SOURCE FILE Test HAVE_CXX_FLAG_WERROR succeeded with the following output:
Change Dir: /home/jeff-wang/LSM-tuning/comparedDBs/leveldb/build_release_f_10_C0_5000/CMakeFiles/CMakeTmp

Run Build Command(s):/usr/bin/gmake -f Makefile cmTC_9e7c4/fast && /usr/bin/gmake  -f CMakeFiles/cmTC_9e7c4.dir/build.make CMakeFiles/cmTC_9e7c4.dir/build
gmake[1]: Entering directory '/home/jeff-wang/LSM-tuning/comparedDBs/leveldb/build_release_f_10_C0_5000/CMakeFiles/CMakeTmp'
Building CXX object CMakeFiles/cmTC_9e7c4.dir/src.cxx.o
/usr/bin/c++ -DHAVE_CXX_FLAG_WERROR  -fno-exceptions -fno-rtti  -Wall  -Wextra  -Wshadow  -Wfloat-equal  -Werror   -Werror -std=c++11 -o CMakeFiles/cmTC_9e7c4.dir/src.cxx.o -c /home/jeff-wang/LSM-tuning/comparedDBs/leveldb/build_release_f_10_C0_5000/CMakeFiles/CMakeTmp/src.cxx
Linking CXX executable cmTC_9e7c4
/usr/bin/cmake -E cmake_link_script CMakeFiles/cmTC_9e7c4.dir/link.txt --verbose=1
/usr/bin/c++  -fno-exceptions -fno-rtti  -Wall  -Wextra  -Wshadow  -Wfloat-equal  -Werror CMakeFiles/cmTC_9e7c4.dir/src.cxx.o -o cmTC_9e7c4 
gmake[1]: Leaving directory '/home/jeff-wang/LSM-tuning/comparedDBs/leveldb/build_release_f_10_C0_5000/CMakeFiles/CMakeTmp'


Source file was:
int main() { return 0; }
Performing C++ SOURCE FILE Test HAVE_CXX_FLAG_WSUGGEST_OVERRIDE succeeded with the following output:
Change Dir: /home/jeff-wang/LSM-tuning/comparedDBs/leveldb/build_release_f_10_C0_5000/CMakeFiles/CMakeTmp

Run Build Command(s):/usr/bin/gmake -f Makefile cmTC_de9fa/fast && /usr/bin/gmake  -f CMakeFiles/cmTC_de9fa.dir/build.make CMakeFiles/cmTC_de9fa.dir/build
gmake[1]: Entering directory '/home/jeff-wang/LSM-tuning/comparedDBs/leveldb/build_release_f_10_C0_5000/CMakeFiles/CMakeTmp'
Building CXX object CMakeFiles/cmTC_de9fa.dir/src.cxx.o
/usr/bin/c++ -DHAVE_CXX_FLAG_WSUGGEST_OVERRIDE  -fno-exceptions -fno-rtti  -Wall  -Wextra  -Wshadow  -Wfloat-equal  -Werror  -Wsuggest-override   -Wsuggest-override -std=c++11 -o CMakeFiles/cmTC_de9fa.dir/src.cxx.o -c /home/jeff-wang/LSM-tuning/comparedDBs/leveldb/build_release_f_10_C0_5000/CMakeFiles/CMakeTmp/src.cxx
Linking CXX executable cmTC_de9fa
/usr/bin/cmake -E cmake_link_script CMakeFiles/cmTC_de9fa.dir/link.txt --verbose=1
/usr/bin/c++  -fno-exceptions -fno-rtti  -Wall  -Wextra  -Wshadow  -Wfloat-equal  -Werror  -Wsuggest-override CMakeFiles/cmTC_de9fa.dir/src.cxx.o -o cmTC_de9fa 
gmake[1]: Leaving directory '/home/jeff-wang/LSM-tuning/comparedDBs/leveldb/build_release_f_10_C0_5000/CMakeFiles/CMakeTmp'


Source file was:
int main() { return 0; }
Performing C++ SOURCE FILE Test HAVE_CXX_FLAG_PEDANTIC succeeded with the following output:
Change Dir: /home/jeff-wang/LSM-tuning/comparedDBs/leveldb/build_release_f_10_C0_5000/CMakeFiles/CMakeTmp

Run Build Command(s):/usr/bin/gmake -f Makefile cmTC_0f07b/fast && /usr/bin/gmake  -f CMakeFiles/cmTC_0f07b.dir/build.make CMakeFiles/cmTC_0f07b.dir/build
gmake[1]: Entering directory '/home/jeff-wang/LSM-tuning/comparedDBs/leveldb/build_release_f_10_C0_5000/CMakeFiles/CMakeTmp'
Building CXX object CMakeFiles/cmTC_0f07b.dir/src.cxx.o
/usr/bin/c++ -DHAVE_CXX_FLAG_PEDANTIC  -fno-exceptions -fno-rtti  -Wall  -Wextra  -Wshadow  -Wfloat-equal  -Werror  -Wsuggest-override  -pedantic   -pedantic -std=c++11 -o CMakeFiles/cmTC_0f07b.dir/src.cxx.o -c /home/jeff-wang/LSM-tuning/comparedDBs/leveldb/build_release_f_10_C0_5000/CMakeFiles/CMakeTmp/src.cxx
Linking CXX executable cmTC_0f07b
/usr/bin/cmake -E cmake_link_script CMakeFiles/cmTC_0f07b.dir/link.txt --verbose=1
/usr/bin/c++  -fno-exceptions -fno-rtti  -Wall  -Wextra  -Wshadow  -Wfloat-equal  -Werror  -Wsuggest-override  -pedantic CMakeFiles/cmTC_0f07b.dir/src.cxx.o -o cmTC_0f07b 
gmake[1]: Leaving directory '/home/jeff-wang/LSM-tuning/comparedDBs/leveldb/build_release_f_10_C0_5000/CMakeFiles/CMakeTmp'


Source file was:
int main() { return 0; }
Performing C++ SOURCE FILE Test HAVE_CXX_FLAG_PEDANTIC_ERRORS succeeded with the following output:
Change Dir: /home/jeff-wang/LSM-tuning/comparedDBs/leveldb/build_release_f_10_C0_5000/CMakeFiles/CMakeTmp

Run Build Command(s):/usr/bin/gmake -f Makefile cmTC_4d129/fast && /usr/bin/gmake  -f CMakeFiles/cmTC_4d129.dir/build.make CMakeFiles/cmTC_4d129.dir/build
gmake[1]: Entering directory '/home/jeff-wang/LSM-tuning/comparedDBs/leveldb/build_release_f_10_C0_5000/CMakeFiles/CMakeTmp'
Building CXX object CMakeFiles/cmTC_4d129.dir/src.cxx.o
/usr/bin/c++ -DHAVE_CXX_FLAG_PEDANTIC_ERRORS  -fno-exceptions -fno-rtti  -Wall  -Wextra  -Wshadow  -Wfloat-equal  -Werror  -Wsuggest-override  -pedantic  -pedantic-errors   -pedantic-errors -std=c++11 -o CMakeFiles/cmTC_4d129.dir/src.cxx.o -c /home/jeff-wang/LSM-tuning/comparedDBs/leveldb/build_release_f_10_C0_5000/CMakeFiles/CMakeTmp/src.cxx
Linking CXX executable cmTC_4d129
/usr/bin/cmake -E cmake_link_script CMakeFiles/cmTC_4d129.dir/link.txt --verbose=1
/usr/bin/c++  -fno-exceptions -fno-rtti  -Wall  -Wextra  -Wshadow  -Wfloat-equal  -Werror  -Wsuggest-override  -pedantic  -pedantic-errors CMakeFiles/cmTC_4d129.dir/src.cxx.o -o cmTC_4d129 
gmake[1]: Leaving directory '/home/jeff-wang/LSM-tuning/comparedDBs/leveldb/build_release_f_10_C0_5000/CMakeFiles/CMakeTmp'


Source file was:
int main() { return 0; }
Performing C++ SOURCE FILE Test HAVE_CXX_FLAG_FSTRICT_ALIASING succeeded with the following output:
Change Dir: /home/jeff-wang/LSM-tuning/comparedDBs/leveldb/build_release_f_10_C0_5000/CMakeFiles/CMakeTmp

Run Build Command(s):/usr/bin/gmake -f Makefile cmTC_1a524/fast && /usr/bin/gmake  -f CMakeFiles/cmTC_1a524.dir/build.make CMakeFiles/cmTC_1a524.dir/build
gmake[1]: Entering directory '/home/jeff-wang/LSM-tuning/comparedDBs/leveldb/build_release_f_10_C0_5000/CMakeFiles/CMakeTmp'
Building CXX object CMakeFiles/cmTC_1a524.dir/src.cxx.o
/usr/bin/c++ -DHAVE_CXX_FLAG_FSTRICT_ALIASING  -fno-exceptions -fno-rtti  -Wall  -Wextra  -Wshadow  -Wfloat-equal  -Werror  -Wsuggest-override  -pedantic  -pedantic-errors  -fstrict-aliasing   -fstrict-aliasing -std=c++11 -o CMakeFiles/cmTC_1a524.dir/src.cxx.o -c /home/jeff-wang/LSM-tuning/comparedDBs/leveldb/build_release_f_10_C0_5000/CMakeFiles/CMakeTmp/src.cxx
Linking CXX executable cmTC_1a524
/usr/bin/cmake -E cmake_link_script CMakeFiles/cmTC_1a524.dir/link.txt --verbose=1
/usr/bin/c++  -fno-exceptions -fno-rtti  -Wall  -Wextra  -Wshadow  -Wfloat-equal  -Werror  -Wsuggest-override  -pedantic  -pedantic-errors  -fstrict-aliasing CMakeFiles/cmTC_1a524.dir/src.cxx.o -o cmTC_1a524 
gmake[1]: Leaving directory '/home/jeff-wang/LSM-tuning/comparedDBs/leveldb/build_release_f_10_C0_5000/CMakeFiles/CMakeTmp'


Source file was:
int main() { return 0; }
Performing C++ SOURCE FILE Test HAVE_CXX_FLAG_WNO_DEPRECATED_DECLARATIONS succeeded with the following output:
Change Dir: /home/jeff-wang/LSM-tuning/comparedDBs/leveldb/build_release_f_10_C0_5000/CMakeFiles/CMakeTmp

Run Build Command(s):/usr/bin/gmake -f Makefile cmTC_8a3cc/fast && /usr/bin/gmake  -f CMakeFiles/cmTC_8a3cc.dir/build.make CMakeFiles/cmTC_8a3cc.dir/build
gmake[1]: Entering directory '/home/jeff-wang/LSM-tuning/comparedDBs/leveldb/build_release_f_10_C0_5000/CMakeFiles/CMakeTmp'
Building CXX object CMakeFiles/cmTC_8a3cc.dir/src.cxx.o
/usr/bin/c++ -DHAVE_CXX_FLAG_WNO_DEPRECATED_DECLARATIONS  -fno-exceptions -fno-rtti  -Wall  -Wextra  -Wshadow  -Wfloat-equal  -Werror  -Wsuggest-override  -pedantic  -pedantic-errors  -fstrict-aliasing  -Wno-deprecated-declarations   -Wno-deprecated-declarations -std=c++11 -o CMakeFiles/cmTC_8a3cc.dir/src.cxx.o -c /home/jeff-wang/LSM-tuning/comparedDBs/leveldb/build_release_f_10_C0_5000/CMakeFiles/CMakeTmp/src.cxx
Linking CXX executable cmTC_8a3cc
/usr/bin/cmake -E cmake_link_script CMakeFiles/cmTC_8a3cc.dir/link.txt --verbose=1
/usr/bin/c++  -fno-exceptions -fno-rtti  -Wall  -Wextra  -Wshadow  -Wfloat-equal  -Werror  -Wsuggest-override  -pedantic  -pedantic-errors  -fstrict-aliasing  -Wno-deprecated-declarations CMakeFiles/cmTC_8a3cc.dir/src.cxx.o -o cmTC_8a3cc 
gmake[1]: Leaving directory '/home/jeff-wang/LSM-tuning/comparedDBs/leveldb/build_release_f_10_C0_5000/CMakeFiles/CMakeTmp'


Source file was:
int main() { return 0; }
Performing C++ SOURCE FILE Test HAVE_CXX_FLAG_WNO_DEPRECATED succeeded with the following output:
Change Dir: /home/jeff-wang/LSM-tuning/comparedDBs/leveldb/build_release_f_10_C0_5000/CMakeFiles/CMakeTmp

Run Build Command(s):/usr/bin/gmake -f Makefile cmTC_0b334/fast && /usr/bin/gmake  -f CMakeFiles/cmTC_0b334.dir/build.make CMakeFiles/cmTC_0b334.dir/build
gmake[1]: Entering directory '/home/jeff-wang/LSM-tuning/comparedDBs/leveldb/build_release_f_10_C0_5000/CMakeFiles/CMakeTmp'
Building CXX object CMakeFiles/cmTC_0b334.dir/src.cxx.o
/usr/bin/c++ -DHAVE_CXX_FLAG_WNO_DEPRECATED  -fno-exceptions -fno-rtti  -Wall  -Wextra  -Wshadow  -Wfloat-equal  -Werror  -Wsuggest-override  -pedantic  -pedantic-errors  -fstrict-aliasing  -Wno-deprecated-declarations  -Wno-deprecated   -Wno-deprecated -std=c++11 -o CMakeFiles/cmTC_0b334.dir/src.cxx.o -c /home/jeff-wang/LSM-tuning/comparedDBs/leveldb/build_release_f_10_C0_5000/CMakeFiles/CMakeTmp/src.cxx
Linking CXX executable cmTC_0b334
/usr/bin/cmake -E cmake_link_script CMakeFiles/cmTC_0b334.dir/link.txt --verbose=1
/usr/bin/c++  -fno-exceptions -fno-rtti  -Wall  -Wextra  -Wshadow  -Wfloat-equal  -Werror  -Wsuggest-override  -pedantic  -pedantic-errors  -fstrict-aliasing  -Wno-deprecated-declarations  -Wno-deprecated CMakeFiles/cmTC_0b334.dir/src.cxx.o -o cmTC_0b334 
gmake[1]: Leaving directory '/home/jeff-wang/LSM-tuning/comparedDBs/leveldb/build_release_f_10_C0_5000/CMakeFiles/CMakeTmp'


Source file was:
int main() { return 0; }
Performing C++ SOURCE FILE Test HAVE_CXX_FLAG_FNO_EXCEPTIONS succeeded with the following output:
Change Dir: /home/jeff-wang/LSM-tuning/comparedDBs/leveldb/build_release_f_10_C0_5000/CMakeFiles/CMakeTmp

Run Build Command(s):/usr/bin/gmake -f Makefile cmTC_304bc/fast && /usr/bin/gmake  -f CMakeFiles/cmTC_304bc.dir/build.make CMakeFiles/cmTC_304bc.dir/build
gmake[1]: Entering directory '/home/jeff-wang/LSM-tuning/comparedDBs/leveldb/build_release_f_10_C0_5000/CMakeFiles/CMakeTmp'
Building CXX object CMakeFiles/cmTC_304bc.dir/src.cxx.o
/usr/bin/c++ -DHAVE_CXX_FLAG_FNO_EXCEPTIONS  -fno-exceptions -fno-rtti  -Wall  -Wextra  -Wshadow  -Wfloat-equal  -Werror  -Wsuggest-override  -pedantic  -pedantic-errors  -fstrict-aliasing  -Wno-deprecated-declarations  -Wno-deprecated  -fno-exceptions   -fno-exceptions -std=c++11 -o CMakeFiles/cmTC_304bc.dir/src.cxx.o -c /home/jeff-wang/LSM-tuning/comparedDBs/leveldb/build_release_f_10_C0_5000/CMakeFiles/CMakeTmp/src.cxx
Linking CXX executable cmTC_304bc
/usr/bin/cmake -E cmake_link_script CMakeFiles/cmTC_304bc.dir/link.txt --verbose=1
/usr/bin/c++  -fno-exceptions -fno-rtti  -Wall  -Wextra  -Wshadow  -Wfloat-equal  -Werror  -Wsuggest-override  -pedantic  -pedantic-errors  -fstrict-aliasing  -Wno-deprecated-declarations  -Wno-deprecated  -fno-exceptions CMakeFiles/cmTC_304bc.dir/src.cxx.o -o cmTC_304bc 
gmake[1]: Leaving directory '/home/jeff-wang/LSM-tuning/comparedDBs/leveldb/build_release_f_10_C0_5000/CMakeFiles/CMakeTmp'


Source file was:
int main() { return 0; }
Performing C++ SOURCE FILE Test HAVE_CXX_FLAG_WSTRICT_ALIASING succeeded with the following output:
Change Dir: /home/jeff-wang/LSM-tuning/comparedDBs/leveldb/build_release_f_10_C0_5000/CMakeFiles/CMakeTmp

Run Build Command(s):/usr/bin/gmake -f Makefile cmTC_95195/fast && /usr/bin/gmake  -f CMakeFiles/cmTC_95195.dir/build.make CMakeFiles/cmTC_95195.dir/build
gmake[1]: Entering directory '/home/jeff-wang/LSM-tuning/comparedDBs/leveldb/build_release_f_10_C0_5000/CMakeFiles/CMakeTmp'
Building CXX object CMakeFiles/cmTC_95195.dir/src.cxx.o
/usr/bin/c++ -DHAVE_CXX_FLAG_WSTRICT_ALIASING  -fno-exceptions -fno-rtti  -Wall  -Wextra  -Wshadow  -Wfloat-equal  -Werror  -Wsuggest-override  -pedantic  -pedantic-errors  -fstrict-aliasing  -Wno-deprecated-declarations  -Wno-deprecated  -fno-exceptions  -Wstrict-aliasing   -Wstrict-aliasing -std=c++11 -o CMakeFiles/cmTC_95195.dir/src.cxx.o -c /home/jeff-wang/LSM-tuning/comparedDBs/leveldb/build_release_f_10_C0_5000/CMakeFiles/CMakeTmp/src.cxx
Linking CXX executable cmTC_95195
/usr/bin/cmake -E cmake_link_script CMakeFiles/cmTC_95195.dir/link.txt --verbose=1
/usr/bin/c++  -fno-exceptions -fno-rtti  -Wall  -Wextra  -Wshadow  -Wfloat-equal  -Werror  -Wsuggest-override  -pedantic  -pedantic-errors  -fstrict-aliasing  -Wno-deprecated-declarations  -Wno-deprecated  -fno-exceptions  -Wstrict-aliasing CMakeFiles/cmTC_95195.dir/src.cxx.o -o cmTC_95195 
gmake[1]: Leaving directory '/home/jeff-wang/LSM-tuning/comparedDBs/leveldb/build_release_f_10_C0_5000/CMakeFiles/CMakeTmp'


Source file was:
int main() { return 0; }
Performing C++ SOURCE FILE Test HAVE_CXX_FLAG_COVERAGE succeeded with the following output:
Change Dir: /home/jeff-wang/LSM-tuning/comparedDBs/leveldb/build_release_f_10_C0_5000/CMakeFiles/CMakeTmp

Run Build Command(s):/usr/bin/gmake -f Makefile cmTC_31708/fast && /usr/bin/gmake  -f CMakeFiles/cmTC_31708.dir/build.make CMakeFiles/cmTC_31708.dir/build
gmake[1]: Entering directory '/home/jeff-wang/LSM-tuning/comparedDBs/leveldb/build_release_f_10_C0_5000/CMakeFiles/CMakeTmp'
Building CXX object CMakeFiles/cmTC_31708.dir/src.cxx.o
/usr/bin/c++ -DHAVE_CXX_FLAG_COVERAGE  -fno-exceptions -fno-rtti  -Wall  -Wextra  -Wshadow  -Wfloat-equal  -Werror  -Wsuggest-override  -pedantic  -pedantic-errors  -fstrict-aliasing  -Wno-deprecated-declarations  -Wno-deprecated  -fno-exceptions  -Wstrict-aliasing  --coverage   --coverage -std=c++11 -o CMakeFiles/cmTC_31708.dir/src.cxx.o -c /home/jeff-wang/LSM-tuning/comparedDBs/leveldb/build_release_f_10_C0_5000/CMakeFiles/CMakeTmp/src.cxx
Linking CXX executable cmTC_31708
/usr/bin/cmake -E cmake_link_script CMakeFiles/cmTC_31708.dir/link.txt --verbose=1
/usr/bin/c++  -fno-exceptions -fno-rtti  -Wall  -Wextra  -Wshadow  -Wfloat-equal  -Werror  -Wsuggest-override  -pedantic  -pedantic-errors  -fstrict-aliasing  -Wno-deprecated-declarations  -Wno-deprecated  -fno-exceptions  -Wstrict-aliasing  --coverage CMakeFiles/cmTC_31708.dir/src.cxx.o -o cmTC_31708 
gmake[1]: Leaving directory '/home/jeff-wang/LSM-tuning/comparedDBs/leveldb/build_release_f_10_C0_5000/CMakeFiles/CMakeTmp'


Source file was:
int main() { return 0; }
