Determining if the function crc32c_value exists in the crc32c failed with the following output:
Change Dir: /home/jeff-wang/LSM-tuning/SATune/release/CMakeFiles/CMakeTmp

Run Build Command(s):/usr/bin/gmake -f Makefile cmTC_ce952/fast && /usr/bin/gmake  -f CMakeFiles/cmTC_ce952.dir/build.make CMakeFiles/cmTC_ce952.dir/build
gmake[1]: Entering directory '/home/jeff-wang/LSM-tuning/SATune/release/CMakeFiles/CMakeTmp'
Building C object CMakeFiles/cmTC_ce952.dir/CheckFunctionExists.c.o
/usr/bin/cc   -DCHECK_FUNCTION_EXISTS=crc32c_value -std=c11 -o CMakeFiles/cmTC_ce952.dir/CheckFunctionExists.c.o -c /usr/share/cmake-3.22/Modules/CheckFunctionExists.c
Linking C executable cmTC_ce952
/usr/bin/cmake -E cmake_link_script CMakeFiles/cmTC_ce952.dir/link.txt --verbose=1
/usr/bin/cc  -DCHECK_FUNCTION_EXISTS=crc32c_value CMakeFiles/cmTC_ce952.dir/CheckFunctionExists.c.o -o cmTC_ce952  -lcrc32c 
/usr/bin/ld: cannot find -lcrc32c: No such file or directory
collect2: error: ld returned 1 exit status
gmake[1]: *** [CMakeFiles/cmTC_ce952.dir/build.make:99: cmTC_ce952] Error 1
gmake[1]: Leaving directory '/home/jeff-wang/LSM-tuning/SATune/release/CMakeFiles/CMakeTmp'
gmake: *** [Makefile:127: cmTC_ce952/fast] Error 2



Determining if the function zstd_compress exists in the zstd failed with the following output:
Change Dir: /home/jeff-wang/LSM-tuning/SATune/release/CMakeFiles/CMakeTmp

Run Build Command(s):/usr/bin/gmake -f Makefile cmTC_5f0b3/fast && /usr/bin/gmake  -f CMakeFiles/cmTC_5f0b3.dir/build.make CMakeFiles/cmTC_5f0b3.dir/build
gmake[1]: Entering directory '/home/jeff-wang/LSM-tuning/SATune/release/CMakeFiles/CMakeTmp'
Building C object CMakeFiles/cmTC_5f0b3.dir/CheckFunctionExists.c.o
/usr/bin/cc   -DCHECK_FUNCTION_EXISTS=zstd_compress -std=c11 -o CMakeFiles/cmTC_5f0b3.dir/CheckFunctionExists.c.o -c /usr/share/cmake-3.22/Modules/CheckFunctionExists.c
Linking C executable cmTC_5f0b3
/usr/bin/cmake -E cmake_link_script CMakeFiles/cmTC_5f0b3.dir/link.txt --verbose=1
/usr/bin/cc  -DCHECK_FUNCTION_EXISTS=zstd_compress CMakeFiles/cmTC_5f0b3.dir/CheckFunctionExists.c.o -o cmTC_5f0b3  -lzstd 
/usr/bin/ld: CMakeFiles/cmTC_5f0b3.dir/CheckFunctionExists.c.o: in function `main':
CheckFunctionExists.c:(.text+0x14): undefined reference to `zstd_compress'
collect2: error: ld returned 1 exit status
gmake[1]: *** [CMakeFiles/cmTC_5f0b3.dir/build.make:99: cmTC_5f0b3] Error 1
gmake[1]: Leaving directory '/home/jeff-wang/LSM-tuning/SATune/release/CMakeFiles/CMakeTmp'
gmake: *** [Makefile:127: cmTC_5f0b3/fast] Error 2



Determining if the F_FULLFSYNC exist failed with the following output:
Change Dir: /home/jeff-wang/LSM-tuning/SATune/release/CMakeFiles/CMakeTmp

Run Build Command(s):/usr/bin/gmake -f Makefile cmTC_344df/fast && /usr/bin/gmake  -f CMakeFiles/cmTC_344df.dir/build.make CMakeFiles/cmTC_344df.dir/build
gmake[1]: Entering directory '/home/jeff-wang/LSM-tuning/SATune/release/CMakeFiles/CMakeTmp'
Building CXX object CMakeFiles/cmTC_344df.dir/CheckSymbolExists.cxx.o
/usr/bin/c++   -std=c++11 -o CMakeFiles/cmTC_344df.dir/CheckSymbolExists.cxx.o -c /home/jeff-wang/LSM-tuning/SATune/release/CMakeFiles/CMakeTmp/CheckSymbolExists.cxx
/home/jeff-wang/LSM-tuning/SATune/release/CMakeFiles/CMakeTmp/CheckSymbolExists.cxx: In function ‘int main(int, char**)’:
/home/jeff-wang/LSM-tuning/SATune/release/CMakeFiles/CMakeTmp/CheckSymbolExists.cxx:8:19: error: ‘F_FULLFSYNC’ was not declared in this scope
    8 |   return ((int*)(&F_FULLFSYNC))[argc];
      |                   ^~~~~~~~~~~
gmake[1]: *** [CMakeFiles/cmTC_344df.dir/build.make:78: CMakeFiles/cmTC_344df.dir/CheckSymbolExists.cxx.o] Error 1
gmake[1]: Leaving directory '/home/jeff-wang/LSM-tuning/SATune/release/CMakeFiles/CMakeTmp'
gmake: *** [Makefile:127: cmTC_344df/fast] Error 2


File /home/jeff-wang/LSM-tuning/SATune/release/CMakeFiles/CMakeTmp/CheckSymbolExists.cxx:
/* */
#include <fcntl.h>

int main(int argc, char** argv)
{
  (void)argv;
#ifndef F_FULLFSYNC
  return ((int*)(&F_FULLFSYNC))[argc];
#else
  (void)argc;
  return 0;
#endif
}
Performing C++ SOURCE FILE Test HAVE_CLANG_THREAD_SAFETY failed with the following output:
Change Dir: /home/jeff-wang/LSM-tuning/SATune/release/CMakeFiles/CMakeTmp

Run Build Command(s):/usr/bin/gmake -f Makefile cmTC_8d465/fast && /usr/bin/gmake  -f CMakeFiles/cmTC_8d465.dir/build.make CMakeFiles/cmTC_8d465.dir/build
gmake[1]: Entering directory '/home/jeff-wang/LSM-tuning/SATune/release/CMakeFiles/CMakeTmp'
Building CXX object CMakeFiles/cmTC_8d465.dir/src.cxx.o
/usr/bin/c++ -DHAVE_CLANG_THREAD_SAFETY  -fno-exceptions -fno-rtti    -Wthread-safety -std=c++11 -o CMakeFiles/cmTC_8d465.dir/src.cxx.o -c /home/jeff-wang/LSM-tuning/SATune/release/CMakeFiles/CMakeTmp/src.cxx
c++: error: unrecognized command-line option '-Wthread-safety'
gmake[1]: *** [CMakeFiles/cmTC_8d465.dir/build.make:78: CMakeFiles/cmTC_8d465.dir/src.cxx.o] Error 1
gmake[1]: Leaving directory '/home/jeff-wang/LSM-tuning/SATune/release/CMakeFiles/CMakeTmp'
gmake: *** [Makefile:127: cmTC_8d465/fast] Error 2


Source file was:
int main() { return 0; }
Performing C++ SOURCE FILE Test HAVE_CXX_FLAG_WSHORTEN_64_TO_32 failed with the following output:
Change Dir: /home/jeff-wang/LSM-tuning/SATune/release/CMakeFiles/CMakeTmp

Run Build Command(s):/usr/bin/gmake -f Makefile cmTC_d3dae/fast && /usr/bin/gmake  -f CMakeFiles/cmTC_d3dae.dir/build.make CMakeFiles/cmTC_d3dae.dir/build
gmake[1]: Entering directory '/home/jeff-wang/LSM-tuning/SATune/release/CMakeFiles/CMakeTmp'
Building CXX object CMakeFiles/cmTC_d3dae.dir/src.cxx.o
/usr/bin/c++ -DHAVE_CXX_FLAG_WSHORTEN_64_TO_32  -fno-exceptions -fno-rtti  -Wall  -Wextra  -Wshadow  -Wfloat-equal  -Werror  -Wsuggest-override  -pedantic  -pedantic-errors  -Wshorten-64-to-32   -Wshorten-64-to-32 -std=c++11 -o CMakeFiles/cmTC_d3dae.dir/src.cxx.o -c /home/jeff-wang/LSM-tuning/SATune/release/CMakeFiles/CMakeTmp/src.cxx
c++: error: unrecognized command-line option '-Wshorten-64-to-32'
c++: error: unrecognized command-line option '-Wshorten-64-to-32'
gmake[1]: *** [CMakeFiles/cmTC_d3dae.dir/build.make:78: CMakeFiles/cmTC_d3dae.dir/src.cxx.o] Error 1
gmake[1]: Leaving directory '/home/jeff-wang/LSM-tuning/SATune/release/CMakeFiles/CMakeTmp'
gmake: *** [Makefile:127: cmTC_d3dae/fast] Error 2


Source file was:
int main() { return 0; }
Performing C++ SOURCE FILE Test HAVE_CXX_FLAG_WD654 failed with the following output:
Change Dir: /home/jeff-wang/LSM-tuning/SATune/release/CMakeFiles/CMakeTmp

Run Build Command(s):/usr/bin/gmake -f Makefile cmTC_3d783/fast && /usr/bin/gmake  -f CMakeFiles/cmTC_3d783.dir/build.make CMakeFiles/cmTC_3d783.dir/build
gmake[1]: Entering directory '/home/jeff-wang/LSM-tuning/SATune/release/CMakeFiles/CMakeTmp'
Building CXX object CMakeFiles/cmTC_3d783.dir/src.cxx.o
/usr/bin/c++ -DHAVE_CXX_FLAG_WD654  -fno-exceptions -fno-rtti  -Wall  -Wextra  -Wshadow  -Wfloat-equal  -Werror  -Wsuggest-override  -pedantic  -pedantic-errors  -fstrict-aliasing  -Wno-deprecated-declarations  -Wno-deprecated  -fno-exceptions  -Wstrict-aliasing  -wd654   -wd654 -std=c++11 -o CMakeFiles/cmTC_3d783.dir/src.cxx.o -c /home/jeff-wang/LSM-tuning/SATune/release/CMakeFiles/CMakeTmp/src.cxx
c++: error: unrecognized command-line option '-wd654'
c++: error: unrecognized command-line option '-wd654'
gmake[1]: *** [CMakeFiles/cmTC_3d783.dir/build.make:78: CMakeFiles/cmTC_3d783.dir/src.cxx.o] Error 1
gmake[1]: Leaving directory '/home/jeff-wang/LSM-tuning/SATune/release/CMakeFiles/CMakeTmp'
gmake: *** [Makefile:127: cmTC_3d783/fast] Error 2


Source file was:
int main() { return 0; }
Performing C++ SOURCE FILE Test HAVE_CXX_FLAG_WTHREAD_SAFETY failed with the following output:
Change Dir: /home/jeff-wang/LSM-tuning/SATune/release/CMakeFiles/CMakeTmp

Run Build Command(s):/usr/bin/gmake -f Makefile cmTC_6f89a/fast && /usr/bin/gmake  -f CMakeFiles/cmTC_6f89a.dir/build.make CMakeFiles/cmTC_6f89a.dir/build
gmake[1]: Entering directory '/home/jeff-wang/LSM-tuning/SATune/release/CMakeFiles/CMakeTmp'
Building CXX object CMakeFiles/cmTC_6f89a.dir/src.cxx.o
/usr/bin/c++ -DHAVE_CXX_FLAG_WTHREAD_SAFETY  -fno-exceptions -fno-rtti  -Wall  -Wextra  -Wshadow  -Wfloat-equal  -Werror  -Wsuggest-override  -pedantic  -pedantic-errors  -fstrict-aliasing  -Wno-deprecated-declarations  -Wno-deprecated  -fno-exceptions  -Wstrict-aliasing  -Wthread-safety   -Wthread-safety -std=c++11 -o CMakeFiles/cmTC_6f89a.dir/src.cxx.o -c /home/jeff-wang/LSM-tuning/SATune/release/CMakeFiles/CMakeTmp/src.cxx
c++: error: unrecognized command-line option '-Wthread-safety'
c++: error: unrecognized command-line option '-Wthread-safety'
gmake[1]: *** [CMakeFiles/cmTC_6f89a.dir/build.make:78: CMakeFiles/cmTC_6f89a.dir/src.cxx.o] Error 1
gmake[1]: Leaving directory '/home/jeff-wang/LSM-tuning/SATune/release/CMakeFiles/CMakeTmp'
gmake: *** [Makefile:127: cmTC_6f89a/fast] Error 2


Source file was:
int main() { return 0; }
Performing C++ SOURCE FILE Test HAVE_KYOTOCABINET failed with the following output:
Change Dir: /home/jeff-wang/LSM-tuning/SATune/release/CMakeFiles/CMakeTmp

Run Build Command(s):/usr/bin/gmake -f Makefile cmTC_7d718/fast && /usr/bin/gmake  -f CMakeFiles/cmTC_7d718.dir/build.make CMakeFiles/cmTC_7d718.dir/build
gmake[1]: Entering directory '/home/jeff-wang/LSM-tuning/SATune/release/CMakeFiles/CMakeTmp'
Building CXX object CMakeFiles/cmTC_7d718.dir/src.cxx.o
/usr/bin/c++ -DHAVE_KYOTOCABINET  -fno-exceptions -fno-rtti  -std=c++11 -o CMakeFiles/cmTC_7d718.dir/src.cxx.o -c /home/jeff-wang/LSM-tuning/SATune/release/CMakeFiles/CMakeTmp/src.cxx
/home/jeff-wang/LSM-tuning/SATune/release/CMakeFiles/CMakeTmp/src.cxx:2:10: fatal error: kcpolydb.h: No such file or directory
    2 | #include <kcpolydb.h>
      |          ^~~~~~~~~~~~
compilation terminated.
gmake[1]: *** [CMakeFiles/cmTC_7d718.dir/build.make:78: CMakeFiles/cmTC_7d718.dir/src.cxx.o] Error 1
gmake[1]: Leaving directory '/home/jeff-wang/LSM-tuning/SATune/release/CMakeFiles/CMakeTmp'
gmake: *** [Makefile:127: cmTC_7d718/fast] Error 2


Source file was:

#include <kcpolydb.h>

int main() {
  kyotocabinet::TreeDB* db = new kyotocabinet::TreeDB();
  delete db;
  return 0;
}
  
