Determining if the function crc32c_value exists in the crc32c failed with the following output:
Change Dir: /home/jeff-wang/LSM-tuning/build/CMakeFiles/CMakeTmp

Run Build Command(s):/usr/bin/gmake -f Makefile cmTC_9eacb/fast && /usr/bin/gmake  -f CMakeFiles/cmTC_9eacb.dir/build.make CMakeFiles/cmTC_9eacb.dir/build
gmake[1]: Entering directory '/home/jeff-wang/LSM-tuning/build/CMakeFiles/CMakeTmp'
Building C object CMakeFiles/cmTC_9eacb.dir/CheckFunctionExists.c.o
/usr/bin/gcc   -DCHECK_FUNCTION_EXISTS=crc32c_value -std=c11 -o CMakeFiles/cmTC_9eacb.dir/CheckFunctionExists.c.o -c /usr/share/cmake-3.22/Modules/CheckFunctionExists.c
Linking C executable cmTC_9eacb
/usr/bin/cmake -E cmake_link_script CMakeFiles/cmTC_9eacb.dir/link.txt --verbose=1
/usr/bin/gcc  -DCHECK_FUNCTION_EXISTS=crc32c_value CMakeFiles/cmTC_9eacb.dir/CheckFunctionExists.c.o -o cmTC_9eacb  -lcrc32c 
/usr/bin/ld: cannot find -lcrc32c: No such file or directory
collect2: error: ld returned 1 exit status
gmake[1]: *** [CMakeFiles/cmTC_9eacb.dir/build.make:99: cmTC_9eacb] Error 1
gmake[1]: Leaving directory '/home/jeff-wang/LSM-tuning/build/CMakeFiles/CMakeTmp'
gmake: *** [Makefile:127: cmTC_9eacb/fast] Error 2



Determining if the function zstd_compress exists in the zstd failed with the following output:
Change Dir: /home/jeff-wang/LSM-tuning/build/CMakeFiles/CMakeTmp

Run Build Command(s):/usr/bin/gmake -f Makefile cmTC_47a3c/fast && /usr/bin/gmake  -f CMakeFiles/cmTC_47a3c.dir/build.make CMakeFiles/cmTC_47a3c.dir/build
gmake[1]: Entering directory '/home/jeff-wang/LSM-tuning/build/CMakeFiles/CMakeTmp'
Building C object CMakeFiles/cmTC_47a3c.dir/CheckFunctionExists.c.o
/usr/bin/gcc   -DCHECK_FUNCTION_EXISTS=zstd_compress -std=c11 -o CMakeFiles/cmTC_47a3c.dir/CheckFunctionExists.c.o -c /usr/share/cmake-3.22/Modules/CheckFunctionExists.c
Linking C executable cmTC_47a3c
/usr/bin/cmake -E cmake_link_script CMakeFiles/cmTC_47a3c.dir/link.txt --verbose=1
/usr/bin/gcc  -DCHECK_FUNCTION_EXISTS=zstd_compress CMakeFiles/cmTC_47a3c.dir/CheckFunctionExists.c.o -o cmTC_47a3c  -lzstd 
/usr/bin/ld: CMakeFiles/cmTC_47a3c.dir/CheckFunctionExists.c.o: in function `main':
CheckFunctionExists.c:(.text+0x14): undefined reference to `zstd_compress'
collect2: error: ld returned 1 exit status
gmake[1]: *** [CMakeFiles/cmTC_47a3c.dir/build.make:99: cmTC_47a3c] Error 1
gmake[1]: Leaving directory '/home/jeff-wang/LSM-tuning/build/CMakeFiles/CMakeTmp'
gmake: *** [Makefile:127: cmTC_47a3c/fast] Error 2



Determining if the F_FULLFSYNC exist failed with the following output:
Change Dir: /home/jeff-wang/LSM-tuning/build/CMakeFiles/CMakeTmp

Run Build Command(s):/usr/bin/gmake -f Makefile cmTC_26bc7/fast && /usr/bin/gmake  -f CMakeFiles/cmTC_26bc7.dir/build.make CMakeFiles/cmTC_26bc7.dir/build
gmake[1]: Entering directory '/home/jeff-wang/LSM-tuning/build/CMakeFiles/CMakeTmp'
Building CXX object CMakeFiles/cmTC_26bc7.dir/CheckSymbolExists.cxx.o
/usr/bin/g++   -std=c++11 -o CMakeFiles/cmTC_26bc7.dir/CheckSymbolExists.cxx.o -c /home/jeff-wang/LSM-tuning/build/CMakeFiles/CMakeTmp/CheckSymbolExists.cxx
/home/jeff-wang/LSM-tuning/build/CMakeFiles/CMakeTmp/CheckSymbolExists.cxx: In function ‘int main(int, char**)’:
/home/jeff-wang/LSM-tuning/build/CMakeFiles/CMakeTmp/CheckSymbolExists.cxx:8:19: error: ‘F_FULLFSYNC’ was not declared in this scope
    8 |   return ((int*)(&F_FULLFSYNC))[argc];
      |                   ^~~~~~~~~~~
gmake[1]: *** [CMakeFiles/cmTC_26bc7.dir/build.make:78: CMakeFiles/cmTC_26bc7.dir/CheckSymbolExists.cxx.o] Error 1
gmake[1]: Leaving directory '/home/jeff-wang/LSM-tuning/build/CMakeFiles/CMakeTmp'
gmake: *** [Makefile:127: cmTC_26bc7/fast] Error 2


File /home/jeff-wang/LSM-tuning/build/CMakeFiles/CMakeTmp/CheckSymbolExists.cxx:
/* */
#include <fcntl.h>

int main(int argc, char** argv)
{
  (void)argv;
#ifndef F_FULLFSYNC
  return ((int*)(&F_FULLFSYNC))[argc];
#else
  (void)argc;
  return 0;
#endif
}
Performing C++ SOURCE FILE Test HAVE_CLANG_THREAD_SAFETY failed with the following output:
Change Dir: /home/jeff-wang/LSM-tuning/build/CMakeFiles/CMakeTmp

Run Build Command(s):/usr/bin/gmake -f Makefile cmTC_3a50c/fast && /usr/bin/gmake  -f CMakeFiles/cmTC_3a50c.dir/build.make CMakeFiles/cmTC_3a50c.dir/build
gmake[1]: Entering directory '/home/jeff-wang/LSM-tuning/build/CMakeFiles/CMakeTmp'
Building CXX object CMakeFiles/cmTC_3a50c.dir/src.cxx.o
/usr/bin/g++ -DHAVE_CLANG_THREAD_SAFETY  -fno-exceptions -fno-rtti    -Wthread-safety -std=c++11 -o CMakeFiles/cmTC_3a50c.dir/src.cxx.o -c /home/jeff-wang/LSM-tuning/build/CMakeFiles/CMakeTmp/src.cxx
g++: error: unrecognized command-line option '-Wthread-safety'
gmake[1]: *** [CMakeFiles/cmTC_3a50c.dir/build.make:78: CMakeFiles/cmTC_3a50c.dir/src.cxx.o] Error 1
gmake[1]: Leaving directory '/home/jeff-wang/LSM-tuning/build/CMakeFiles/CMakeTmp'
gmake: *** [Makefile:127: cmTC_3a50c/fast] Error 2


Source file was:
int main() { return 0; }
Performing C++ SOURCE FILE Test HAVE_CXX_FLAG_WSHORTEN_64_TO_32 failed with the following output:
Change Dir: /home/jeff-wang/LSM-tuning/build/CMakeFiles/CMakeTmp

Run Build Command(s):/usr/bin/gmake -f Makefile cmTC_a85eb/fast && /usr/bin/gmake  -f CMakeFiles/cmTC_a85eb.dir/build.make CMakeFiles/cmTC_a85eb.dir/build
gmake[1]: Entering directory '/home/jeff-wang/LSM-tuning/build/CMakeFiles/CMakeTmp'
Building CXX object CMakeFiles/cmTC_a85eb.dir/src.cxx.o
/usr/bin/g++ -DHAVE_CXX_FLAG_WSHORTEN_64_TO_32  -fno-exceptions -fno-rtti  -Wall  -Wextra  -Wshadow  -Wfloat-equal  -Werror  -Wsuggest-override  -pedantic  -pedantic-errors  -Wshorten-64-to-32   -Wshorten-64-to-32 -std=c++11 -o CMakeFiles/cmTC_a85eb.dir/src.cxx.o -c /home/jeff-wang/LSM-tuning/build/CMakeFiles/CMakeTmp/src.cxx
g++: error: unrecognized command-line option '-Wshorten-64-to-32'
g++: error: unrecognized command-line option '-Wshorten-64-to-32'
gmake[1]: *** [CMakeFiles/cmTC_a85eb.dir/build.make:78: CMakeFiles/cmTC_a85eb.dir/src.cxx.o] Error 1
gmake[1]: Leaving directory '/home/jeff-wang/LSM-tuning/build/CMakeFiles/CMakeTmp'
gmake: *** [Makefile:127: cmTC_a85eb/fast] Error 2


Source file was:
int main() { return 0; }
Performing C++ SOURCE FILE Test HAVE_CXX_FLAG_WD654 failed with the following output:
Change Dir: /home/jeff-wang/LSM-tuning/build/CMakeFiles/CMakeTmp

Run Build Command(s):/usr/bin/gmake -f Makefile cmTC_b5d9d/fast && /usr/bin/gmake  -f CMakeFiles/cmTC_b5d9d.dir/build.make CMakeFiles/cmTC_b5d9d.dir/build
gmake[1]: Entering directory '/home/jeff-wang/LSM-tuning/build/CMakeFiles/CMakeTmp'
Building CXX object CMakeFiles/cmTC_b5d9d.dir/src.cxx.o
/usr/bin/g++ -DHAVE_CXX_FLAG_WD654  -fno-exceptions -fno-rtti  -Wall  -Wextra  -Wshadow  -Wfloat-equal  -Werror  -Wsuggest-override  -pedantic  -pedantic-errors  -fstrict-aliasing  -Wno-deprecated-declarations  -Wno-deprecated  -fno-exceptions  -Wstrict-aliasing  -wd654   -wd654 -std=c++11 -o CMakeFiles/cmTC_b5d9d.dir/src.cxx.o -c /home/jeff-wang/LSM-tuning/build/CMakeFiles/CMakeTmp/src.cxx
g++: error: unrecognized command-line option '-wd654'
g++: error: unrecognized command-line option '-wd654'
gmake[1]: *** [CMakeFiles/cmTC_b5d9d.dir/build.make:78: CMakeFiles/cmTC_b5d9d.dir/src.cxx.o] Error 1
gmake[1]: Leaving directory '/home/jeff-wang/LSM-tuning/build/CMakeFiles/CMakeTmp'
gmake: *** [Makefile:127: cmTC_b5d9d/fast] Error 2


Source file was:
int main() { return 0; }
Performing C++ SOURCE FILE Test HAVE_CXX_FLAG_WTHREAD_SAFETY failed with the following output:
Change Dir: /home/jeff-wang/LSM-tuning/build/CMakeFiles/CMakeTmp

Run Build Command(s):/usr/bin/gmake -f Makefile cmTC_a4dca/fast && /usr/bin/gmake  -f CMakeFiles/cmTC_a4dca.dir/build.make CMakeFiles/cmTC_a4dca.dir/build
gmake[1]: Entering directory '/home/jeff-wang/LSM-tuning/build/CMakeFiles/CMakeTmp'
Building CXX object CMakeFiles/cmTC_a4dca.dir/src.cxx.o
/usr/bin/g++ -DHAVE_CXX_FLAG_WTHREAD_SAFETY  -fno-exceptions -fno-rtti  -Wall  -Wextra  -Wshadow  -Wfloat-equal  -Werror  -Wsuggest-override  -pedantic  -pedantic-errors  -fstrict-aliasing  -Wno-deprecated-declarations  -Wno-deprecated  -fno-exceptions  -Wstrict-aliasing  -Wthread-safety   -Wthread-safety -std=c++11 -o CMakeFiles/cmTC_a4dca.dir/src.cxx.o -c /home/jeff-wang/LSM-tuning/build/CMakeFiles/CMakeTmp/src.cxx
g++: error: unrecognized command-line option '-Wthread-safety'
g++: error: unrecognized command-line option '-Wthread-safety'
gmake[1]: *** [CMakeFiles/cmTC_a4dca.dir/build.make:78: CMakeFiles/cmTC_a4dca.dir/src.cxx.o] Error 1
gmake[1]: Leaving directory '/home/jeff-wang/LSM-tuning/build/CMakeFiles/CMakeTmp'
gmake: *** [Makefile:127: cmTC_a4dca/fast] Error 2


Source file was:
int main() { return 0; }
Performing C++ SOURCE FILE Test HAVE_KYOTOCABINET failed with the following output:
Change Dir: /home/jeff-wang/LSM-tuning/build/CMakeFiles/CMakeTmp

Run Build Command(s):/usr/bin/gmake -f Makefile cmTC_9a1a7/fast && /usr/bin/gmake  -f CMakeFiles/cmTC_9a1a7.dir/build.make CMakeFiles/cmTC_9a1a7.dir/build
gmake[1]: Entering directory '/home/jeff-wang/LSM-tuning/build/CMakeFiles/CMakeTmp'
Building CXX object CMakeFiles/cmTC_9a1a7.dir/src.cxx.o
/usr/bin/g++ -DHAVE_KYOTOCABINET  -fno-exceptions -fno-rtti  -std=c++11 -o CMakeFiles/cmTC_9a1a7.dir/src.cxx.o -c /home/jeff-wang/LSM-tuning/build/CMakeFiles/CMakeTmp/src.cxx
/home/jeff-wang/LSM-tuning/build/CMakeFiles/CMakeTmp/src.cxx:2:10: fatal error: kcpolydb.h: No such file or directory
    2 | #include <kcpolydb.h>
      |          ^~~~~~~~~~~~
compilation terminated.
gmake[1]: *** [CMakeFiles/cmTC_9a1a7.dir/build.make:78: CMakeFiles/cmTC_9a1a7.dir/src.cxx.o] Error 1
gmake[1]: Leaving directory '/home/jeff-wang/LSM-tuning/build/CMakeFiles/CMakeTmp'
gmake: *** [Makefile:127: cmTC_9a1a7/fast] Error 2


Source file was:

#include <kcpolydb.h>

int main() {
  kyotocabinet::TreeDB* db = new kyotocabinet::TreeDB();
  delete db;
  return 0;
}
  
