Determining if the function crc32c_value exists in the crc32c failed with the following output:
Change Dir: /home/jeff-wang/LSM-tuning/comparedDBs/leveldb/build_release_f_10_C0_512/CMakeFiles/CMakeTmp

Run Build Command(s):/usr/bin/gmake -f Makefile cmTC_13a4a/fast && /usr/bin/gmake  -f CMakeFiles/cmTC_13a4a.dir/build.make CMakeFiles/cmTC_13a4a.dir/build
gmake[1]: Entering directory '/home/jeff-wang/LSM-tuning/comparedDBs/leveldb/build_release_f_10_C0_512/CMakeFiles/CMakeTmp'
Building C object CMakeFiles/cmTC_13a4a.dir/CheckFunctionExists.c.o
/usr/bin/cc   -DCHECK_FUNCTION_EXISTS=crc32c_value -std=c11 -o CMakeFiles/cmTC_13a4a.dir/CheckFunctionExists.c.o -c /usr/share/cmake-3.22/Modules/CheckFunctionExists.c
Linking C executable cmTC_13a4a
/usr/bin/cmake -E cmake_link_script CMakeFiles/cmTC_13a4a.dir/link.txt --verbose=1
/usr/bin/cc  -DCHECK_FUNCTION_EXISTS=crc32c_value CMakeFiles/cmTC_13a4a.dir/CheckFunctionExists.c.o -o cmTC_13a4a  -lcrc32c 
/usr/bin/ld: cannot find -lcrc32c: No such file or directory
collect2: error: ld returned 1 exit status
gmake[1]: *** [CMakeFiles/cmTC_13a4a.dir/build.make:99: cmTC_13a4a] Error 1
gmake[1]: Leaving directory '/home/jeff-wang/LSM-tuning/comparedDBs/leveldb/build_release_f_10_C0_512/CMakeFiles/CMakeTmp'
gmake: *** [Makefile:127: cmTC_13a4a/fast] Error 2



Determining if the function zstd_compress exists in the zstd failed with the following output:
Change Dir: /home/jeff-wang/LSM-tuning/comparedDBs/leveldb/build_release_f_10_C0_512/CMakeFiles/CMakeTmp

Run Build Command(s):/usr/bin/gmake -f Makefile cmTC_e0fa5/fast && /usr/bin/gmake  -f CMakeFiles/cmTC_e0fa5.dir/build.make CMakeFiles/cmTC_e0fa5.dir/build
gmake[1]: Entering directory '/home/jeff-wang/LSM-tuning/comparedDBs/leveldb/build_release_f_10_C0_512/CMakeFiles/CMakeTmp'
Building C object CMakeFiles/cmTC_e0fa5.dir/CheckFunctionExists.c.o
/usr/bin/cc   -DCHECK_FUNCTION_EXISTS=zstd_compress -std=c11 -o CMakeFiles/cmTC_e0fa5.dir/CheckFunctionExists.c.o -c /usr/share/cmake-3.22/Modules/CheckFunctionExists.c
Linking C executable cmTC_e0fa5
/usr/bin/cmake -E cmake_link_script CMakeFiles/cmTC_e0fa5.dir/link.txt --verbose=1
/usr/bin/cc  -DCHECK_FUNCTION_EXISTS=zstd_compress CMakeFiles/cmTC_e0fa5.dir/CheckFunctionExists.c.o -o cmTC_e0fa5  -lzstd 
/usr/bin/ld: CMakeFiles/cmTC_e0fa5.dir/CheckFunctionExists.c.o: in function `main':
CheckFunctionExists.c:(.text+0x14): undefined reference to `zstd_compress'
collect2: error: ld returned 1 exit status
gmake[1]: *** [CMakeFiles/cmTC_e0fa5.dir/build.make:99: cmTC_e0fa5] Error 1
gmake[1]: Leaving directory '/home/jeff-wang/LSM-tuning/comparedDBs/leveldb/build_release_f_10_C0_512/CMakeFiles/CMakeTmp'
gmake: *** [Makefile:127: cmTC_e0fa5/fast] Error 2



Determining if the F_FULLFSYNC exist failed with the following output:
Change Dir: /home/jeff-wang/LSM-tuning/comparedDBs/leveldb/build_release_f_10_C0_512/CMakeFiles/CMakeTmp

Run Build Command(s):/usr/bin/gmake -f Makefile cmTC_bae23/fast && /usr/bin/gmake  -f CMakeFiles/cmTC_bae23.dir/build.make CMakeFiles/cmTC_bae23.dir/build
gmake[1]: Entering directory '/home/jeff-wang/LSM-tuning/comparedDBs/leveldb/build_release_f_10_C0_512/CMakeFiles/CMakeTmp'
Building CXX object CMakeFiles/cmTC_bae23.dir/CheckSymbolExists.cxx.o
/usr/bin/c++   -std=c++11 -o CMakeFiles/cmTC_bae23.dir/CheckSymbolExists.cxx.o -c /home/jeff-wang/LSM-tuning/comparedDBs/leveldb/build_release_f_10_C0_512/CMakeFiles/CMakeTmp/CheckSymbolExists.cxx
/home/jeff-wang/LSM-tuning/comparedDBs/leveldb/build_release_f_10_C0_512/CMakeFiles/CMakeTmp/CheckSymbolExists.cxx: In function ‘int main(int, char**)’:
/home/jeff-wang/LSM-tuning/comparedDBs/leveldb/build_release_f_10_C0_512/CMakeFiles/CMakeTmp/CheckSymbolExists.cxx:8:19: error: ‘F_FULLFSYNC’ was not declared in this scope
    8 |   return ((int*)(&F_FULLFSYNC))[argc];
      |                   ^~~~~~~~~~~
gmake[1]: *** [CMakeFiles/cmTC_bae23.dir/build.make:78: CMakeFiles/cmTC_bae23.dir/CheckSymbolExists.cxx.o] Error 1
gmake[1]: Leaving directory '/home/jeff-wang/LSM-tuning/comparedDBs/leveldb/build_release_f_10_C0_512/CMakeFiles/CMakeTmp'
gmake: *** [Makefile:127: cmTC_bae23/fast] Error 2


File /home/jeff-wang/LSM-tuning/comparedDBs/leveldb/build_release_f_10_C0_512/CMakeFiles/CMakeTmp/CheckSymbolExists.cxx:
/* */
#include <fcntl.h>

int main(int argc, char** argv)
{
  (void)argv;
#ifndef F_FULLFSYNC
  return ((int*)(&F_FULLFSYNC))[argc];
#else
  (void)argc;
  return 0;
#endif
}
Performing C++ SOURCE FILE Test HAVE_CLANG_THREAD_SAFETY failed with the following output:
Change Dir: /home/jeff-wang/LSM-tuning/comparedDBs/leveldb/build_release_f_10_C0_512/CMakeFiles/CMakeTmp

Run Build Command(s):/usr/bin/gmake -f Makefile cmTC_2dc52/fast && /usr/bin/gmake  -f CMakeFiles/cmTC_2dc52.dir/build.make CMakeFiles/cmTC_2dc52.dir/build
gmake[1]: Entering directory '/home/jeff-wang/LSM-tuning/comparedDBs/leveldb/build_release_f_10_C0_512/CMakeFiles/CMakeTmp'
Building CXX object CMakeFiles/cmTC_2dc52.dir/src.cxx.o
/usr/bin/c++ -DHAVE_CLANG_THREAD_SAFETY  -fno-exceptions -fno-rtti    -Wthread-safety -std=c++11 -o CMakeFiles/cmTC_2dc52.dir/src.cxx.o -c /home/jeff-wang/LSM-tuning/comparedDBs/leveldb/build_release_f_10_C0_512/CMakeFiles/CMakeTmp/src.cxx
c++: error: unrecognized command-line option '-Wthread-safety'
gmake[1]: *** [CMakeFiles/cmTC_2dc52.dir/build.make:78: CMakeFiles/cmTC_2dc52.dir/src.cxx.o] Error 1
gmake[1]: Leaving directory '/home/jeff-wang/LSM-tuning/comparedDBs/leveldb/build_release_f_10_C0_512/CMakeFiles/CMakeTmp'
gmake: *** [Makefile:127: cmTC_2dc52/fast] Error 2


Source file was:
int main() { return 0; }
Performing C++ SOURCE FILE Test HAVE_CXX_FLAG_WSHORTEN_64_TO_32 failed with the following output:
Change Dir: /home/jeff-wang/LSM-tuning/comparedDBs/leveldb/build_release_f_10_C0_512/CMakeFiles/CMakeTmp

Run Build Command(s):/usr/bin/gmake -f Makefile cmTC_aa766/fast && /usr/bin/gmake  -f CMakeFiles/cmTC_aa766.dir/build.make CMakeFiles/cmTC_aa766.dir/build
gmake[1]: Entering directory '/home/jeff-wang/LSM-tuning/comparedDBs/leveldb/build_release_f_10_C0_512/CMakeFiles/CMakeTmp'
Building CXX object CMakeFiles/cmTC_aa766.dir/src.cxx.o
/usr/bin/c++ -DHAVE_CXX_FLAG_WSHORTEN_64_TO_32  -fno-exceptions -fno-rtti  -Wall  -Wextra  -Wshadow  -Wfloat-equal  -Werror  -Wsuggest-override  -pedantic  -pedantic-errors  -Wshorten-64-to-32   -Wshorten-64-to-32 -std=c++11 -o CMakeFiles/cmTC_aa766.dir/src.cxx.o -c /home/jeff-wang/LSM-tuning/comparedDBs/leveldb/build_release_f_10_C0_512/CMakeFiles/CMakeTmp/src.cxx
c++: error: unrecognized command-line option '-Wshorten-64-to-32'
c++: error: unrecognized command-line option '-Wshorten-64-to-32'
gmake[1]: *** [CMakeFiles/cmTC_aa766.dir/build.make:78: CMakeFiles/cmTC_aa766.dir/src.cxx.o] Error 1
gmake[1]: Leaving directory '/home/jeff-wang/LSM-tuning/comparedDBs/leveldb/build_release_f_10_C0_512/CMakeFiles/CMakeTmp'
gmake: *** [Makefile:127: cmTC_aa766/fast] Error 2


Source file was:
int main() { return 0; }
Performing C++ SOURCE FILE Test HAVE_CXX_FLAG_WD654 failed with the following output:
Change Dir: /home/jeff-wang/LSM-tuning/comparedDBs/leveldb/build_release_f_10_C0_512/CMakeFiles/CMakeTmp

Run Build Command(s):/usr/bin/gmake -f Makefile cmTC_6e9c6/fast && /usr/bin/gmake  -f CMakeFiles/cmTC_6e9c6.dir/build.make CMakeFiles/cmTC_6e9c6.dir/build
gmake[1]: Entering directory '/home/jeff-wang/LSM-tuning/comparedDBs/leveldb/build_release_f_10_C0_512/CMakeFiles/CMakeTmp'
Building CXX object CMakeFiles/cmTC_6e9c6.dir/src.cxx.o
/usr/bin/c++ -DHAVE_CXX_FLAG_WD654  -fno-exceptions -fno-rtti  -Wall  -Wextra  -Wshadow  -Wfloat-equal  -Werror  -Wsuggest-override  -pedantic  -pedantic-errors  -fstrict-aliasing  -Wno-deprecated-declarations  -Wno-deprecated  -fno-exceptions  -Wstrict-aliasing  -wd654   -wd654 -std=c++11 -o CMakeFiles/cmTC_6e9c6.dir/src.cxx.o -c /home/jeff-wang/LSM-tuning/comparedDBs/leveldb/build_release_f_10_C0_512/CMakeFiles/CMakeTmp/src.cxx
c++: error: unrecognized command-line option '-wd654'
c++: error: unrecognized command-line option '-wd654'
gmake[1]: *** [CMakeFiles/cmTC_6e9c6.dir/build.make:78: CMakeFiles/cmTC_6e9c6.dir/src.cxx.o] Error 1
gmake[1]: Leaving directory '/home/jeff-wang/LSM-tuning/comparedDBs/leveldb/build_release_f_10_C0_512/CMakeFiles/CMakeTmp'
gmake: *** [Makefile:127: cmTC_6e9c6/fast] Error 2


Source file was:
int main() { return 0; }
Performing C++ SOURCE FILE Test HAVE_CXX_FLAG_WTHREAD_SAFETY failed with the following output:
Change Dir: /home/jeff-wang/LSM-tuning/comparedDBs/leveldb/build_release_f_10_C0_512/CMakeFiles/CMakeTmp

Run Build Command(s):/usr/bin/gmake -f Makefile cmTC_7688e/fast && /usr/bin/gmake  -f CMakeFiles/cmTC_7688e.dir/build.make CMakeFiles/cmTC_7688e.dir/build
gmake[1]: Entering directory '/home/jeff-wang/LSM-tuning/comparedDBs/leveldb/build_release_f_10_C0_512/CMakeFiles/CMakeTmp'
Building CXX object CMakeFiles/cmTC_7688e.dir/src.cxx.o
/usr/bin/c++ -DHAVE_CXX_FLAG_WTHREAD_SAFETY  -fno-exceptions -fno-rtti  -Wall  -Wextra  -Wshadow  -Wfloat-equal  -Werror  -Wsuggest-override  -pedantic  -pedantic-errors  -fstrict-aliasing  -Wno-deprecated-declarations  -Wno-deprecated  -fno-exceptions  -Wstrict-aliasing  -Wthread-safety   -Wthread-safety -std=c++11 -o CMakeFiles/cmTC_7688e.dir/src.cxx.o -c /home/jeff-wang/LSM-tuning/comparedDBs/leveldb/build_release_f_10_C0_512/CMakeFiles/CMakeTmp/src.cxx
c++: error: unrecognized command-line option '-Wthread-safety'
c++: error: unrecognized command-line option '-Wthread-safety'
gmake[1]: *** [CMakeFiles/cmTC_7688e.dir/build.make:78: CMakeFiles/cmTC_7688e.dir/src.cxx.o] Error 1
gmake[1]: Leaving directory '/home/jeff-wang/LSM-tuning/comparedDBs/leveldb/build_release_f_10_C0_512/CMakeFiles/CMakeTmp'
gmake: *** [Makefile:127: cmTC_7688e/fast] Error 2


Source file was:
int main() { return 0; }
Performing C++ SOURCE FILE Test HAVE_KYOTOCABINET failed with the following output:
Change Dir: /home/jeff-wang/LSM-tuning/comparedDBs/leveldb/build_release_f_10_C0_512/CMakeFiles/CMakeTmp

Run Build Command(s):/usr/bin/gmake -f Makefile cmTC_1bef2/fast && /usr/bin/gmake  -f CMakeFiles/cmTC_1bef2.dir/build.make CMakeFiles/cmTC_1bef2.dir/build
gmake[1]: Entering directory '/home/jeff-wang/LSM-tuning/comparedDBs/leveldb/build_release_f_10_C0_512/CMakeFiles/CMakeTmp'
Building CXX object CMakeFiles/cmTC_1bef2.dir/src.cxx.o
/usr/bin/c++ -DHAVE_KYOTOCABINET  -fno-exceptions -fno-rtti  -std=c++11 -o CMakeFiles/cmTC_1bef2.dir/src.cxx.o -c /home/jeff-wang/LSM-tuning/comparedDBs/leveldb/build_release_f_10_C0_512/CMakeFiles/CMakeTmp/src.cxx
/home/jeff-wang/LSM-tuning/comparedDBs/leveldb/build_release_f_10_C0_512/CMakeFiles/CMakeTmp/src.cxx:2:10: fatal error: kcpolydb.h: No such file or directory
    2 | #include <kcpolydb.h>
      |          ^~~~~~~~~~~~
compilation terminated.
gmake[1]: *** [CMakeFiles/cmTC_1bef2.dir/build.make:78: CMakeFiles/cmTC_1bef2.dir/src.cxx.o] Error 1
gmake[1]: Leaving directory '/home/jeff-wang/LSM-tuning/comparedDBs/leveldb/build_release_f_10_C0_512/CMakeFiles/CMakeTmp'
gmake: *** [Makefile:127: cmTC_1bef2/fast] Error 2


Source file was:

#include <kcpolydb.h>

int main() {
  kyotocabinet::TreeDB* db = new kyotocabinet::TreeDB();
  delete db;
  return 0;
}
  
