Determining if the function crc32c_value exists in the crc32c failed with the following output:
Change Dir: /home/jeff-wang/LSM-tuning/comparedDBs/leveldb/build_release_f_16_C0_10/CMakeFiles/CMakeTmp

Run Build Command(s):/usr/bin/gmake -f Makefile cmTC_709ce/fast && /usr/bin/gmake  -f CMakeFiles/cmTC_709ce.dir/build.make CMakeFiles/cmTC_709ce.dir/build
gmake[1]: Entering directory '/home/jeff-wang/LSM-tuning/comparedDBs/leveldb/build_release_f_16_C0_10/CMakeFiles/CMakeTmp'
Building C object CMakeFiles/cmTC_709ce.dir/CheckFunctionExists.c.o
/usr/bin/cc   -DCHECK_FUNCTION_EXISTS=crc32c_value -std=c11 -o CMakeFiles/cmTC_709ce.dir/CheckFunctionExists.c.o -c /usr/share/cmake-3.22/Modules/CheckFunctionExists.c
Linking C executable cmTC_709ce
/usr/bin/cmake -E cmake_link_script CMakeFiles/cmTC_709ce.dir/link.txt --verbose=1
/usr/bin/cc  -DCHECK_FUNCTION_EXISTS=crc32c_value CMakeFiles/cmTC_709ce.dir/CheckFunctionExists.c.o -o cmTC_709ce  -lcrc32c 
/usr/bin/ld: cannot find -lcrc32c: No such file or directory
collect2: error: ld returned 1 exit status
gmake[1]: *** [CMakeFiles/cmTC_709ce.dir/build.make:99: cmTC_709ce] Error 1
gmake[1]: Leaving directory '/home/jeff-wang/LSM-tuning/comparedDBs/leveldb/build_release_f_16_C0_10/CMakeFiles/CMakeTmp'
gmake: *** [Makefile:127: cmTC_709ce/fast] Error 2



Determining if the function zstd_compress exists in the zstd failed with the following output:
Change Dir: /home/jeff-wang/LSM-tuning/comparedDBs/leveldb/build_release_f_16_C0_10/CMakeFiles/CMakeTmp

Run Build Command(s):/usr/bin/gmake -f Makefile cmTC_78e6c/fast && /usr/bin/gmake  -f CMakeFiles/cmTC_78e6c.dir/build.make CMakeFiles/cmTC_78e6c.dir/build
gmake[1]: Entering directory '/home/jeff-wang/LSM-tuning/comparedDBs/leveldb/build_release_f_16_C0_10/CMakeFiles/CMakeTmp'
Building C object CMakeFiles/cmTC_78e6c.dir/CheckFunctionExists.c.o
/usr/bin/cc   -DCHECK_FUNCTION_EXISTS=zstd_compress -std=c11 -o CMakeFiles/cmTC_78e6c.dir/CheckFunctionExists.c.o -c /usr/share/cmake-3.22/Modules/CheckFunctionExists.c
Linking C executable cmTC_78e6c
/usr/bin/cmake -E cmake_link_script CMakeFiles/cmTC_78e6c.dir/link.txt --verbose=1
/usr/bin/cc  -DCHECK_FUNCTION_EXISTS=zstd_compress CMakeFiles/cmTC_78e6c.dir/CheckFunctionExists.c.o -o cmTC_78e6c  -lzstd 
/usr/bin/ld: cannot find -lzstd: No such file or directory
collect2: error: ld returned 1 exit status
gmake[1]: *** [CMakeFiles/cmTC_78e6c.dir/build.make:99: cmTC_78e6c] Error 1
gmake[1]: Leaving directory '/home/jeff-wang/LSM-tuning/comparedDBs/leveldb/build_release_f_16_C0_10/CMakeFiles/CMakeTmp'
gmake: *** [Makefile:127: cmTC_78e6c/fast] Error 2



Determining if the function malloc exists in the tcmalloc failed with the following output:
Change Dir: /home/jeff-wang/LSM-tuning/comparedDBs/leveldb/build_release_f_16_C0_10/CMakeFiles/CMakeTmp

Run Build Command(s):/usr/bin/gmake -f Makefile cmTC_9de34/fast && /usr/bin/gmake  -f CMakeFiles/cmTC_9de34.dir/build.make CMakeFiles/cmTC_9de34.dir/build
gmake[1]: Entering directory '/home/jeff-wang/LSM-tuning/comparedDBs/leveldb/build_release_f_16_C0_10/CMakeFiles/CMakeTmp'
Building C object CMakeFiles/cmTC_9de34.dir/CheckFunctionExists.c.o
/usr/bin/cc   -DCHECK_FUNCTION_EXISTS=malloc -std=c11 -o CMakeFiles/cmTC_9de34.dir/CheckFunctionExists.c.o -c /usr/share/cmake-3.22/Modules/CheckFunctionExists.c
<command-line>: warning: conflicting types for built-in function ‘malloc’; expected ‘void *(long unsigned int)’ [-Wbuiltin-declaration-mismatch]
/usr/share/cmake-3.22/Modules/CheckFunctionExists.c:7:3: note: in expansion of macro ‘CHECK_FUNCTION_EXISTS’
    7 |   CHECK_FUNCTION_EXISTS(void);
      |   ^~~~~~~~~~~~~~~~~~~~~
/usr/share/cmake-3.22/Modules/CheckFunctionExists.c:1:1: note: ‘malloc’ is declared in header ‘<stdlib.h>’
  +++ |+#include <stdlib.h>
    1 | #ifdef CHECK_FUNCTION_EXISTS
Linking C executable cmTC_9de34
/usr/bin/cmake -E cmake_link_script CMakeFiles/cmTC_9de34.dir/link.txt --verbose=1
/usr/bin/cc  -DCHECK_FUNCTION_EXISTS=malloc CMakeFiles/cmTC_9de34.dir/CheckFunctionExists.c.o -o cmTC_9de34  -ltcmalloc 
/usr/bin/ld: cannot find -ltcmalloc: No such file or directory
collect2: error: ld returned 1 exit status
gmake[1]: *** [CMakeFiles/cmTC_9de34.dir/build.make:99: cmTC_9de34] Error 1
gmake[1]: Leaving directory '/home/jeff-wang/LSM-tuning/comparedDBs/leveldb/build_release_f_16_C0_10/CMakeFiles/CMakeTmp'
gmake: *** [Makefile:127: cmTC_9de34/fast] Error 2



Determining if the F_FULLFSYNC exist failed with the following output:
Change Dir: /home/jeff-wang/LSM-tuning/comparedDBs/leveldb/build_release_f_16_C0_10/CMakeFiles/CMakeTmp

Run Build Command(s):/usr/bin/gmake -f Makefile cmTC_8abce/fast && /usr/bin/gmake  -f CMakeFiles/cmTC_8abce.dir/build.make CMakeFiles/cmTC_8abce.dir/build
gmake[1]: Entering directory '/home/jeff-wang/LSM-tuning/comparedDBs/leveldb/build_release_f_16_C0_10/CMakeFiles/CMakeTmp'
Building CXX object CMakeFiles/cmTC_8abce.dir/CheckSymbolExists.cxx.o
/usr/bin/c++   -std=c++11 -o CMakeFiles/cmTC_8abce.dir/CheckSymbolExists.cxx.o -c /home/jeff-wang/LSM-tuning/comparedDBs/leveldb/build_release_f_16_C0_10/CMakeFiles/CMakeTmp/CheckSymbolExists.cxx
/home/jeff-wang/LSM-tuning/comparedDBs/leveldb/build_release_f_16_C0_10/CMakeFiles/CMakeTmp/CheckSymbolExists.cxx: In function ‘int main(int, char**)’:
/home/jeff-wang/LSM-tuning/comparedDBs/leveldb/build_release_f_16_C0_10/CMakeFiles/CMakeTmp/CheckSymbolExists.cxx:8:19: error: ‘F_FULLFSYNC’ was not declared in this scope
    8 |   return ((int*)(&F_FULLFSYNC))[argc];
      |                   ^~~~~~~~~~~
gmake[1]: *** [CMakeFiles/cmTC_8abce.dir/build.make:78: CMakeFiles/cmTC_8abce.dir/CheckSymbolExists.cxx.o] Error 1
gmake[1]: Leaving directory '/home/jeff-wang/LSM-tuning/comparedDBs/leveldb/build_release_f_16_C0_10/CMakeFiles/CMakeTmp'
gmake: *** [Makefile:127: cmTC_8abce/fast] Error 2


File /home/jeff-wang/LSM-tuning/comparedDBs/leveldb/build_release_f_16_C0_10/CMakeFiles/CMakeTmp/CheckSymbolExists.cxx:
/* */
#include <fcntl.h>

int main(int argc, char** argv)
{
  (void)argv;
#ifndef F_FULLFSYNC
  return ((int*)(&F_FULLFSYNC))[argc];
#else
  (void)argc;
  return 0;
#endif
}
Performing C++ SOURCE FILE Test HAVE_CLANG_THREAD_SAFETY failed with the following output:
Change Dir: /home/jeff-wang/LSM-tuning/comparedDBs/leveldb/build_release_f_16_C0_10/CMakeFiles/CMakeTmp

Run Build Command(s):/usr/bin/gmake -f Makefile cmTC_24618/fast && /usr/bin/gmake  -f CMakeFiles/cmTC_24618.dir/build.make CMakeFiles/cmTC_24618.dir/build
gmake[1]: Entering directory '/home/jeff-wang/LSM-tuning/comparedDBs/leveldb/build_release_f_16_C0_10/CMakeFiles/CMakeTmp'
Building CXX object CMakeFiles/cmTC_24618.dir/src.cxx.o
/usr/bin/c++ -DHAVE_CLANG_THREAD_SAFETY  -fno-exceptions -fno-rtti    -Wthread-safety -std=c++11 -o CMakeFiles/cmTC_24618.dir/src.cxx.o -c /home/jeff-wang/LSM-tuning/comparedDBs/leveldb/build_release_f_16_C0_10/CMakeFiles/CMakeTmp/src.cxx
c++: error: unrecognized command-line option '-Wthread-safety'
gmake[1]: *** [CMakeFiles/cmTC_24618.dir/build.make:78: CMakeFiles/cmTC_24618.dir/src.cxx.o] Error 1
gmake[1]: Leaving directory '/home/jeff-wang/LSM-tuning/comparedDBs/leveldb/build_release_f_16_C0_10/CMakeFiles/CMakeTmp'
gmake: *** [Makefile:127: cmTC_24618/fast] Error 2


Source file was:
int main() { return 0; }
Performing C++ SOURCE FILE Test HAVE_CXX_FLAG_WSHORTEN_64_TO_32 failed with the following output:
Change Dir: /home/jeff-wang/LSM-tuning/comparedDBs/leveldb/build_release_f_16_C0_10/CMakeFiles/CMakeTmp

Run Build Command(s):/usr/bin/gmake -f Makefile cmTC_7b919/fast && /usr/bin/gmake  -f CMakeFiles/cmTC_7b919.dir/build.make CMakeFiles/cmTC_7b919.dir/build
gmake[1]: Entering directory '/home/jeff-wang/LSM-tuning/comparedDBs/leveldb/build_release_f_16_C0_10/CMakeFiles/CMakeTmp'
Building CXX object CMakeFiles/cmTC_7b919.dir/src.cxx.o
/usr/bin/c++ -DHAVE_CXX_FLAG_WSHORTEN_64_TO_32  -fno-exceptions -fno-rtti  -Wall  -Wextra  -Wshadow  -Wfloat-equal  -Werror  -Wsuggest-override  -pedantic  -pedantic-errors  -Wshorten-64-to-32   -Wshorten-64-to-32 -std=c++11 -o CMakeFiles/cmTC_7b919.dir/src.cxx.o -c /home/jeff-wang/LSM-tuning/comparedDBs/leveldb/build_release_f_16_C0_10/CMakeFiles/CMakeTmp/src.cxx
c++: error: unrecognized command-line option '-Wshorten-64-to-32'
c++: error: unrecognized command-line option '-Wshorten-64-to-32'
gmake[1]: *** [CMakeFiles/cmTC_7b919.dir/build.make:78: CMakeFiles/cmTC_7b919.dir/src.cxx.o] Error 1
gmake[1]: Leaving directory '/home/jeff-wang/LSM-tuning/comparedDBs/leveldb/build_release_f_16_C0_10/CMakeFiles/CMakeTmp'
gmake: *** [Makefile:127: cmTC_7b919/fast] Error 2


Source file was:
int main() { return 0; }
Performing C++ SOURCE FILE Test HAVE_CXX_FLAG_WD654 failed with the following output:
Change Dir: /home/jeff-wang/LSM-tuning/comparedDBs/leveldb/build_release_f_16_C0_10/CMakeFiles/CMakeTmp

Run Build Command(s):/usr/bin/gmake -f Makefile cmTC_92c46/fast && /usr/bin/gmake  -f CMakeFiles/cmTC_92c46.dir/build.make CMakeFiles/cmTC_92c46.dir/build
gmake[1]: Entering directory '/home/jeff-wang/LSM-tuning/comparedDBs/leveldb/build_release_f_16_C0_10/CMakeFiles/CMakeTmp'
Building CXX object CMakeFiles/cmTC_92c46.dir/src.cxx.o
/usr/bin/c++ -DHAVE_CXX_FLAG_WD654  -fno-exceptions -fno-rtti  -Wall  -Wextra  -Wshadow  -Wfloat-equal  -Werror  -Wsuggest-override  -pedantic  -pedantic-errors  -fstrict-aliasing  -Wno-deprecated-declarations  -Wno-deprecated  -fno-exceptions  -Wstrict-aliasing  -wd654   -wd654 -std=c++11 -o CMakeFiles/cmTC_92c46.dir/src.cxx.o -c /home/jeff-wang/LSM-tuning/comparedDBs/leveldb/build_release_f_16_C0_10/CMakeFiles/CMakeTmp/src.cxx
c++: error: unrecognized command-line option '-wd654'
c++: error: unrecognized command-line option '-wd654'
gmake[1]: *** [CMakeFiles/cmTC_92c46.dir/build.make:78: CMakeFiles/cmTC_92c46.dir/src.cxx.o] Error 1
gmake[1]: Leaving directory '/home/jeff-wang/LSM-tuning/comparedDBs/leveldb/build_release_f_16_C0_10/CMakeFiles/CMakeTmp'
gmake: *** [Makefile:127: cmTC_92c46/fast] Error 2


Source file was:
int main() { return 0; }
Performing C++ SOURCE FILE Test HAVE_CXX_FLAG_WTHREAD_SAFETY failed with the following output:
Change Dir: /home/jeff-wang/LSM-tuning/comparedDBs/leveldb/build_release_f_16_C0_10/CMakeFiles/CMakeTmp

Run Build Command(s):/usr/bin/gmake -f Makefile cmTC_8d4d1/fast && /usr/bin/gmake  -f CMakeFiles/cmTC_8d4d1.dir/build.make CMakeFiles/cmTC_8d4d1.dir/build
gmake[1]: Entering directory '/home/jeff-wang/LSM-tuning/comparedDBs/leveldb/build_release_f_16_C0_10/CMakeFiles/CMakeTmp'
Building CXX object CMakeFiles/cmTC_8d4d1.dir/src.cxx.o
/usr/bin/c++ -DHAVE_CXX_FLAG_WTHREAD_SAFETY  -fno-exceptions -fno-rtti  -Wall  -Wextra  -Wshadow  -Wfloat-equal  -Werror  -Wsuggest-override  -pedantic  -pedantic-errors  -fstrict-aliasing  -Wno-deprecated-declarations  -Wno-deprecated  -fno-exceptions  -Wstrict-aliasing  -Wthread-safety   -Wthread-safety -std=c++11 -o CMakeFiles/cmTC_8d4d1.dir/src.cxx.o -c /home/jeff-wang/LSM-tuning/comparedDBs/leveldb/build_release_f_16_C0_10/CMakeFiles/CMakeTmp/src.cxx
c++: error: unrecognized command-line option '-Wthread-safety'
c++: error: unrecognized command-line option '-Wthread-safety'
gmake[1]: *** [CMakeFiles/cmTC_8d4d1.dir/build.make:78: CMakeFiles/cmTC_8d4d1.dir/src.cxx.o] Error 1
gmake[1]: Leaving directory '/home/jeff-wang/LSM-tuning/comparedDBs/leveldb/build_release_f_16_C0_10/CMakeFiles/CMakeTmp'
gmake: *** [Makefile:127: cmTC_8d4d1/fast] Error 2


Source file was:
int main() { return 0; }
Determining if the function sqlite3_open exists in the sqlite3 failed with the following output:
Change Dir: /home/jeff-wang/LSM-tuning/comparedDBs/leveldb/build_release_f_16_C0_10/CMakeFiles/CMakeTmp

Run Build Command(s):/usr/bin/gmake -f Makefile cmTC_a7096/fast && /usr/bin/gmake  -f CMakeFiles/cmTC_a7096.dir/build.make CMakeFiles/cmTC_a7096.dir/build
gmake[1]: Entering directory '/home/jeff-wang/LSM-tuning/comparedDBs/leveldb/build_release_f_16_C0_10/CMakeFiles/CMakeTmp'
Building C object CMakeFiles/cmTC_a7096.dir/CheckFunctionExists.c.o
/usr/bin/cc   -Wstrict-prototypes -DCHECK_FUNCTION_EXISTS=sqlite3_open -std=c11 -o CMakeFiles/cmTC_a7096.dir/CheckFunctionExists.c.o -c /usr/share/cmake-3.22/Modules/CheckFunctionExists.c
Linking C executable cmTC_a7096
/usr/bin/cmake -E cmake_link_script CMakeFiles/cmTC_a7096.dir/link.txt --verbose=1
/usr/bin/cc  -Wstrict-prototypes -DCHECK_FUNCTION_EXISTS=sqlite3_open CMakeFiles/cmTC_a7096.dir/CheckFunctionExists.c.o -o cmTC_a7096  -lsqlite3 
/usr/bin/ld: cannot find -lsqlite3: No such file or directory
collect2: error: ld returned 1 exit status
gmake[1]: *** [CMakeFiles/cmTC_a7096.dir/build.make:99: cmTC_a7096] Error 1
gmake[1]: Leaving directory '/home/jeff-wang/LSM-tuning/comparedDBs/leveldb/build_release_f_16_C0_10/CMakeFiles/CMakeTmp'
gmake: *** [Makefile:127: cmTC_a7096/fast] Error 2



Performing C++ SOURCE FILE Test HAVE_KYOTOCABINET failed with the following output:
Change Dir: /home/jeff-wang/LSM-tuning/comparedDBs/leveldb/build_release_f_16_C0_10/CMakeFiles/CMakeTmp

Run Build Command(s):/usr/bin/gmake -f Makefile cmTC_ef74e/fast && /usr/bin/gmake  -f CMakeFiles/cmTC_ef74e.dir/build.make CMakeFiles/cmTC_ef74e.dir/build
gmake[1]: Entering directory '/home/jeff-wang/LSM-tuning/comparedDBs/leveldb/build_release_f_16_C0_10/CMakeFiles/CMakeTmp'
Building CXX object CMakeFiles/cmTC_ef74e.dir/src.cxx.o
/usr/bin/c++ -DHAVE_KYOTOCABINET  -fno-exceptions -fno-rtti  -std=c++11 -o CMakeFiles/cmTC_ef74e.dir/src.cxx.o -c /home/jeff-wang/LSM-tuning/comparedDBs/leveldb/build_release_f_16_C0_10/CMakeFiles/CMakeTmp/src.cxx
/home/jeff-wang/LSM-tuning/comparedDBs/leveldb/build_release_f_16_C0_10/CMakeFiles/CMakeTmp/src.cxx:2:10: fatal error: kcpolydb.h: No such file or directory
    2 | #include <kcpolydb.h>
      |          ^~~~~~~~~~~~
compilation terminated.
gmake[1]: *** [CMakeFiles/cmTC_ef74e.dir/build.make:78: CMakeFiles/cmTC_ef74e.dir/src.cxx.o] Error 1
gmake[1]: Leaving directory '/home/jeff-wang/LSM-tuning/comparedDBs/leveldb/build_release_f_16_C0_10/CMakeFiles/CMakeTmp'
gmake: *** [Makefile:127: cmTC_ef74e/fast] Error 2


Source file was:

#include <kcpolydb.h>

int main() {
  kyotocabinet::TreeDB* db = new kyotocabinet::TreeDB();
  delete db;
  return 0;
}
  
