Determining if the function crc32c_value exists in the crc32c failed with the following output:
Change Dir: /home/jeff-wang/LSM-tuning/comparedDBs/leveldb/build_release_f_32_C0_500/CMakeFiles/CMakeTmp

Run Build Command(s):/usr/bin/gmake -f Makefile cmTC_edc19/fast && /usr/bin/gmake  -f CMakeFiles/cmTC_edc19.dir/build.make CMakeFiles/cmTC_edc19.dir/build
gmake[1]: Entering directory '/home/jeff-wang/LSM-tuning/comparedDBs/leveldb/build_release_f_32_C0_500/CMakeFiles/CMakeTmp'
Building C object CMakeFiles/cmTC_edc19.dir/CheckFunctionExists.c.o
/usr/bin/cc   -DCHECK_FUNCTION_EXISTS=crc32c_value -std=c11 -o CMakeFiles/cmTC_edc19.dir/CheckFunctionExists.c.o -c /usr/share/cmake-3.22/Modules/CheckFunctionExists.c
Linking C executable cmTC_edc19
/usr/bin/cmake -E cmake_link_script CMakeFiles/cmTC_edc19.dir/link.txt --verbose=1
/usr/bin/cc  -DCHECK_FUNCTION_EXISTS=crc32c_value CMakeFiles/cmTC_edc19.dir/CheckFunctionExists.c.o -o cmTC_edc19  -lcrc32c 
/usr/bin/ld: cannot find -lcrc32c: No such file or directory
collect2: error: ld returned 1 exit status
gmake[1]: *** [CMakeFiles/cmTC_edc19.dir/build.make:99: cmTC_edc19] Error 1
gmake[1]: Leaving directory '/home/jeff-wang/LSM-tuning/comparedDBs/leveldb/build_release_f_32_C0_500/CMakeFiles/CMakeTmp'
gmake: *** [Makefile:127: cmTC_edc19/fast] Error 2



Determining if the function zstd_compress exists in the zstd failed with the following output:
Change Dir: /home/jeff-wang/LSM-tuning/comparedDBs/leveldb/build_release_f_32_C0_500/CMakeFiles/CMakeTmp

Run Build Command(s):/usr/bin/gmake -f Makefile cmTC_7b9b9/fast && /usr/bin/gmake  -f CMakeFiles/cmTC_7b9b9.dir/build.make CMakeFiles/cmTC_7b9b9.dir/build
gmake[1]: Entering directory '/home/jeff-wang/LSM-tuning/comparedDBs/leveldb/build_release_f_32_C0_500/CMakeFiles/CMakeTmp'
Building C object CMakeFiles/cmTC_7b9b9.dir/CheckFunctionExists.c.o
/usr/bin/cc   -DCHECK_FUNCTION_EXISTS=zstd_compress -std=c11 -o CMakeFiles/cmTC_7b9b9.dir/CheckFunctionExists.c.o -c /usr/share/cmake-3.22/Modules/CheckFunctionExists.c
Linking C executable cmTC_7b9b9
/usr/bin/cmake -E cmake_link_script CMakeFiles/cmTC_7b9b9.dir/link.txt --verbose=1
/usr/bin/cc  -DCHECK_FUNCTION_EXISTS=zstd_compress CMakeFiles/cmTC_7b9b9.dir/CheckFunctionExists.c.o -o cmTC_7b9b9  -lzstd 
/usr/bin/ld: CMakeFiles/cmTC_7b9b9.dir/CheckFunctionExists.c.o: in function `main':
CheckFunctionExists.c:(.text+0x14): undefined reference to `zstd_compress'
collect2: error: ld returned 1 exit status
gmake[1]: *** [CMakeFiles/cmTC_7b9b9.dir/build.make:99: cmTC_7b9b9] Error 1
gmake[1]: Leaving directory '/home/jeff-wang/LSM-tuning/comparedDBs/leveldb/build_release_f_32_C0_500/CMakeFiles/CMakeTmp'
gmake: *** [Makefile:127: cmTC_7b9b9/fast] Error 2



Determining if the F_FULLFSYNC exist failed with the following output:
Change Dir: /home/jeff-wang/LSM-tuning/comparedDBs/leveldb/build_release_f_32_C0_500/CMakeFiles/CMakeTmp

Run Build Command(s):/usr/bin/gmake -f Makefile cmTC_f4d90/fast && /usr/bin/gmake  -f CMakeFiles/cmTC_f4d90.dir/build.make CMakeFiles/cmTC_f4d90.dir/build
gmake[1]: Entering directory '/home/jeff-wang/LSM-tuning/comparedDBs/leveldb/build_release_f_32_C0_500/CMakeFiles/CMakeTmp'
Building CXX object CMakeFiles/cmTC_f4d90.dir/CheckSymbolExists.cxx.o
/usr/bin/c++   -std=c++11 -o CMakeFiles/cmTC_f4d90.dir/CheckSymbolExists.cxx.o -c /home/jeff-wang/LSM-tuning/comparedDBs/leveldb/build_release_f_32_C0_500/CMakeFiles/CMakeTmp/CheckSymbolExists.cxx
/home/jeff-wang/LSM-tuning/comparedDBs/leveldb/build_release_f_32_C0_500/CMakeFiles/CMakeTmp/CheckSymbolExists.cxx: In function ‘int main(int, char**)’:
/home/jeff-wang/LSM-tuning/comparedDBs/leveldb/build_release_f_32_C0_500/CMakeFiles/CMakeTmp/CheckSymbolExists.cxx:8:19: error: ‘F_FULLFSYNC’ was not declared in this scope
    8 |   return ((int*)(&F_FULLFSYNC))[argc];
      |                   ^~~~~~~~~~~
gmake[1]: *** [CMakeFiles/cmTC_f4d90.dir/build.make:78: CMakeFiles/cmTC_f4d90.dir/CheckSymbolExists.cxx.o] Error 1
gmake[1]: Leaving directory '/home/jeff-wang/LSM-tuning/comparedDBs/leveldb/build_release_f_32_C0_500/CMakeFiles/CMakeTmp'
gmake: *** [Makefile:127: cmTC_f4d90/fast] Error 2


File /home/jeff-wang/LSM-tuning/comparedDBs/leveldb/build_release_f_32_C0_500/CMakeFiles/CMakeTmp/CheckSymbolExists.cxx:
/* */
#include <fcntl.h>

int main(int argc, char** argv)
{
  (void)argv;
#ifndef F_FULLFSYNC
  return ((int*)(&F_FULLFSYNC))[argc];
#else
  (void)argc;
  return 0;
#endif
}
Performing C++ SOURCE FILE Test HAVE_CLANG_THREAD_SAFETY failed with the following output:
Change Dir: /home/jeff-wang/LSM-tuning/comparedDBs/leveldb/build_release_f_32_C0_500/CMakeFiles/CMakeTmp

Run Build Command(s):/usr/bin/gmake -f Makefile cmTC_7b14c/fast && /usr/bin/gmake  -f CMakeFiles/cmTC_7b14c.dir/build.make CMakeFiles/cmTC_7b14c.dir/build
gmake[1]: Entering directory '/home/jeff-wang/LSM-tuning/comparedDBs/leveldb/build_release_f_32_C0_500/CMakeFiles/CMakeTmp'
Building CXX object CMakeFiles/cmTC_7b14c.dir/src.cxx.o
/usr/bin/c++ -DHAVE_CLANG_THREAD_SAFETY  -fno-exceptions -fno-rtti    -Wthread-safety -std=c++11 -o CMakeFiles/cmTC_7b14c.dir/src.cxx.o -c /home/jeff-wang/LSM-tuning/comparedDBs/leveldb/build_release_f_32_C0_500/CMakeFiles/CMakeTmp/src.cxx
c++: error: unrecognized command-line option '-Wthread-safety'
gmake[1]: *** [CMakeFiles/cmTC_7b14c.dir/build.make:78: CMakeFiles/cmTC_7b14c.dir/src.cxx.o] Error 1
gmake[1]: Leaving directory '/home/jeff-wang/LSM-tuning/comparedDBs/leveldb/build_release_f_32_C0_500/CMakeFiles/CMakeTmp'
gmake: *** [Makefile:127: cmTC_7b14c/fast] Error 2


Source file was:
int main() { return 0; }
Performing C++ SOURCE FILE Test HAVE_CXX_FLAG_WSHORTEN_64_TO_32 failed with the following output:
Change Dir: /home/jeff-wang/LSM-tuning/comparedDBs/leveldb/build_release_f_32_C0_500/CMakeFiles/CMakeTmp

Run Build Command(s):/usr/bin/gmake -f Makefile cmTC_946ed/fast && /usr/bin/gmake  -f CMakeFiles/cmTC_946ed.dir/build.make CMakeFiles/cmTC_946ed.dir/build
gmake[1]: Entering directory '/home/jeff-wang/LSM-tuning/comparedDBs/leveldb/build_release_f_32_C0_500/CMakeFiles/CMakeTmp'
Building CXX object CMakeFiles/cmTC_946ed.dir/src.cxx.o
/usr/bin/c++ -DHAVE_CXX_FLAG_WSHORTEN_64_TO_32  -fno-exceptions -fno-rtti  -Wall  -Wextra  -Wshadow  -Wfloat-equal  -Werror  -Wsuggest-override  -pedantic  -pedantic-errors  -Wshorten-64-to-32   -Wshorten-64-to-32 -std=c++11 -o CMakeFiles/cmTC_946ed.dir/src.cxx.o -c /home/jeff-wang/LSM-tuning/comparedDBs/leveldb/build_release_f_32_C0_500/CMakeFiles/CMakeTmp/src.cxx
c++: error: unrecognized command-line option '-Wshorten-64-to-32'
c++: error: unrecognized command-line option '-Wshorten-64-to-32'
gmake[1]: *** [CMakeFiles/cmTC_946ed.dir/build.make:78: CMakeFiles/cmTC_946ed.dir/src.cxx.o] Error 1
gmake[1]: Leaving directory '/home/jeff-wang/LSM-tuning/comparedDBs/leveldb/build_release_f_32_C0_500/CMakeFiles/CMakeTmp'
gmake: *** [Makefile:127: cmTC_946ed/fast] Error 2


Source file was:
int main() { return 0; }
Performing C++ SOURCE FILE Test HAVE_CXX_FLAG_WD654 failed with the following output:
Change Dir: /home/jeff-wang/LSM-tuning/comparedDBs/leveldb/build_release_f_32_C0_500/CMakeFiles/CMakeTmp

Run Build Command(s):/usr/bin/gmake -f Makefile cmTC_62116/fast && /usr/bin/gmake  -f CMakeFiles/cmTC_62116.dir/build.make CMakeFiles/cmTC_62116.dir/build
gmake[1]: Entering directory '/home/jeff-wang/LSM-tuning/comparedDBs/leveldb/build_release_f_32_C0_500/CMakeFiles/CMakeTmp'
Building CXX object CMakeFiles/cmTC_62116.dir/src.cxx.o
/usr/bin/c++ -DHAVE_CXX_FLAG_WD654  -fno-exceptions -fno-rtti  -Wall  -Wextra  -Wshadow  -Wfloat-equal  -Werror  -Wsuggest-override  -pedantic  -pedantic-errors  -fstrict-aliasing  -Wno-deprecated-declarations  -Wno-deprecated  -fno-exceptions  -Wstrict-aliasing  -wd654   -wd654 -std=c++11 -o CMakeFiles/cmTC_62116.dir/src.cxx.o -c /home/jeff-wang/LSM-tuning/comparedDBs/leveldb/build_release_f_32_C0_500/CMakeFiles/CMakeTmp/src.cxx
c++: error: unrecognized command-line option '-wd654'
c++: error: unrecognized command-line option '-wd654'
gmake[1]: *** [CMakeFiles/cmTC_62116.dir/build.make:78: CMakeFiles/cmTC_62116.dir/src.cxx.o] Error 1
gmake[1]: Leaving directory '/home/jeff-wang/LSM-tuning/comparedDBs/leveldb/build_release_f_32_C0_500/CMakeFiles/CMakeTmp'
gmake: *** [Makefile:127: cmTC_62116/fast] Error 2


Source file was:
int main() { return 0; }
Performing C++ SOURCE FILE Test HAVE_CXX_FLAG_WTHREAD_SAFETY failed with the following output:
Change Dir: /home/jeff-wang/LSM-tuning/comparedDBs/leveldb/build_release_f_32_C0_500/CMakeFiles/CMakeTmp

Run Build Command(s):/usr/bin/gmake -f Makefile cmTC_06439/fast && /usr/bin/gmake  -f CMakeFiles/cmTC_06439.dir/build.make CMakeFiles/cmTC_06439.dir/build
gmake[1]: Entering directory '/home/jeff-wang/LSM-tuning/comparedDBs/leveldb/build_release_f_32_C0_500/CMakeFiles/CMakeTmp'
Building CXX object CMakeFiles/cmTC_06439.dir/src.cxx.o
/usr/bin/c++ -DHAVE_CXX_FLAG_WTHREAD_SAFETY  -fno-exceptions -fno-rtti  -Wall  -Wextra  -Wshadow  -Wfloat-equal  -Werror  -Wsuggest-override  -pedantic  -pedantic-errors  -fstrict-aliasing  -Wno-deprecated-declarations  -Wno-deprecated  -fno-exceptions  -Wstrict-aliasing  -Wthread-safety   -Wthread-safety -std=c++11 -o CMakeFiles/cmTC_06439.dir/src.cxx.o -c /home/jeff-wang/LSM-tuning/comparedDBs/leveldb/build_release_f_32_C0_500/CMakeFiles/CMakeTmp/src.cxx
c++: error: unrecognized command-line option '-Wthread-safety'
c++: error: unrecognized command-line option '-Wthread-safety'
gmake[1]: *** [CMakeFiles/cmTC_06439.dir/build.make:78: CMakeFiles/cmTC_06439.dir/src.cxx.o] Error 1
gmake[1]: Leaving directory '/home/jeff-wang/LSM-tuning/comparedDBs/leveldb/build_release_f_32_C0_500/CMakeFiles/CMakeTmp'
gmake: *** [Makefile:127: cmTC_06439/fast] Error 2


Source file was:
int main() { return 0; }
Performing C++ SOURCE FILE Test HAVE_KYOTOCABINET failed with the following output:
Change Dir: /home/jeff-wang/LSM-tuning/comparedDBs/leveldb/build_release_f_32_C0_500/CMakeFiles/CMakeTmp

Run Build Command(s):/usr/bin/gmake -f Makefile cmTC_560db/fast && /usr/bin/gmake  -f CMakeFiles/cmTC_560db.dir/build.make CMakeFiles/cmTC_560db.dir/build
gmake[1]: Entering directory '/home/jeff-wang/LSM-tuning/comparedDBs/leveldb/build_release_f_32_C0_500/CMakeFiles/CMakeTmp'
Building CXX object CMakeFiles/cmTC_560db.dir/src.cxx.o
/usr/bin/c++ -DHAVE_KYOTOCABINET  -fno-exceptions -fno-rtti  -std=c++11 -o CMakeFiles/cmTC_560db.dir/src.cxx.o -c /home/jeff-wang/LSM-tuning/comparedDBs/leveldb/build_release_f_32_C0_500/CMakeFiles/CMakeTmp/src.cxx
/home/jeff-wang/LSM-tuning/comparedDBs/leveldb/build_release_f_32_C0_500/CMakeFiles/CMakeTmp/src.cxx:2:10: fatal error: kcpolydb.h: No such file or directory
    2 | #include <kcpolydb.h>
      |          ^~~~~~~~~~~~
compilation terminated.
gmake[1]: *** [CMakeFiles/cmTC_560db.dir/build.make:78: CMakeFiles/cmTC_560db.dir/src.cxx.o] Error 1
gmake[1]: Leaving directory '/home/jeff-wang/LSM-tuning/comparedDBs/leveldb/build_release_f_32_C0_500/CMakeFiles/CMakeTmp'
gmake: *** [Makefile:127: cmTC_560db/fast] Error 2


Source file was:

#include <kcpolydb.h>

int main() {
  kyotocabinet::TreeDB* db = new kyotocabinet::TreeDB();
  delete db;
  return 0;
}
  
